args:Namespace(ann_path='/home/hhfan/code/pc/process/label/test_selected_4_uid_path_idx_dict.json', batch_size=160, depth=12, dim=7, dim_head=64, dropout=0.0, emb_dropout=0.0, epochs=200, heads=8, lr=0.01, lr_gamma=0.5, lr_milestones=[20, 35], lr_warmup_epochs=5, mlp_dim=512, model='PointNet', momentum=0.9, num_classes=908, num_points=4096, optimizer='SGD', output_dir='/mnt/data_sdb/pn_output/log1', pc_root='/mnt/data_sdb/obj', pool='cls', print_freq=40, process_data=False, resume='', save_interval=40, seed=0, split='train', start_epoch=0, use_normals=True, use_uniform_sample=False, weight_decay=0.0001, workers=16)
Creating data loaders ...
args:Namespace(ann_path='/home/hhfan/code/pc/process/label/test_selected_4_uid_path_idx_dict.json', batch_size=160, depth=12, dim=7, dim_head=64, dropout=0.0, emb_dropout=0.0, epochs=200, heads=8, lr=0.01, lr_gamma=0.5, lr_milestones=[20, 35], lr_warmup_epochs=5, mlp_dim=512, model='PointNet', momentum=0.9, num_classes=908, num_points=4096, optimizer='SGD', output_dir='/mnt/data_sdb/pn_output/log1', pc_root='/mnt/data_sdb/obj', pool='cls', print_freq=40, process_data=False, resume='', save_interval=40, seed=0, split='train', start_epoch=0, use_normals=True, use_uniform_sample=False, weight_decay=0.0001, workers=16)
Creating data loaders ...
Creating PointTransformer model ...
Creating PointTransformer model ...
Start training ...
Start training ...
Epoch: [0] [0/7] eta: 0:00:25 lr: 1.0000000000000001e-07 pcs/s: 65.026 loss: 7.0578 (7.0578) acc: 0.0000 (0.0000) time: 3.6779 data: 1.2170 max mem: 21074
Epoch: [0] [0/7] eta: 0:00:25 lr: 1.0000000000000001e-07 pcs/s: 66.078 loss: 6.9818 (6.9818) acc: 0.0000 (0.0000) time: 3.6782 data: 1.2564 max mem: 21074
Epoch: [0] Total time: 0:00:06
Epoch: [0] Total time: 0:00:06
mean accuray of epoch 0 is 0.0
mean accuray of epoch 0 is 0.08928571428571429
Epoch: [1] [0/7] eta: 0:00:11 lr: 0.002153924615384616 pcs/s: 350.259 loss: 6.9438 (6.9438) acc: 0.0000 (0.0000) time: 1.6806 data: 1.2234 max mem: 21099
Epoch: [1] [0/7] eta: 0:00:11 lr: 0.002153924615384616 pcs/s: 331.344 loss: 6.9734 (6.9734) acc: 0.0000 (0.0000) time: 1.6808 data: 1.1974 max mem: 21099
Epoch: [1] Total time: 0:00:04
Epoch: [1] Total time: 0:00:04
mean accuray of epoch 1 is 0.5357142857142857
mean accuray of epoch 1 is 0.35714285714285715
Epoch: [2] [0/7] eta: 0:00:13 lr: 0.0043077492307692315 pcs/s: 347.509 loss: 7.1703 (7.1703) acc: 1.2500 (1.2500) time: 1.8788 data: 1.4181 max mem: 21099Epoch: [2] [0/7] eta: 0:00:13 lr: 0.0043077492307692315 pcs/s: 285.661 loss: 7.1429 (7.1429) acc: 1.2500 (1.2500) time: 1.8788 data: 1.3183 max mem: 21099

Epoch: [2] Total time: 0:00:04
Epoch: [2] Total time: 0:00:04
mean accuray of epoch 2 is 1.0714285714285714
mean accuray of epoch 2 is 1.4285714285714286
Epoch: [3] [0/7] eta: 0:00:12 lr: 0.006461573846153847 pcs/s: 341.104 loss: 7.6594 (7.6594) acc: 1.2500 (1.2500) time: 1.8313 data: 1.3618 max mem: 21099
Epoch: [3] [0/7] eta: 0:00:12 lr: 0.006461573846153847 pcs/s: 303.327 loss: 7.6397 (7.6397) acc: 1.8750 (1.8750) time: 1.8345 data: 1.3066 max mem: 21099
Epoch: [3] Total time: 0:00:04Epoch: [3] Total time: 0:00:04

mean accuray of epoch 3 is 2.3214285714285716
mean accuray of epoch 3 is 1.6071428571428572
Epoch: [4] [0/7] eta: 0:00:12 lr: 0.008615398461538462 pcs/s: 341.168 loss: 7.9834 (7.9834) acc: 3.1250 (3.1250) time: 1.7578 data: 1.2885 max mem: 21099
Epoch: [4] [0/7] eta: 0:00:12 lr: 0.008615398461538462 pcs/s: 345.382 loss: 7.8155 (7.8155) acc: 5.6250 (5.6250) time: 1.7613 data: 1.2976 max mem: 21099
Epoch: [4] Total time: 0:00:04
mean accuray of epoch 4 is 5.089285714285714
Epoch: [4] Total time: 0:00:04
mean accuray of epoch 4 is 5.446428571428571
Epoch: [5] [0/7] eta: 0:00:12 lr: 0.01 pcs/s: 308.986 loss: 8.0220 (8.0220) acc: 5.6250 (5.6250) time: 1.8107 data: 1.2925 max mem: 21099
Epoch: [5] [0/7] eta: 0:00:12 lr: 0.01 pcs/s: 350.575 loss: 7.9344 (7.9344) acc: 6.8750 (6.8750) time: 1.8100 data: 1.3533 max mem: 21099
Epoch: [5] Total time: 0:00:04
Epoch: [5] Total time: 0:00:04
mean accuray of epoch 5 is 6.160714285714286
mean accuray of epoch 5 is 5.446428571428571
Epoch: [6] [0/7] eta: 0:00:12 lr: 0.01 pcs/s: 350.178 loss: 7.8517 (7.8517) acc: 4.3750 (4.3750) time: 1.7818 data: 1.3245 max mem: 21099Epoch: [6] [0/7] eta: 0:00:12 lr: 0.01 pcs/s: 330.585 loss: 7.6437 (7.6437) acc: 5.6250 (5.6250) time: 1.7812 data: 1.2969 max mem: 21099

Epoch: [6] Total time: 0:00:04Epoch: [6] Total time: 0:00:04

mean accuray of epoch 6 is 5.535714285714286mean accuray of epoch 6 is 5.892857142857143

Epoch: [7] [0/7] eta: 0:00:12 lr: 0.01 pcs/s: 310.629 loss: 7.3401 (7.3401) acc: 7.5000 (7.5000) time: 1.8096 data: 1.2941 max mem: 21099
Epoch: [7] [0/7] eta: 0:00:12 lr: 0.01 pcs/s: 344.147 loss: 7.2688 (7.2688) acc: 6.8750 (6.8750) time: 1.8096 data: 1.3443 max mem: 21099
Epoch: [7] Total time: 0:00:04
mean accuray of epoch 7 is 8.125
Epoch: [7] Total time: 0:00:04
mean accuray of epoch 7 is 7.321428571428571
Epoch: [8] [0/7] eta: 0:00:12 lr: 0.01 pcs/s: 347.843 loss: 7.1081 (7.1081) acc: 5.6250 (5.6250) time: 1.7632 data: 1.3029 max mem: 21099Epoch: [8] [0/7] eta: 0:00:12 lr: 0.01 pcs/s: 322.567 loss: 6.8924 (6.8924) acc: 8.1250 (8.1250) time: 1.7623 data: 1.2659 max mem: 21099

Epoch: [8] Total time: 0:00:04
Epoch: [8] Total time: 0:00:04
mean accuray of epoch 8 is 5.714285714285714
mean accuray of epoch 8 is 8.125
Epoch: [9] [0/7] eta: 0:00:12 lr: 0.01 pcs/s: 350.629 loss: 6.7009 (6.7009) acc: 6.2500 (6.2500) time: 1.7960 data: 1.3393 max mem: 21099
Epoch: [9] [0/7] eta: 0:00:12 lr: 0.01 pcs/s: 310.876 loss: 6.7288 (6.7288) acc: 7.5000 (7.5000) time: 1.7995 data: 1.2844 max mem: 21099
Epoch: [9] Total time: 0:00:04
Epoch: [9] Total time: 0:00:04
mean accuray of epoch 9 is 6.696428571428571
mean accuray of epoch 9 is 5.267857142857143
Epoch: [10] [0/7] eta: 0:00:12 lr: 0.01 pcs/s: 317.059 loss: 6.3071 (6.3071) acc: 9.3750 (9.3750) time: 1.7734 data: 1.2684 max mem: 21099
Epoch: [10] [0/7] eta: 0:00:12 lr: 0.01 pcs/s: 348.922 loss: 6.2424 (6.2424) acc: 12.5000 (12.5000) time: 1.7767 data: 1.3177 max mem: 21099
Epoch: [10] Total time: 0:00:04
Epoch: [10] Total time: 0:00:04
mean accuray of epoch 10 is 7.142857142857143
mean accuray of epoch 10 is 6.25
Epoch: [11] [0/7] eta: 0:00:12 lr: 0.01 pcs/s: 320.917 loss: 6.2897 (6.2897) acc: 6.8750 (6.8750) time: 1.7683 data: 1.2694 max mem: 21099
Epoch: [11] [0/7] eta: 0:00:12 lr: 0.01 pcs/s: 345.729 loss: 6.3508 (6.3508) acc: 7.5000 (7.5000) time: 1.7699 data: 1.3067 max mem: 21099
Epoch: [11] Total time: 0:00:04
Epoch: [11] Total time: 0:00:04
mean accuray of epoch 11 is 6.25
mean accuray of epoch 11 is 6.875
Epoch: [12] [0/7] eta: 0:00:12 lr: 0.01 pcs/s: 347.280 loss: 6.4431 (6.4431) acc: 6.2500 (6.2500) time: 1.8003 data: 1.3392 max mem: 21099Epoch: [12] [0/7] eta: 0:00:12 lr: 0.01 pcs/s: 313.428 loss: 6.0217 (6.0217) acc: 8.1250 (8.1250) time: 1.8007 data: 1.2899 max mem: 21099

Epoch: [12] Total time: 0:00:04
Epoch: [12] Total time: 0:00:04
mean accuray of epoch 12 is 6.160714285714286
mean accuray of epoch 12 is 6.696428571428571
Epoch: [13] [0/7] eta: 0:00:14 lr: 0.01 pcs/s: 248.685 loss: 6.0594 (6.0594) acc: 6.8750 (6.8750) time: 2.0451 data: 1.4013 max mem: 21099Epoch: [13] [0/7] eta: 0:00:14 lr: 0.01 pcs/s: 343.133 loss: 5.8427 (5.8427) acc: 11.2500 (11.2500) time: 2.0466 data: 1.5799 max mem: 21099

Epoch: [13] Total time: 0:00:05
mean accuray of epoch 13 is 6.696428571428571
Epoch: [13] Total time: 0:00:05
mean accuray of epoch 13 is 7.678571428571429
Epoch: [14] [0/7] eta: 0:00:14 lr: 0.01 pcs/s: 343.975 loss: 6.0359 (6.0359) acc: 7.5000 (7.5000) time: 2.0528 data: 1.5873 max mem: 21099Epoch: [14] [0/7] eta: 0:00:14 lr: 0.01 pcs/s: 264.192 loss: 6.0207 (6.0207) acc: 7.5000 (7.5000) time: 2.0537 data: 1.4477 max mem: 21099

Epoch: [14] Total time: 0:00:05
mean accuray of epoch 14 is 6.428571428571429
Epoch: [14] Total time: 0:00:05
mean accuray of epoch 14 is 6.160714285714286
Epoch: [15] [0/7] eta: 0:00:13 lr: 0.01 pcs/s: 314.667 loss: 6.0967 (6.0967) acc: 5.0000 (5.0000) time: 1.9717 data: 1.4628 max mem: 21099
Epoch: [15] [0/7] eta: 0:00:13 lr: 0.01 pcs/s: 259.298 loss: 6.1118 (6.1118) acc: 4.3750 (4.3750) time: 1.9724 data: 1.3549 max mem: 21099
Epoch: [15] Total time: 0:00:05
Epoch: [15] Total time: 0:00:05
mean accuray of epoch 15 is 5.714285714285714
mean accuray of epoch 15 is 6.25
Epoch: [16] [0/7] eta: 0:00:15 lr: 0.01 pcs/s: 239.700 loss: 6.0490 (6.0490) acc: 2.5000 (2.5000) time: 2.1562 data: 1.4883 max mem: 21099
Epoch: [16] [0/7] eta: 0:00:15 lr: 0.01 pcs/s: 313.137 loss: 6.0559 (6.0559) acc: 7.5000 (7.5000) time: 2.1587 data: 1.6474 max mem: 21099
Epoch: [16] Total time: 0:00:05
mean accuray of epoch 16 is 6.875
Epoch: [16] Total time: 0:00:05
mean accuray of epoch 16 is 6.964285714285714
Epoch: [17] [0/7] eta: 0:00:13 lr: 0.01 pcs/s: 337.273 loss: 6.1495 (6.1495) acc: 6.8750 (6.8750) time: 1.9304 data: 1.4557 max mem: 21099Epoch: [17] [0/7] eta: 0:00:13 lr: 0.01 pcs/s: 264.989 loss: 6.0072 (6.0072) acc: 4.3750 (4.3750) time: 1.9312 data: 1.3269 max mem: 21099

Epoch: [17] Total time: 0:00:04
mean accuray of epoch 17 is 7.142857142857143
Epoch: [17] Total time: 0:00:04
mean accuray of epoch 17 is 6.696428571428571
Epoch: [18] [0/7] eta: 0:00:13 lr: 0.01 pcs/s: 306.596 loss: 6.1067 (6.1067) acc: 5.6250 (5.6250) time: 1.8726 data: 1.3504 max mem: 21099Epoch: [18] [0/7] eta: 0:00:13 lr: 0.01 pcs/s: 340.943 loss: 5.9981 (5.9981) acc: 3.7500 (3.7500) time: 1.8767 data: 1.4071 max mem: 21099

Epoch: [18] Total time: 0:00:04
Epoch: [18] Total time: 0:00:04
mean accuray of epoch 18 is 7.232142857142857
mean accuray of epoch 18 is 6.517857142857143
Epoch: [19] [0/7] eta: 0:00:14 lr: 0.005 pcs/s: 340.294 loss: 5.9227 (5.9227) acc: 8.7500 (8.7500) time: 2.1034 data: 1.6328 max mem: 21099Epoch: [19] [0/7] eta: 0:00:14 lr: 0.005 pcs/s: 271.318 loss: 6.0873 (6.0873) acc: 4.3750 (4.3750) time: 2.1013 data: 1.5112 max mem: 21099

Epoch: [19] Total time: 0:00:05
Epoch: [19] Total time: 0:00:05
mean accuray of epoch 19 is 7.5
mean accuray of epoch 19 is 5.803571428571429
Epoch: [20] [0/7] eta: 0:00:13 lr: 0.005 pcs/s: 252.010 loss: 6.0386 (6.0386) acc: 11.2500 (11.2500) time: 1.9624 data: 1.3271 max mem: 21099
Epoch: [20] [0/7] eta: 0:00:13 lr: 0.005 pcs/s: 302.978 loss: 5.9099 (5.9099) acc: 5.6250 (5.6250) time: 1.9629 data: 1.4344 max mem: 21099
Epoch: [20] Total time: 0:00:04
Epoch: [20] Total time: 0:00:04
mean accuray of epoch 20 is 7.5
mean accuray of epoch 20 is 6.607142857142857
Epoch: [21] [0/7] eta: 0:00:13 lr: 0.005 pcs/s: 338.545 loss: 6.1565 (6.1565) acc: 6.8750 (6.8750) time: 1.9678 data: 1.4948 max mem: 21099Epoch: [21] [0/7] eta: 0:00:13 lr: 0.005 pcs/s: 259.525 loss: 6.1604 (6.1604) acc: 9.3750 (9.3750) time: 1.9683 data: 1.3513 max mem: 21099

Epoch: [21] Total time: 0:00:05
Epoch: [21] Total time: 0:00:05
mean accuray of epoch 21 is 6.696428571428571
mean accuray of epoch 21 is 7.142857142857143
Epoch: [22] [0/7] eta: 0:00:13 lr: 0.005 pcs/s: 295.077 loss: 6.0553 (6.0553) acc: 5.6250 (5.6250) time: 1.8983 data: 1.3556 max mem: 21099
Epoch: [22] [0/7] eta: 0:00:13 lr: 0.005 pcs/s: 330.488 loss: 6.1748 (6.1748) acc: 6.8750 (6.8750) time: 1.8987 data: 1.4141 max mem: 21099
Epoch: [22] Total time: 0:00:04
Epoch: [22] Total time: 0:00:04
mean accuray of epoch 22 is 7.410714285714286
mean accuray of epoch 22 is 7.767857142857143
Epoch: [23] [0/7] eta: 0:00:13 lr: 0.005 pcs/s: 293.451 loss: 5.9634 (5.9634) acc: 5.0000 (5.0000) time: 1.8642 data: 1.3186 max mem: 21099
Epoch: [23] [0/7] eta: 0:00:13 lr: 0.005 pcs/s: 343.822 loss: 6.0206 (6.0206) acc: 8.1250 (8.1250) time: 1.8639 data: 1.3982 max mem: 21099
Epoch: [23] Total time: 0:00:04
Epoch: [23] Total time: 0:00:04
mean accuray of epoch 23 is 7.678571428571429
mean accuray of epoch 23 is 5.446428571428571
Epoch: [24] [0/7] eta: 0:00:12 lr: 0.005 pcs/s: 335.515 loss: 6.0771 (6.0771) acc: 6.8750 (6.8750) time: 1.7907 data: 1.3135 max mem: 21099
Epoch: [24] [0/7] eta: 0:00:12 lr: 0.005 pcs/s: 306.927 loss: 5.8271 (5.8271) acc: 10.6250 (10.6250) time: 1.7910 data: 1.2694 max mem: 21099
Epoch: [24] Total time: 0:00:04
Epoch: [24] Total time: 0:00:04
mean accuray of epoch 24 is 6.875
mean accuray of epoch 24 is 7.321428571428571
Epoch: [25] [0/7] eta: 0:00:12 lr: 0.005 pcs/s: 328.700 loss: 6.0172 (6.0172) acc: 7.5000 (7.5000) time: 1.8436 data: 1.3565 max mem: 21099
Epoch: [25] [0/7] eta: 0:00:12 lr: 0.005 pcs/s: 313.317 loss: 6.2492 (6.2492) acc: 1.2500 (1.2500) time: 1.8404 data: 1.3293 max mem: 21099
Epoch: [25] Total time: 0:00:04
Epoch: [25] Total time: 0:00:04
mean accuray of epoch 25 is 6.517857142857143
mean accuray of epoch 25 is 6.428571428571429
Epoch: [26] [0/7] eta: 0:00:12 lr: 0.005 pcs/s: 318.234 loss: 5.9969 (5.9969) acc: 9.3750 (9.3750) time: 1.8089 data: 1.3058 max mem: 21099
Epoch: [26] [0/7] eta: 0:00:12 lr: 0.005 pcs/s: 343.722 loss: 6.0327 (6.0327) acc: 6.8750 (6.8750) time: 1.8046 data: 1.3387 max mem: 21099
Epoch: [26] Total time: 0:00:04
Epoch: [26] Total time: 0:00:04
mean accuray of epoch 26 is 6.428571428571429
mean accuray of epoch 26 is 5.446428571428571
Epoch: [27] [0/7] eta: 0:00:12 lr: 0.005 pcs/s: 308.692 loss: 6.1934 (6.1934) acc: 4.3750 (4.3750) time: 1.8496 data: 1.3309 max mem: 21099Epoch: [27] [0/7] eta: 0:00:12 lr: 0.005 pcs/s: 341.743 loss: 5.9398 (5.9398) acc: 6.8750 (6.8750) time: 1.8496 data: 1.3811 max mem: 21099

Epoch: [27] Total time: 0:00:04
mean accuray of epoch 27 is 7.321428571428571
Epoch: [27] Total time: 0:00:04
mean accuray of epoch 27 is 7.232142857142857
Epoch: [28] [0/7] eta: 0:00:12 lr: 0.005 pcs/s: 339.831 loss: 6.0404 (6.0404) acc: 3.7500 (3.7500) time: 1.8367 data: 1.3656 max mem: 21099
Epoch: [28] [0/7] eta: 0:00:12 lr: 0.005 pcs/s: 312.654 loss: 5.9225 (5.9225) acc: 5.6250 (5.6250) time: 1.8351 data: 1.3229 max mem: 21099
Epoch: [28] Total time: 0:00:04
mean accuray of epoch 28 is 6.696428571428571
Epoch: [28] Total time: 0:00:04
mean accuray of epoch 28 is 6.785714285714286
Epoch: [29] [0/7] eta: 0:00:12 lr: 0.005 pcs/s: 343.312 loss: 5.6727 (5.6727) acc: 5.0000 (5.0000) time: 1.8516 data: 1.3852 max mem: 21099Epoch: [29] [0/7] eta: 0:00:12 lr: 0.005 pcs/s: 306.562 loss: 5.9331 (5.9331) acc: 6.2500 (6.2500) time: 1.8570 data: 1.3347 max mem: 21099

Epoch: [29] Total time: 0:00:04
Epoch: [29] Total time: 0:00:04
mean accuray of epoch 29 is 5.982142857142857
mean accuray of epoch 29 is 6.785714285714286
Epoch: [30] [0/7] eta: 0:00:12 lr: 0.005 pcs/s: 329.731 loss: 5.8079 (5.8079) acc: 5.6250 (5.6250) time: 1.7985 data: 1.3130 max mem: 21099
Epoch: [30] [0/7] eta: 0:00:12 lr: 0.005 pcs/s: 346.771 loss: 5.8673 (5.8673) acc: 9.3750 (9.3750) time: 1.8017 data: 1.3399 max mem: 21099
Epoch: [30] Total time: 0:00:04
Epoch: [30] Total time: 0:00:04
mean accuray of epoch 30 is 7.589285714285714
mean accuray of epoch 30 is 6.517857142857143
Epoch: [31] [0/7] eta: 0:00:12 lr: 0.005 pcs/s: 315.253 loss: 6.1795 (6.1795) acc: 5.0000 (5.0000) time: 1.8504 data: 1.3425 max mem: 21099
Epoch: [31] [0/7] eta: 0:00:12 lr: 0.005 pcs/s: 341.422 loss: 5.7669 (5.7669) acc: 9.3750 (9.3750) time: 1.8504 data: 1.3815 max mem: 21099
Epoch: [31] Total time: 0:00:04
Epoch: [31] Total time: 0:00:04
mean accuray of epoch 31 is 7.321428571428571
mean accuray of epoch 31 is 6.339285714285714
Epoch: [32] [0/7] eta: 0:00:12 lr: 0.005 pcs/s: 321.332 loss: 5.6810 (5.6810) acc: 7.5000 (7.5000) time: 1.7948 data: 1.2966 max mem: 21099
Epoch: [32] [0/7] eta: 0:00:12 lr: 0.005 pcs/s: 348.244 loss: 5.7511 (5.7511) acc: 7.5000 (7.5000) time: 1.7950 data: 1.3352 max mem: 21099
Epoch: [32] Total time: 0:00:04
mean accuray of epoch 32 is 5.982142857142857
Epoch: [32] Total time: 0:00:04
mean accuray of epoch 32 is 6.964285714285714
Epoch: [33] [0/7] eta: 0:00:12 lr: 0.0025 pcs/s: 313.628 loss: 6.0101 (6.0101) acc: 5.6250 (5.6250) time: 1.8340 data: 1.3235 max mem: 21099
Epoch: [33] [0/7] eta: 0:00:12 lr: 0.0025 pcs/s: 348.264 loss: 5.7018 (5.7018) acc: 7.5000 (7.5000) time: 1.8349 data: 1.3751 max mem: 21099
Epoch: [33] Total time: 0:00:04
Epoch: [33] Total time: 0:00:04
mean accuray of epoch 33 is 6.875
mean accuray of epoch 33 is 7.142857142857143
Epoch: [34] [0/7] eta: 0:00:12 lr: 0.0025 pcs/s: 349.535 loss: 5.6245 (5.6245) acc: 6.8750 (6.8750) time: 1.8080 data: 1.3499 max mem: 21099
Epoch: [34] [0/7] eta: 0:00:12 lr: 0.0025 pcs/s: 321.934 loss: 5.7215 (5.7215) acc: 7.5000 (7.5000) time: 1.8080 data: 1.3106 max mem: 21099
Epoch: [34] Total time: 0:00:04
Epoch: [34] Total time: 0:00:04
mean accuray of epoch 34 is 5.714285714285714
mean accuray of epoch 34 is 6.428571428571429
Epoch: [35] [0/7] eta: 0:00:12 lr: 0.0025 pcs/s: 341.140 loss: 5.8018 (5.8018) acc: 6.8750 (6.8750) time: 1.8271 data: 1.3578 max mem: 21099
Epoch: [35] [0/7] eta: 0:00:12 lr: 0.0025 pcs/s: 345.059 loss: 5.6749 (5.6749) acc: 8.1250 (8.1250) time: 1.8271 data: 1.3630 max mem: 21099
Epoch: [35] Total time: 0:00:04Epoch: [35] Total time: 0:00:04

mean accuray of epoch 35 is 6.696428571428571mean accuray of epoch 35 is 5.535714285714286

Epoch: [36] [0/7] eta: 0:00:12 lr: 0.0025 pcs/s: 344.888 loss: 5.8439 (5.8439) acc: 3.1250 (3.1250) time: 1.7851 data: 1.3209 max mem: 21099Epoch: [36] [0/7] eta: 0:00:12 lr: 0.0025 pcs/s: 335.746 loss: 5.7504 (5.7504) acc: 7.5000 (7.5000) time: 1.7852 data: 1.3083 max mem: 21099

Epoch: [36] Total time: 0:00:04
Epoch: [36] Total time: 0:00:04
mean accuray of epoch 36 is 7.946428571428571
mean accuray of epoch 36 is 6.785714285714286
Epoch: [37] [0/7] eta: 0:00:13 lr: 0.0025 pcs/s: 324.309 loss: 5.9951 (5.9951) acc: 4.3750 (4.3750) time: 1.9871 data: 1.4934 max mem: 21099
Epoch: [37] [0/7] eta: 0:00:13 lr: 0.0025 pcs/s: 332.230 loss: 5.6737 (5.6737) acc: 6.2500 (6.2500) time: 1.9873 data: 1.5052 max mem: 21099
Epoch: [37] Total time: 0:00:05
Epoch: [37] Total time: 0:00:05
mean accuray of epoch 37 is 6.607142857142857
mean accuray of epoch 37 is 6.160714285714286
Epoch: [38] [0/7] eta: 0:00:12 lr: 0.0025 pcs/s: 344.184 loss: 5.8806 (5.8806) acc: 3.7500 (3.7500) time: 1.8299 data: 1.3647 max mem: 21099
Epoch: [38] [0/7] eta: 0:00:12 lr: 0.0025 pcs/s: 327.088 loss: 6.1162 (6.1162) acc: 8.1250 (8.1250) time: 1.8301 data: 1.3406 max mem: 21099
Epoch: [38] Total time: 0:00:04Epoch: [38] Total time: 0:00:04

mean accuray of epoch 38 is 6.339285714285714
mean accuray of epoch 38 is 7.142857142857143
Epoch: [39] [0/7] eta: 0:00:12 lr: 0.0025 pcs/s: 344.834 loss: 5.7456 (5.7456) acc: 7.5000 (7.5000) time: 1.8369 data: 1.3725 max mem: 21099Epoch: [39] [0/7] eta: 0:00:12 lr: 0.0025 pcs/s: 346.285 loss: 5.7343 (5.7343) acc: 6.8750 (6.8750) time: 1.8369 data: 1.3745 max mem: 21099

Epoch: [39] Total time: 0:00:04
Epoch: [39] Total time: 0:00:04
mean accuray of epoch 39 is 6.964285714285714
mean accuray of epoch 39 is 6.696428571428571
Epoch: [40] [0/7] eta: 0:00:13 lr: 0.0025 pcs/s: 237.668 loss: 5.7297 (5.7297) acc: 11.8750 (11.8750) time: 1.9333 data: 1.2597 max mem: 21099
Epoch: [40] [0/7] eta: 0:00:12 lr: 0.0025 pcs/s: 348.132 loss: 5.8972 (5.8972) acc: 7.5000 (7.5000) time: 1.8006 data: 1.3406 max mem: 21099
Epoch: [40] Total time: 0:00:04
Epoch: [40] Total time: 0:00:04
mean accuray of epoch 40 is 6.071428571428571
mean accuray of epoch 40 is 6.964285714285714
Epoch: [41] [0/7] eta: 0:00:12 lr: 0.0025 pcs/s: 313.371 loss: 5.7817 (5.7817) acc: 8.1250 (8.1250) time: 1.8142 data: 1.3032 max mem: 21099
Epoch: [41] [0/7] eta: 0:00:12 lr: 0.0025 pcs/s: 346.477 loss: 5.3988 (5.3988) acc: 10.6250 (10.6250) time: 1.8142 data: 1.3520 max mem: 21099
Epoch: [41] Total time: 0:00:04
Epoch: [41] Total time: 0:00:04
mean accuray of epoch 41 is 7.589285714285714
mean accuray of epoch 41 is 6.428571428571429
Epoch: [42] [0/7] eta: 0:00:12 lr: 0.0025 pcs/s: 326.347 loss: 5.7822 (5.7822) acc: 6.2500 (6.2500) time: 1.8002 data: 1.3096 max mem: 21099Epoch: [42] [0/7] eta: 0:00:12 lr: 0.0025 pcs/s: 344.198 loss: 5.9202 (5.9202) acc: 5.6250 (5.6250) time: 1.8048 data: 1.3396 max mem: 21099

Epoch: [42] Total time: 0:00:04Epoch: [42] Total time: 0:00:04

mean accuray of epoch 42 is 7.232142857142857
mean accuray of epoch 42 is 6.607142857142857
Epoch: [43] [0/7] eta: 0:00:12 lr: 0.0025 pcs/s: 311.480 loss: 5.7962 (5.7962) acc: 6.8750 (6.8750) time: 1.8058 data: 1.2918 max mem: 21099Epoch: [43] [0/7] eta: 0:00:12 lr: 0.0025 pcs/s: 349.286 loss: 5.6954 (5.6954) acc: 7.5000 (7.5000) time: 1.8059 data: 1.3474 max mem: 21099

Epoch: [43] Total time: 0:00:04Epoch: [43] Total time: 0:00:04

mean accuray of epoch 43 is 6.160714285714286mean accuray of epoch 43 is 7.321428571428571

Epoch: [44] [0/7] eta: 0:00:12 lr: 0.0025 pcs/s: 349.035 loss: 5.8664 (5.8664) acc: 4.3750 (4.3750) time: 1.7708 data: 1.3121 max mem: 21099
Epoch: [44] [0/7] eta: 0:00:12 lr: 0.0025 pcs/s: 326.881 loss: 5.5768 (5.5768) acc: 6.8750 (6.8750) time: 1.7709 data: 1.2810 max mem: 21099
Epoch: [44] Total time: 0:00:04
mean accuray of epoch 44 is 7.321428571428571
Epoch: [44] Total time: 0:00:04
mean accuray of epoch 44 is 5.892857142857143
Epoch: [45] [0/7] eta: 0:00:12 lr: 0.0025 pcs/s: 343.931 loss: 5.7812 (5.7812) acc: 6.8750 (6.8750) time: 1.8179 data: 1.3523 max mem: 21099
Epoch: [45] [0/7] eta: 0:00:12 lr: 0.0025 pcs/s: 334.467 loss: 5.8579 (5.8579) acc: 5.0000 (5.0000) time: 1.8171 data: 1.3384 max mem: 21099
Epoch: [45] Total time: 0:00:04
Epoch: [45] Total time: 0:00:04
mean accuray of epoch 45 is 6.071428571428571
mean accuray of epoch 45 is 6.875
Epoch: [46] [0/7] eta: 0:00:12 lr: 0.0025 pcs/s: 349.144 loss: 5.4781 (5.4781) acc: 7.5000 (7.5000) time: 1.7862 data: 1.3275 max mem: 21099
Epoch: [46] [0/7] eta: 0:00:12 lr: 0.0025 pcs/s: 318.732 loss: 5.6452 (5.6452) acc: 8.1250 (8.1250) time: 1.7828 data: 1.2804 max mem: 21099
Epoch: [46] Total time: 0:00:04
Epoch: [46] Total time: 0:00:04
mean accuray of epoch 46 is 7.142857142857143
mean accuray of epoch 46 is 8.571428571428571
Epoch: [47] [0/7] eta: 0:00:12 lr: 0.0025 pcs/s: 319.852 loss: 5.8298 (5.8298) acc: 5.0000 (5.0000) time: 1.8115 data: 1.3110 max mem: 21099Epoch: [47] [0/7] eta: 0:00:12 lr: 0.0025 pcs/s: 347.987 loss: 5.8001 (5.8001) acc: 6.8750 (6.8750) time: 1.8115 data: 1.3514 max mem: 21099

Epoch: [47] Total time: 0:00:04Epoch: [47] Total time: 0:00:04

mean accuray of epoch 47 is 6.607142857142857
mean accuray of epoch 47 is 7.053571428571429
Epoch: [48] [0/7] eta: 0:00:12 lr: 0.0025 pcs/s: 346.862 loss: 5.7273 (5.7273) acc: 6.8750 (6.8750) time: 1.8285 data: 1.3669 max mem: 21099Epoch: [48] [0/7] eta: 0:00:12 lr: 0.0025 pcs/s: 314.396 loss: 5.7969 (5.7969) acc: 3.1250 (3.1250) time: 1.8286 data: 1.3194 max mem: 21099

Epoch: [48] Total time: 0:00:04
mean accuray of epoch 48 is 6.696428571428571
Epoch: [48] Total time: 0:00:04
mean accuray of epoch 48 is 7.053571428571429
Epoch: [49] [0/7] eta: 0:00:12 lr: 0.0025 pcs/s: 346.768 loss: 5.7442 (5.7442) acc: 5.6250 (5.6250) time: 1.8158 data: 1.3540 max mem: 21099Epoch: [49] [0/7] eta: 0:00:12 lr: 0.0025 pcs/s: 333.703 loss: 5.6830 (5.6830) acc: 8.7500 (8.7500) time: 1.8128 data: 1.3330 max mem: 21099

Epoch: [49] Total time: 0:00:04
Epoch: [49] Total time: 0:00:04
mean accuray of epoch 49 is 6.517857142857143
mean accuray of epoch 49 is 6.428571428571429
Epoch: [50] [0/7] eta: 0:00:12 lr: 0.0025 pcs/s: 316.277 loss: 5.4748 (5.4748) acc: 7.5000 (7.5000) time: 1.7562 data: 1.2500 max mem: 21099
Epoch: [50] [0/7] eta: 0:00:12 lr: 0.0025 pcs/s: 347.800 loss: 5.5248 (5.5248) acc: 8.7500 (8.7500) time: 1.7563 data: 1.2959 max mem: 21099
Epoch: [50] Total time: 0:00:04
Epoch: [50] Total time: 0:00:04
mean accuray of epoch 50 is 6.875
mean accuray of epoch 50 is 7.142857142857143
Epoch: [51] [0/7] eta: 0:00:12 lr: 0.0025 pcs/s: 350.031 loss: 5.5766 (5.5766) acc: 9.3750 (9.3750) time: 1.8488 data: 1.3914 max mem: 21099Epoch: [51] [0/7] eta: 0:00:12 lr: 0.0025 pcs/s: 302.876 loss: 5.8936 (5.8936) acc: 8.7500 (8.7500) time: 1.8488 data: 1.3202 max mem: 21099

Epoch: [51] Total time: 0:00:04
Epoch: [51] Total time: 0:00:04
mean accuray of epoch 51 is 6.607142857142857
mean accuray of epoch 51 is 7.5
Epoch: [52] [0/7] eta: 0:00:12 lr: 0.0025 pcs/s: 343.834 loss: 5.8392 (5.8392) acc: 7.5000 (7.5000) time: 1.8483 data: 1.3826 max mem: 21099Epoch: [52] [0/7] eta: 0:00:12 lr: 0.0025 pcs/s: 321.754 loss: 5.5829 (5.5829) acc: 7.5000 (7.5000) time: 1.8483 data: 1.3507 max mem: 21099

Epoch: [52] Total time: 0:00:04Epoch: [52] Total time: 0:00:04

mean accuray of epoch 52 is 6.160714285714286
mean accuray of epoch 52 is 6.607142857142857
Epoch: [53] [0/7] eta: 0:00:13 lr: 0.0025 pcs/s: 345.106 loss: 5.8811 (5.8811) acc: 6.2500 (6.2500) time: 1.9315 data: 1.4676 max mem: 21099Epoch: [53] [0/7] eta: 0:00:13 lr: 0.0025 pcs/s: 273.339 loss: 5.5377 (5.5377) acc: 5.6250 (5.6250) time: 1.9315 data: 1.3459 max mem: 21099

Epoch: [53] Total time: 0:00:04Epoch: [53] Total time: 0:00:04

mean accuray of epoch 53 is 6.428571428571429
mean accuray of epoch 53 is 6.696428571428571
Epoch: [54] [0/7] eta: 0:00:12 lr: 0.0025 pcs/s: 321.887 loss: 5.6168 (5.6168) acc: 5.6250 (5.6250) time: 1.8250 data: 1.3276 max mem: 21099
Epoch: [54] [0/7] eta: 0:00:12 lr: 0.0025 pcs/s: 341.414 loss: 5.6186 (5.6186) acc: 5.6250 (5.6250) time: 1.8252 data: 1.3562 max mem: 21099
Epoch: [54] Total time: 0:00:04
mean accuray of epoch 54 is 6.785714285714286
Epoch: [54] Total time: 0:00:04
mean accuray of epoch 54 is 6.428571428571429
Epoch: [55] [0/7] eta: 0:00:12 lr: 0.0025 pcs/s: 307.891 loss: 5.9204 (5.9204) acc: 5.0000 (5.0000) time: 1.8232 data: 1.3032 max mem: 21099
Epoch: [55] [0/7] eta: 0:00:12 lr: 0.0025 pcs/s: 340.965 loss: 5.5559 (5.5559) acc: 8.7500 (8.7500) time: 1.8213 data: 1.3517 max mem: 21099
Epoch: [55] Total time: 0:00:04
Epoch: [55] Total time: 0:00:04
mean accuray of epoch 55 is 6.696428571428571
mean accuray of epoch 55 is 6.428571428571429
Epoch: [56] [0/7] eta: 0:00:12 lr: 0.0025 pcs/s: 306.407 loss: 5.6625 (5.6625) acc: 6.2500 (6.2500) time: 1.8016 data: 1.2790 max mem: 21099
Epoch: [56] [0/7] eta: 0:00:12 lr: 0.0025 pcs/s: 346.809 loss: 5.3066 (5.3066) acc: 8.1250 (8.1250) time: 1.8014 data: 1.3397 max mem: 21099
Epoch: [56] Total time: 0:00:04
mean accuray of epoch 56 is 6.607142857142857
Epoch: [56] Total time: 0:00:04
mean accuray of epoch 56 is 6.25
Epoch: [57] [0/7] eta: 0:00:12 lr: 0.0025 pcs/s: 340.119 loss: 5.4458 (5.4458) acc: 10.0000 (10.0000) time: 1.8158 data: 1.3451 max mem: 21099
Epoch: [57] [0/7] eta: 0:00:12 lr: 0.0025 pcs/s: 304.879 loss: 5.8051 (5.8051) acc: 5.6250 (5.6250) time: 1.8140 data: 1.2889 max mem: 21099
Epoch: [57] Total time: 0:00:04Epoch: [57] Total time: 0:00:04

mean accuray of epoch 57 is 6.607142857142857
mean accuray of epoch 57 is 7.142857142857143
Epoch: [58] [0/7] eta: 0:00:12 lr: 0.0025 pcs/s: 305.859 loss: 5.8650 (5.8650) acc: 4.3750 (4.3750) time: 1.8356 data: 1.3122 max mem: 21099
Epoch: [58] [0/7] eta: 0:00:12 lr: 0.0025 pcs/s: 335.000 loss: 5.7704 (5.7704) acc: 8.7500 (8.7500) time: 1.8356 data: 1.3576 max mem: 21099
Epoch: [58] Total time: 0:00:04
Epoch: [58] Total time: 0:00:04
mean accuray of epoch 58 is 6.160714285714286
mean accuray of epoch 58 is 6.696428571428571
Epoch: [59] [0/7] eta: 0:00:12 lr: 0.0025 pcs/s: 341.996 loss: 5.7567 (5.7567) acc: 6.8750 (6.8750) time: 1.8385 data: 1.3703 max mem: 21099Epoch: [59] [0/7] eta: 0:00:12 lr: 0.0025 pcs/s: 336.891 loss: 5.7300 (5.7300) acc: 6.2500 (6.2500) time: 1.8383 data: 1.3631 max mem: 21099

Epoch: [59] Total time: 0:00:04Epoch: [59] Total time: 0:00:04

mean accuray of epoch 59 is 6.25
mean accuray of epoch 59 is 5.357142857142857
Epoch: [60] [0/7] eta: 0:00:12 lr: 0.0025 pcs/s: 303.274 loss: 5.7663 (5.7663) acc: 5.0000 (5.0000) time: 1.8477 data: 1.3198 max mem: 21099Epoch: [60] [0/7] eta: 0:00:12 lr: 0.0025 pcs/s: 339.843 loss: 5.6994 (5.6994) acc: 7.5000 (7.5000) time: 1.8477 data: 1.3766 max mem: 21099

Epoch: [60] Total time: 0:00:04
Epoch: [60] Total time: 0:00:04
mean accuray of epoch 60 is 7.053571428571429
mean accuray of epoch 60 is 5.892857142857143
Epoch: [61] [0/7] eta: 0:00:12 lr: 0.0025 pcs/s: 320.046 loss: 5.5003 (5.5003) acc: 6.8750 (6.8750) time: 1.8388 data: 1.3385 max mem: 21099Epoch: [61] [0/7] eta: 0:00:12 lr: 0.0025 pcs/s: 348.321 loss: 5.5908 (5.5908) acc: 8.1250 (8.1250) time: 1.8354 data: 1.3758 max mem: 21099

Epoch: [61] Total time: 0:00:04
mean accuray of epoch 61 is 6.875
Epoch: [61] Total time: 0:00:04
mean accuray of epoch 61 is 6.25
Epoch: [62] [0/7] eta: 0:00:12 lr: 0.0025 pcs/s: 349.396 loss: 5.7501 (5.7501) acc: 4.3750 (4.3750) time: 1.7855 data: 1.3273 max mem: 21099Epoch: [62] [0/7] eta: 0:00:12 lr: 0.0025 pcs/s: 330.639 loss: 6.0389 (6.0389) acc: 5.0000 (5.0000) time: 1.7851 data: 1.3009 max mem: 21099

Epoch: [62] Total time: 0:00:04
Epoch: [62] Total time: 0:00:04
mean accuray of epoch 62 is 6.517857142857143
mean accuray of epoch 62 is 7.232142857142857
Epoch: [63] [0/7] eta: 0:00:12 lr: 0.0025 pcs/s: 335.555 loss: 5.6590 (5.6590) acc: 1.8750 (1.8750) time: 1.8329 data: 1.3557 max mem: 21099
Epoch: [63] [0/7] eta: 0:00:12 lr: 0.0025 pcs/s: 343.562 loss: 5.4774 (5.4774) acc: 9.3750 (9.3750) time: 1.8294 data: 1.3634 max mem: 21099
Epoch: [63] Total time: 0:00:04
Epoch: [63] Total time: 0:00:04
mean accuray of epoch 63 is 6.875
mean accuray of epoch 63 is 5.982142857142857
Epoch: [64] [0/7] eta: 0:00:12 lr: 0.0025 pcs/s: 280.828 loss: 5.8850 (5.8850) acc: 3.7500 (3.7500) time: 1.8269 data: 1.2568 max mem: 21099Epoch: [64] [0/7] eta: 0:00:12 lr: 0.0025 pcs/s: 351.193 loss: 5.6572 (5.6572) acc: 8.1250 (8.1250) time: 1.8265 data: 1.3706 max mem: 21099

Epoch: [64] Total time: 0:00:04Epoch: [64] Total time: 0:00:04

mean accuray of epoch 64 is 5.178571428571429
mean accuray of epoch 64 is 6.517857142857143
Epoch: [65] [0/7] eta: 0:00:12 lr: 0.0025 pcs/s: 345.195 loss: 5.7366 (5.7366) acc: 5.6250 (5.6250) time: 1.8122 data: 1.3483 max mem: 21099Epoch: [65] [0/7] eta: 0:00:12 lr: 0.0025 pcs/s: 318.630 loss: 5.5863 (5.5863) acc: 6.2500 (6.2500) time: 1.8121 data: 1.3097 max mem: 21099

Epoch: [65] Total time: 0:00:04
mean accuray of epoch 65 is 5.982142857142857
Epoch: [65] Total time: 0:00:04
mean accuray of epoch 65 is 6.25
Epoch: [66] [0/7] eta: 0:00:12 lr: 0.0025 pcs/s: 348.628 loss: 5.7244 (5.7244) acc: 8.1250 (8.1250) time: 1.7933 data: 1.3340 max mem: 21099Epoch: [66] [0/7] eta: 0:00:12 lr: 0.0025 pcs/s: 330.293 loss: 5.6894 (5.6894) acc: 9.3750 (9.3750) time: 1.7975 data: 1.3127 max mem: 21099

Epoch: [66] Total time: 0:00:04Epoch: [66] Total time: 0:00:04

mean accuray of epoch 66 is 6.428571428571429
mean accuray of epoch 66 is 6.875
Epoch: [67] [0/7] eta: 0:00:12 lr: 0.0025 pcs/s: 321.965 loss: 5.7331 (5.7331) acc: 5.0000 (5.0000) time: 1.8044 data: 1.3071 max mem: 21099Epoch: [67] [0/7] eta: 0:00:12 lr: 0.0025 pcs/s: 348.967 loss: 5.8720 (5.8720) acc: 5.6250 (5.6250) time: 1.8011 data: 1.3423 max mem: 21099

Epoch: [67] Total time: 0:00:04Epoch: [67] Total time: 0:00:04

mean accuray of epoch 67 is 5.892857142857143
mean accuray of epoch 67 is 4.732142857142857
Epoch: [68] [0/7] eta: 0:00:12 lr: 0.0025 pcs/s: 318.372 loss: 5.7771 (5.7771) acc: 7.5000 (7.5000) time: 1.8135 data: 1.3106 max mem: 21099Epoch: [68] [0/7] eta: 0:00:12 lr: 0.0025 pcs/s: 347.292 loss: 5.7561 (5.7561) acc: 8.1250 (8.1250) time: 1.8102 data: 1.3492 max mem: 21099

Epoch: [68] Total time: 0:00:04
Epoch: [68] Total time: 0:00:04
mean accuray of epoch 68 is 6.160714285714286
mean accuray of epoch 68 is 7.232142857142857
Epoch: [69] [0/7] eta: 0:00:12 lr: 0.0025 pcs/s: 349.006 loss: 5.5151 (5.5151) acc: 5.0000 (5.0000) time: 1.8408 data: 1.3820 max mem: 21099Epoch: [69] [0/7] eta: 0:00:12 lr: 0.0025 pcs/s: 316.819 loss: 5.5722 (5.5722) acc: 5.0000 (5.0000) time: 1.8407 data: 1.3353 max mem: 21099

Epoch: [69] Total time: 0:00:04
Epoch: [69] Total time: 0:00:04
mean accuray of epoch 69 is 6.071428571428571
mean accuray of epoch 69 is 6.428571428571429
Epoch: [70] [0/7] eta: 0:00:13 lr: 0.0025 pcs/s: 291.152 loss: 5.8369 (5.8369) acc: 5.6250 (5.6250) time: 1.8579 data: 1.3080 max mem: 21099Epoch: [70] [0/7] eta: 0:00:13 lr: 0.0025 pcs/s: 339.857 loss: 5.7389 (5.7389) acc: 5.6250 (5.6250) time: 1.8580 data: 1.3868 max mem: 21099

Epoch: [70] Total time: 0:00:04
Epoch: [70] Total time: 0:00:04
mean accuray of epoch 70 is 7.857142857142857
mean accuray of epoch 70 is 6.160714285714286
Epoch: [71] [0/7] eta: 0:00:12 lr: 0.0025 pcs/s: 326.075 loss: 5.7502 (5.7502) acc: 5.0000 (5.0000) time: 1.8125 data: 1.3214 max mem: 21099
Epoch: [71] [0/7] eta: 0:00:12 lr: 0.0025 pcs/s: 311.457 loss: 5.8219 (5.8219) acc: 7.5000 (7.5000) time: 1.8124 data: 1.2983 max mem: 21099
Epoch: [71] Total time: 0:00:04
Epoch: [71] Total time: 0:00:04
mean accuray of epoch 71 is 6.875
mean accuray of epoch 71 is 6.25
Epoch: [72] [0/7] eta: 0:00:13 lr: 0.0025 pcs/s: 324.726 loss: 5.7054 (5.7054) acc: 5.6250 (5.6250) time: 1.8828 data: 1.3897 max mem: 21099
Epoch: [72] [0/7] eta: 0:00:13 lr: 0.0025 pcs/s: 296.094 loss: 5.4501 (5.4501) acc: 7.5000 (7.5000) time: 1.8830 data: 1.3423 max mem: 21099
Epoch: [72] Total time: 0:00:04
mean accuray of epoch 72 is 6.785714285714286
Epoch: [72] Total time: 0:00:04
mean accuray of epoch 72 is 6.607142857142857
Epoch: [73] [0/7] eta: 0:00:14 lr: 0.0025 pcs/s: 345.859 loss: 5.3697 (5.3697) acc: 6.2500 (6.2500) time: 2.0547 data: 1.5917 max mem: 21099Epoch: [73] [0/7] eta: 0:00:14 lr: 0.0025 pcs/s: 259.545 loss: 5.5277 (5.5277) acc: 7.5000 (7.5000) time: 2.0557 data: 1.4388 max mem: 21099

Epoch: [73] Total time: 0:00:05
Epoch: [73] Total time: 0:00:05
mean accuray of epoch 73 is 5.446428571428571
mean accuray of epoch 73 is 6.964285714285714
Epoch: [74] [0/7] eta: 0:00:15 lr: 0.0025 pcs/s: 250.046 loss: 5.5134 (5.5134) acc: 6.8750 (6.8750) time: 2.1944 data: 1.5541 max mem: 21099
Epoch: [74] [0/7] eta: 0:00:15 lr: 0.0025 pcs/s: 313.405 loss: 5.6026 (5.6026) acc: 8.1250 (8.1250) time: 2.1947 data: 1.6838 max mem: 21099
Epoch: [74] Total time: 0:00:05
mean accuray of epoch 74 is 7.142857142857143
Epoch: [74] Total time: 0:00:05
mean accuray of epoch 74 is 6.875
Epoch: [75] [0/7] eta: 0:00:14 lr: 0.0025 pcs/s: 251.178 loss: 5.6582 (5.6582) acc: 5.0000 (5.0000) time: 2.1094 data: 1.4720 max mem: 21099
Epoch: [75] [0/7] eta: 0:00:14 lr: 0.0025 pcs/s: 315.010 loss: 5.7947 (5.7947) acc: 6.8750 (6.8750) time: 2.1075 data: 1.5992 max mem: 21099
Epoch: [75] Total time: 0:00:05
mean accuray of epoch 75 is 6.339285714285714
Epoch: [75] Total time: 0:00:05
mean accuray of epoch 75 is 6.428571428571429
Epoch: [76] [0/7] eta: 0:00:14 lr: 0.0025 pcs/s: 308.247 loss: 5.8922 (5.8922) acc: 5.6250 (5.6250) time: 2.0043 data: 1.4849 max mem: 21099Epoch: [76] [0/7] eta: 0:00:14 lr: 0.0025 pcs/s: 301.669 loss: 5.2095 (5.2095) acc: 10.0000 (10.0000) time: 2.0050 data: 1.4742 max mem: 21099

Epoch: [76] Total time: 0:00:05
mean accuray of epoch 76 is 5.892857142857143
Epoch: [76] Total time: 0:00:05
mean accuray of epoch 76 is 7.946428571428571
Epoch: [77] [0/7] eta: 0:00:13 lr: 0.0025 pcs/s: 324.351 loss: 5.5391 (5.5391) acc: 6.8750 (6.8750) time: 1.8772 data: 1.3835 max mem: 21099Epoch: [77] [0/7] eta: 0:00:13 lr: 0.0025 pcs/s: 339.100 loss: 5.7726 (5.7726) acc: 8.1250 (8.1250) time: 1.8868 data: 1.4145 max mem: 21099

Epoch: [77] Total time: 0:00:04
Epoch: [77] Total time: 0:00:04
mean accuray of epoch 77 is 7.053571428571429
mean accuray of epoch 77 is 7.5
Epoch: [78] [0/7] eta: 0:00:14 lr: 0.0025 pcs/s: 341.849 loss: 5.5795 (5.5795) acc: 3.1250 (3.1250) time: 2.0277 data: 1.5593 max mem: 21099
Epoch: [78] [0/7] eta: 0:00:14 lr: 0.0025 pcs/s: 231.573 loss: 5.7304 (5.7304) acc: 4.3750 (4.3750) time: 2.0282 data: 1.3369 max mem: 21099
Epoch: [78] Total time: 0:00:05
Epoch: [78] Total time: 0:00:05
mean accuray of epoch 78 is 6.25
mean accuray of epoch 78 is 5.803571428571429
Epoch: [79] [0/7] eta: 0:00:12 lr: 0.0025 pcs/s: 325.194 loss: 5.4947 (5.4947) acc: 9.3750 (9.3750) time: 1.7824 data: 1.2901 max mem: 21099Epoch: [79] [0/7] eta: 0:00:12 lr: 0.0025 pcs/s: 351.802 loss: 5.9160 (5.9160) acc: 3.7500 (3.7500) time: 1.7790 data: 1.3238 max mem: 21099

Epoch: [79] Total time: 0:00:04
Epoch: [79] Total time: 0:00:04
mean accuray of epoch 79 is 6.25
mean accuray of epoch 79 is 6.517857142857143
Epoch: [80] [0/7] eta: 0:00:12 lr: 0.0025 pcs/s: 348.104 loss: 5.6366 (5.6366) acc: 4.3750 (4.3750) time: 1.8322 data: 1.3722 max mem: 21099Epoch: [80] [0/7] eta: 0:00:13 lr: 0.0025 pcs/s: 243.360 loss: 5.6053 (5.6053) acc: 5.0000 (5.0000) time: 1.9875 data: 1.3297 max mem: 21099

Epoch: [80] Total time: 0:00:04Epoch: [80] Total time: 0:00:04

mean accuray of epoch 80 is 5.892857142857143
mean accuray of epoch 80 is 5.982142857142857
Epoch: [81] [0/7] eta: 0:00:13 lr: 0.0025 pcs/s: 346.182 loss: 5.5998 (5.5998) acc: 8.7500 (8.7500) time: 1.9853 data: 1.5228 max mem: 21099Epoch: [81] [0/7] eta: 0:00:13 lr: 0.0025 pcs/s: 269.082 loss: 5.5382 (5.5382) acc: 7.5000 (7.5000) time: 1.9853 data: 1.3903 max mem: 21099

Epoch: [81] Total time: 0:00:05
mean accuray of epoch 81 is 6.696428571428571
Epoch: [81] Total time: 0:00:05
mean accuray of epoch 81 is 7.321428571428571
Epoch: [82] [0/7] eta: 0:00:14 lr: 0.0025 pcs/s: 269.031 loss: 5.4851 (5.4851) acc: 10.0000 (10.0000) time: 2.0584 data: 1.4633 max mem: 21099
Epoch: [82] [0/7] eta: 0:00:14 lr: 0.0025 pcs/s: 312.499 loss: 5.6895 (5.6895) acc: 5.0000 (5.0000) time: 2.0577 data: 1.5453 max mem: 21099
Epoch: [82] Total time: 0:00:05
Epoch: [82] Total time: 0:00:05
mean accuray of epoch 82 is 5.625
mean accuray of epoch 82 is 6.875
Epoch: [83] [0/7] eta: 0:00:13 lr: 0.0025 pcs/s: 301.206 loss: 5.6235 (5.6235) acc: 7.5000 (7.5000) time: 1.9315 data: 1.3999 max mem: 21099Epoch: [83] [0/7] eta: 0:00:13 lr: 0.0025 pcs/s: 300.639 loss: 5.9340 (5.9340) acc: 5.6250 (5.6250) time: 1.9318 data: 1.3992 max mem: 21099

Epoch: [83] Total time: 0:00:04
Epoch: [83] Total time: 0:00:04
mean accuray of epoch 83 is 6.071428571428571
mean accuray of epoch 83 is 7.053571428571429
Epoch: [84] [0/7] eta: 0:00:13 lr: 0.0025 pcs/s: 325.512 loss: 5.3141 (5.3141) acc: 8.7500 (8.7500) time: 1.9451 data: 1.4531 max mem: 21099
Epoch: [84] [0/7] eta: 0:00:13 lr: 0.0025 pcs/s: 274.946 loss: 5.7914 (5.7914) acc: 8.1250 (8.1250) time: 1.9456 data: 1.3632 max mem: 21099
Epoch: [84] Total time: 0:00:04
Epoch: [84] Total time: 0:00:04
mean accuray of epoch 84 is 7.857142857142857
mean accuray of epoch 84 is 6.607142857142857
Epoch: [85] [0/7] eta: 0:00:13 lr: 0.0025 pcs/s: 320.796 loss: 5.7842 (5.7842) acc: 4.3750 (4.3750) time: 1.8904 data: 1.3913 max mem: 21099
Epoch: [85] [0/7] eta: 0:00:13 lr: 0.0025 pcs/s: 341.799 loss: 5.9205 (5.9205) acc: 6.8750 (6.8750) time: 1.8906 data: 1.4221 max mem: 21099
Epoch: [85] Total time: 0:00:04Epoch: [85] Total time: 0:00:04

mean accuray of epoch 85 is 7.5
mean accuray of epoch 85 is 7.410714285714286
Epoch: [86] [0/7] eta: 0:00:12 lr: 0.0025 pcs/s: 342.412 loss: 5.6156 (5.6156) acc: 3.7500 (3.7500) time: 1.8475 data: 1.3798 max mem: 21099
Epoch: [86] [0/7] eta: 0:00:12 lr: 0.0025 pcs/s: 332.357 loss: 5.6354 (5.6354) acc: 8.7500 (8.7500) time: 1.8473 data: 1.3655 max mem: 21099
Epoch: [86] Total time: 0:00:04
mean accuray of epoch 86 is 6.696428571428571
Epoch: [86] Total time: 0:00:04
mean accuray of epoch 86 is 7.410714285714286
Epoch: [87] [0/7] eta: 0:00:13 lr: 0.0025 pcs/s: 349.421 loss: 5.7797 (5.7797) acc: 5.0000 (5.0000) time: 1.8935 data: 1.4353 max mem: 21099
Epoch: [87] [0/7] eta: 0:00:13 lr: 0.0025 pcs/s: 297.754 loss: 5.9848 (5.9848) acc: 5.6250 (5.6250) time: 1.8922 data: 1.3545 max mem: 21099
Epoch: [87] Total time: 0:00:04
Epoch: [87] Total time: 0:00:04
mean accuray of epoch 87 is 6.517857142857143mean accuray of epoch 87 is 6.696428571428571

Epoch: [88] [0/7] eta: 0:00:12 lr: 0.0025 pcs/s: 347.527 loss: 5.4783 (5.4783) acc: 4.3750 (4.3750) time: 1.8296 data: 1.3689 max mem: 21099Epoch: [88] [0/7] eta: 0:00:12 lr: 0.0025 pcs/s: 336.455 loss: 5.8062 (5.8062) acc: 4.3750 (4.3750) time: 1.8296 data: 1.3537 max mem: 21099

Epoch: [88] Total time: 0:00:04
mean accuray of epoch 88 is 7.142857142857143
Epoch: [88] Total time: 0:00:04
mean accuray of epoch 88 is 6.071428571428571
Epoch: [89] [0/7] eta: 0:00:12 lr: 0.0025 pcs/s: 332.496 loss: 5.6814 (5.6814) acc: 6.2500 (6.2500) time: 1.8185 data: 1.3370 max mem: 21099
Epoch: [89] [0/7] eta: 0:00:12 lr: 0.0025 pcs/s: 323.882 loss: 5.5747 (5.5747) acc: 10.0000 (10.0000) time: 1.8204 data: 1.3260 max mem: 21099
Epoch: [89] Total time: 0:00:04
Epoch: [89] Total time: 0:00:04
mean accuray of epoch 89 is 7.053571428571429
mean accuray of epoch 89 is 7.5
Epoch: [90] [0/7] eta: 0:00:13 lr: 0.0025 pcs/s: 283.688 loss: 5.4860 (5.4860) acc: 7.5000 (7.5000) time: 1.8673 data: 1.3029 max mem: 21099
Epoch: [90] [0/7] eta: 0:00:13 lr: 0.0025 pcs/s: 324.946 loss: 5.5357 (5.5357) acc: 5.6250 (5.6250) time: 1.8679 data: 1.3751 max mem: 21099
Epoch: [90] Total time: 0:00:04
Epoch: [90] Total time: 0:00:04
mean accuray of epoch 90 is 6.785714285714286
mean accuray of epoch 90 is 6.071428571428571
Epoch: [91] [0/7] eta: 0:00:12 lr: 0.0025 pcs/s: 277.952 loss: 5.6337 (5.6337) acc: 9.3750 (9.3750) time: 1.8537 data: 1.2777 max mem: 21099
Epoch: [91] [0/7] eta: 0:00:12 lr: 0.0025 pcs/s: 308.966 loss: 6.0336 (6.0336) acc: 3.7500 (3.7500) time: 1.8541 data: 1.3358 max mem: 21099
Epoch: [91] Total time: 0:00:05
mean accuray of epoch 91 is 6.339285714285714
Epoch: [91] Total time: 0:00:05
mean accuray of epoch 91 is 6.428571428571429
Epoch: [92] [0/7] eta: 0:00:12 lr: 0.0025 pcs/s: 345.094 loss: 5.5365 (5.5365) acc: 5.6250 (5.6250) time: 1.8031 data: 1.3391 max mem: 21099Epoch: [92] [0/7] eta: 0:00:12 lr: 0.0025 pcs/s: 323.285 loss: 5.5493 (5.5493) acc: 6.8750 (6.8750) time: 1.7971 data: 1.3018 max mem: 21099

Epoch: [92] Total time: 0:00:04
Epoch: [92] Total time: 0:00:04
mean accuray of epoch 92 is 6.964285714285714
mean accuray of epoch 92 is 6.607142857142857
Epoch: [93] [0/7] eta: 0:00:13 lr: 0.0025 pcs/s: 280.840 loss: 5.7143 (5.7143) acc: 7.5000 (7.5000) time: 1.8670 data: 1.2969 max mem: 21099Epoch: [93] [0/7] eta: 0:00:13 lr: 0.0025 pcs/s: 319.099 loss: 5.6655 (5.6655) acc: 5.6250 (5.6250) time: 1.8672 data: 1.3653 max mem: 21099

Epoch: [93] Total time: 0:00:04
mean accuray of epoch 93 is 7.321428571428571
Epoch: [93] Total time: 0:00:04
mean accuray of epoch 93 is 6.696428571428571
Epoch: [94] [0/7] eta: 0:00:12 lr: 0.0025 pcs/s: 318.752 loss: 5.6938 (5.6938) acc: 6.2500 (6.2500) time: 1.8454 data: 1.3431 max mem: 21099
Epoch: [94] [0/7] eta: 0:00:12 lr: 0.0025 pcs/s: 344.503 loss: 5.6351 (5.6351) acc: 6.8750 (6.8750) time: 1.8388 data: 1.3740 max mem: 21099
Epoch: [94] Total time: 0:00:04
Epoch: [94] Total time: 0:00:04
mean accuray of epoch 94 is 6.785714285714286
mean accuray of epoch 94 is 6.696428571428571
Epoch: [95] [0/7] eta: 0:00:12 lr: 0.0025 pcs/s: 337.937 loss: 5.7372 (5.7372) acc: 6.2500 (6.2500) time: 1.8367 data: 1.3628 max mem: 21099
Epoch: [95] [0/7] eta: 0:00:12 lr: 0.0025 pcs/s: 303.575 loss: 5.5444 (5.5444) acc: 8.7500 (8.7500) time: 1.8366 data: 1.3092 max mem: 21099
Epoch: [95] Total time: 0:00:04
Epoch: [95] Total time: 0:00:04
mean accuray of epoch 95 is 6.696428571428571
mean accuray of epoch 95 is 6.517857142857143
Epoch: [96] [0/7] eta: 0:00:12 lr: 0.0025 pcs/s: 293.502 loss: 5.4821 (5.4821) acc: 10.0000 (10.0000) time: 1.8444 data: 1.2988 max mem: 21099Epoch: [96] [0/7] eta: 0:00:12 lr: 0.0025 pcs/s: 321.503 loss: 5.3174 (5.3174) acc: 11.2500 (11.2500) time: 1.8443 data: 1.3462 max mem: 21099

Epoch: [96] Total time: 0:00:04
Epoch: [96] Total time: 0:00:04
mean accuray of epoch 96 is 8.303571428571429
mean accuray of epoch 96 is 8.482142857142858
Epoch: [97] [0/7] eta: 0:00:12 lr: 0.0025 pcs/s: 342.709 loss: 5.7097 (5.7097) acc: 8.1250 (8.1250) time: 1.8394 data: 1.3722 max mem: 21099
Epoch: [97] [0/7] eta: 0:00:12 lr: 0.0025 pcs/s: 316.275 loss: 5.8229 (5.8229) acc: 6.8750 (6.8750) time: 1.8395 data: 1.3332 max mem: 21099
Epoch: [97] Total time: 0:00:04Epoch: [97] Total time: 0:00:04

mean accuray of epoch 97 is 6.875
mean accuray of epoch 97 is 7.053571428571429
Epoch: [98] [0/7] eta: 0:00:12 lr: 0.0025 pcs/s: 339.783 loss: 5.5831 (5.5831) acc: 8.1250 (8.1250) time: 1.7876 data: 1.3164 max mem: 21099
Epoch: [98] [0/7] eta: 0:00:12 lr: 0.0025 pcs/s: 313.856 loss: 5.4919 (5.4919) acc: 7.5000 (7.5000) time: 1.7876 data: 1.2775 max mem: 21099
Epoch: [98] Total time: 0:00:04
Epoch: [98] Total time: 0:00:04
mean accuray of epoch 98 is 6.071428571428571
mean accuray of epoch 98 is 6.339285714285714
Epoch: [99] [0/7] eta: 0:00:13 lr: 0.0025 pcs/s: 295.402 loss: 5.5344 (5.5344) acc: 8.7500 (8.7500) time: 1.8665 data: 1.3245 max mem: 21099
Epoch: [99] [0/7] eta: 0:00:13 lr: 0.0025 pcs/s: 307.427 loss: 5.5876 (5.5876) acc: 6.8750 (6.8750) time: 1.8663 data: 1.3455 max mem: 21099
Epoch: [99] Total time: 0:00:04Epoch: [99] Total time: 0:00:04

mean accuray of epoch 99 is 5.178571428571429
mean accuray of epoch 99 is 6.071428571428571
Epoch: [100] [0/7] eta: 0:00:13 lr: 0.0025 pcs/s: 307.380 loss: 5.6045 (5.6045) acc: 8.1250 (8.1250) time: 1.8650 data: 1.3441 max mem: 21099
Epoch: [100] [0/7] eta: 0:00:13 lr: 0.0025 pcs/s: 321.380 loss: 5.6390 (5.6390) acc: 5.6250 (5.6250) time: 1.8648 data: 1.3666 max mem: 21099
Epoch: [100] Total time: 0:00:04
Epoch: [100] Total time: 0:00:04
mean accuray of epoch 100 is 5.535714285714286
mean accuray of epoch 100 is 6.964285714285714
Epoch: [101] [0/7] eta: 0:00:12 lr: 0.0025 pcs/s: 328.289 loss: 5.7499 (5.7499) acc: 6.8750 (6.8750) time: 1.7907 data: 1.3030 max mem: 21099
Epoch: [101] [0/7] eta: 0:00:12 lr: 0.0025 pcs/s: 309.521 loss: 5.7799 (5.7799) acc: 4.3750 (4.3750) time: 1.7965 data: 1.2792 max mem: 21099
Epoch: [101] Total time: 0:00:04
Epoch: [101] Total time: 0:00:04
mean accuray of epoch 101 is 6.696428571428571
mean accuray of epoch 101 is 5.357142857142857
Epoch: [102] [0/7] eta: 0:00:12 lr: 0.0025 pcs/s: 346.523 loss: 5.6500 (5.6500) acc: 6.2500 (6.2500) time: 1.8494 data: 1.3874 max mem: 21099
Epoch: [102] [0/7] eta: 0:00:12 lr: 0.0025 pcs/s: 318.566 loss: 5.6521 (5.6521) acc: 5.6250 (5.6250) time: 1.8492 data: 1.3465 max mem: 21099
Epoch: [102] Total time: 0:00:04
mean accuray of epoch 102 is 6.785714285714286
Epoch: [102] Total time: 0:00:04
mean accuray of epoch 102 is 6.339285714285714
Epoch: [103] [0/7] eta: 0:00:12 lr: 0.0025 pcs/s: 310.599 loss: 5.7135 (5.7135) acc: 5.0000 (5.0000) time: 1.8014 data: 1.2859 max mem: 21099
Epoch: [103] [0/7] eta: 0:00:12 lr: 0.0025 pcs/s: 332.439 loss: 5.8042 (5.8042) acc: 7.5000 (7.5000) time: 1.8022 data: 1.3205 max mem: 21099
Epoch: [103] Total time: 0:00:04
mean accuray of epoch 103 is 7.321428571428571
Epoch: [103] Total time: 0:00:04
mean accuray of epoch 103 is 6.696428571428571
Epoch: [104] [0/7] eta: 0:00:12 lr: 0.0025 pcs/s: 339.705 loss: 5.6442 (5.6442) acc: 7.5000 (7.5000) time: 1.8139 data: 1.3426 max mem: 21099
Epoch: [104] [0/7] eta: 0:00:12 lr: 0.0025 pcs/s: 310.647 loss: 5.4534 (5.4534) acc: 7.5000 (7.5000) time: 1.8130 data: 1.2976 max mem: 21099
Epoch: [104] Total time: 0:00:04
Epoch: [104] Total time: 0:00:04
mean accuray of epoch 104 is 6.696428571428571
mean accuray of epoch 104 is 6.696428571428571
Epoch: [105] [0/7] eta: 0:00:12 lr: 0.0025 pcs/s: 317.915 loss: 5.7581 (5.7581) acc: 5.6250 (5.6250) time: 1.8526 data: 1.3490 max mem: 21099
Epoch: [105] [0/7] eta: 0:00:12 lr: 0.0025 pcs/s: 348.916 loss: 5.5662 (5.5662) acc: 3.7500 (3.7500) time: 1.8527 data: 1.3938 max mem: 21099
Epoch: [105] Total time: 0:00:04
Epoch: [105] Total time: 0:00:04
mean accuray of epoch 105 is 7.589285714285714
mean accuray of epoch 105 is 5.535714285714286
Epoch: [106] [0/7] eta: 0:00:12 lr: 0.0025 pcs/s: 347.317 loss: 5.6040 (5.6040) acc: 9.3750 (9.3750) time: 1.8491 data: 1.3881 max mem: 21099Epoch: [106] [0/7] eta: 0:00:12 lr: 0.0025 pcs/s: 309.490 loss: 5.4238 (5.4238) acc: 6.8750 (6.8750) time: 1.8493 data: 1.3319 max mem: 21099

Epoch: [106] Total time: 0:00:04
Epoch: [106] Total time: 0:00:04
mean accuray of epoch 106 is 7.053571428571429
mean accuray of epoch 106 is 6.875
Epoch: [107] [0/7] eta: 0:00:12 lr: 0.0025 pcs/s: 329.491 loss: 5.5418 (5.5418) acc: 5.6250 (5.6250) time: 1.8500 data: 1.3640 max mem: 21099Epoch: [107] [0/7] eta: 0:00:12 lr: 0.0025 pcs/s: 341.178 loss: 5.4941 (5.4941) acc: 9.3750 (9.3750) time: 1.8546 data: 1.3852 max mem: 21099

Epoch: [107] Total time: 0:00:04
Epoch: [107] Total time: 0:00:04
mean accuray of epoch 107 is 6.25
mean accuray of epoch 107 is 8.214285714285714
Epoch: [108] [0/7] eta: 0:00:12 lr: 0.0025 pcs/s: 347.360 loss: 5.6619 (5.6619) acc: 6.2500 (6.2500) time: 1.8489 data: 1.3880 max mem: 21099Epoch: [108] [0/7] eta: 0:00:12 lr: 0.0025 pcs/s: 328.847 loss: 5.2622 (5.2622) acc: 10.6250 (10.6250) time: 1.8485 data: 1.3616 max mem: 21099

Epoch: [108] Total time: 0:00:04
Epoch: [108] Total time: 0:00:04
mean accuray of epoch 108 is 7.678571428571429
mean accuray of epoch 108 is 6.875
Epoch: [109] [0/7] eta: 0:00:12 lr: 0.0025 pcs/s: 294.916 loss: 5.6937 (5.6937) acc: 6.8750 (6.8750) time: 1.8337 data: 1.2909 max mem: 21099
Epoch: [109] [0/7] eta: 0:00:12 lr: 0.0025 pcs/s: 315.661 loss: 5.5540 (5.5540) acc: 8.7500 (8.7500) time: 1.8415 data: 1.3342 max mem: 21099
Epoch: [109] Total time: 0:00:04
Epoch: [109] Total time: 0:00:04
mean accuray of epoch 109 is 5.982142857142857
mean accuray of epoch 109 is 7.232142857142857
Epoch: [110] [0/7] eta: 0:00:12 lr: 0.0025 pcs/s: 291.087 loss: 5.6541 (5.6541) acc: 6.2500 (6.2500) time: 1.8550 data: 1.3050 max mem: 21099
Epoch: [110] [0/7] eta: 0:00:12 lr: 0.0025 pcs/s: 310.671 loss: 6.0924 (6.0924) acc: 2.5000 (2.5000) time: 1.8553 data: 1.3399 max mem: 21099
Epoch: [110] Total time: 0:00:04
mean accuray of epoch 110 is 5.714285714285714
Epoch: [110] Total time: 0:00:04
mean accuray of epoch 110 is 6.517857142857143
Epoch: [111] [0/7] eta: 0:00:12 lr: 0.0025 pcs/s: 287.896 loss: 5.4846 (5.4846) acc: 8.1250 (8.1250) time: 1.8477 data: 1.2916 max mem: 21099
Epoch: [111] [0/7] eta: 0:00:12 lr: 0.0025 pcs/s: 318.283 loss: 5.5908 (5.5908) acc: 7.5000 (7.5000) time: 1.8466 data: 1.3435 max mem: 21099
Epoch: [111] Total time: 0:00:04
mean accuray of epoch 111 is 6.785714285714286
Epoch: [111] Total time: 0:00:04
mean accuray of epoch 111 is 6.428571428571429
Epoch: [112] [0/7] eta: 0:00:13 lr: 0.0025 pcs/s: 319.876 loss: 5.5835 (5.5835) acc: 6.8750 (6.8750) time: 1.8901 data: 1.3895 max mem: 21099
Epoch: [112] [0/7] eta: 0:00:13 lr: 0.0025 pcs/s: 333.343 loss: 5.9037 (5.9037) acc: 6.2500 (6.2500) time: 1.8884 data: 1.4080 max mem: 21099
Epoch: [112] Total time: 0:00:04
Epoch: [112] Total time: 0:00:04
mean accuray of epoch 112 is 6.428571428571429
mean accuray of epoch 112 is 8.214285714285714
Epoch: [113] [0/7] eta: 0:00:15 lr: 0.0025 pcs/s: 272.416 loss: 5.5926 (5.5926) acc: 6.2500 (6.2500) time: 2.1479 data: 1.5601 max mem: 21099
Epoch: [113] [0/7] eta: 0:00:15 lr: 0.0025 pcs/s: 312.317 loss: 5.6303 (5.6303) acc: 6.2500 (6.2500) time: 2.1477 data: 1.6351 max mem: 21099
Epoch: [113] Total time: 0:00:05
Epoch: [113] Total time: 0:00:05
mean accuray of epoch 113 is 6.785714285714286
mean accuray of epoch 113 is 6.339285714285714
Epoch: [114] [0/7] eta: 0:00:13 lr: 0.0025 pcs/s: 344.160 loss: 5.5645 (5.5645) acc: 8.1250 (8.1250) time: 1.9598 data: 1.4946 max mem: 21099Epoch: [114] [0/7] eta: 0:00:13 lr: 0.0025 pcs/s: 303.397 loss: 5.5440 (5.5440) acc: 8.7500 (8.7500) time: 1.9600 data: 1.4322 max mem: 21099

Epoch: [114] Total time: 0:00:05
Epoch: [114] Total time: 0:00:05
mean accuray of epoch 114 is 6.696428571428571
mean accuray of epoch 114 is 7.678571428571429
Epoch: [115] [0/7] eta: 0:00:13 lr: 0.0025 pcs/s: 344.808 loss: 5.6706 (5.6706) acc: 6.8750 (6.8750) time: 1.9099 data: 1.4455 max mem: 21099
Epoch: [115] [0/7] eta: 0:00:13 lr: 0.0025 pcs/s: 264.235 loss: 5.4406 (5.4406) acc: 7.5000 (7.5000) time: 1.9097 data: 1.3038 max mem: 21099
Epoch: [115] Total time: 0:00:05
Epoch: [115] Total time: 0:00:05
mean accuray of epoch 115 is 7.142857142857143
mean accuray of epoch 115 is 5.446428571428571
Epoch: [116] [0/7] eta: 0:00:13 lr: 0.0025 pcs/s: 331.166 loss: 5.5974 (5.5974) acc: 6.2500 (6.2500) time: 1.9175 data: 1.4340 max mem: 21099Epoch: [116] [0/7] eta: 0:00:13 lr: 0.0025 pcs/s: 311.099 loss: 5.6416 (5.6416) acc: 8.7500 (8.7500) time: 1.9174 data: 1.4027 max mem: 21099

Epoch: [116] Total time: 0:00:05
mean accuray of epoch 116 is 6.607142857142857
Epoch: [116] Total time: 0:00:05
mean accuray of epoch 116 is 7.410714285714286
Epoch: [117] [0/7] eta: 0:00:14 lr: 0.0025 pcs/s: 243.640 loss: 5.5510 (5.5510) acc: 4.3750 (4.3750) time: 2.1036 data: 1.4464 max mem: 21099
Epoch: [117] [0/7] eta: 0:00:14 lr: 0.0025 pcs/s: 309.061 loss: 5.6171 (5.6171) acc: 8.7500 (8.7500) time: 2.1062 data: 1.5881 max mem: 21099
Epoch: [117] Total time: 0:00:05
mean accuray of epoch 117 is 6.964285714285714
Epoch: [117] Total time: 0:00:05
mean accuray of epoch 117 is 6.607142857142857
Epoch: [118] [0/7] eta: 0:00:14 lr: 0.0025 pcs/s: 226.993 loss: 5.8489 (5.8489) acc: 5.6250 (5.6250) time: 2.0835 data: 1.3783 max mem: 21099
Epoch: [118] [0/7] eta: 0:00:14 lr: 0.0025 pcs/s: 337.266 loss: 5.8115 (5.8115) acc: 9.3750 (9.3750) time: 2.0833 data: 1.6084 max mem: 21099
Epoch: [118] Total time: 0:00:05
Epoch: [118] Total time: 0:00:05mean accuray of epoch 118 is 6.964285714285714

mean accuray of epoch 118 is 7.321428571428571
Epoch: [119] [0/7] eta: 0:00:12 lr: 0.0025 pcs/s: 304.408 loss: 5.7393 (5.7393) acc: 6.2500 (6.2500) time: 1.8514 data: 1.3254 max mem: 21099Epoch: [119] [0/7] eta: 0:00:12 lr: 0.0025 pcs/s: 308.372 loss: 5.7676 (5.7676) acc: 5.6250 (5.6250) time: 1.8508 data: 1.3316 max mem: 21099

Epoch: [119] Total time: 0:00:04
Epoch: [119] Total time: 0:00:04
mean accuray of epoch 119 is 5.714285714285714
mean accuray of epoch 119 is 6.517857142857143
Epoch: [120] [0/7] eta: 0:00:13 lr: 0.0025 pcs/s: 243.898 loss: 5.3328 (5.3328) acc: 10.0000 (10.0000) time: 1.8734 data: 1.2170 max mem: 21099
Epoch: [120] [0/7] eta: 0:00:12 lr: 0.0025 pcs/s: 344.460 loss: 5.6830 (5.6830) acc: 6.2500 (6.2500) time: 1.7399 data: 1.2751 max mem: 21099
Epoch: [120] Total time: 0:00:04Epoch: [120] Total time: 0:00:04

mean accuray of epoch 120 is 7.321428571428571
mean accuray of epoch 120 is 7.053571428571429
Epoch: [121] [0/7] eta: 0:00:14 lr: 0.0025 pcs/s: 241.230 loss: 5.6524 (5.6524) acc: 6.2500 (6.2500) time: 2.0328 data: 1.3691 max mem: 21099
Epoch: [121] [0/7] eta: 0:00:14 lr: 0.0025 pcs/s: 345.262 loss: 5.6506 (5.6506) acc: 5.6250 (5.6250) time: 2.0329 data: 1.5691 max mem: 21099
Epoch: [121] Total time: 0:00:05
Epoch: [121] Total time: 0:00:05
mean accuray of epoch 121 is 6.339285714285714
mean accuray of epoch 121 is 5.982142857142857
Epoch: [122] [0/7] eta: 0:00:15 lr: 0.0025 pcs/s: 270.207 loss: 5.4442 (5.4442) acc: 5.6250 (5.6250) time: 2.2227 data: 1.6302 max mem: 21099Epoch: [122] [0/7] eta: 0:00:15 lr: 0.0025 pcs/s: 309.905 loss: 5.7675 (5.7675) acc: 5.0000 (5.0000) time: 2.2224 data: 1.7057 max mem: 21099

Epoch: [122] Total time: 0:00:05Epoch: [122] Total time: 0:00:05

mean accuray of epoch 122 is 6.160714285714286
mean accuray of epoch 122 is 6.875
Epoch: [123] [0/7] eta: 0:00:13 lr: 0.0025 pcs/s: 307.180 loss: 5.7514 (5.7514) acc: 8.1250 (8.1250) time: 1.9489 data: 1.4276 max mem: 21099
Epoch: [123] [0/7] eta: 0:00:13 lr: 0.0025 pcs/s: 282.732 loss: 5.5527 (5.5527) acc: 9.3750 (9.3750) time: 1.9549 data: 1.3886 max mem: 21099
Epoch: [123] Total time: 0:00:04
mean accuray of epoch 123 is 6.696428571428571
Epoch: [123] Total time: 0:00:04
mean accuray of epoch 123 is 7.410714285714286
Epoch: [124] [0/7] eta: 0:00:12 lr: 0.0025 pcs/s: 358.461 loss: 5.7594 (5.7594) acc: 6.2500 (6.2500) time: 1.7992 data: 1.3525 max mem: 21099
Epoch: [124] [0/7] eta: 0:00:12 lr: 0.0025 pcs/s: 326.100 loss: 5.7759 (5.7759) acc: 6.2500 (6.2500) time: 1.8008 data: 1.3097 max mem: 21099
Epoch: [124] Total time: 0:00:04
Epoch: [124] Total time: 0:00:04
mean accuray of epoch 124 is 6.696428571428571
mean accuray of epoch 124 is 6.607142857142857
Epoch: [125] [0/7] eta: 0:00:13 lr: 0.0025 pcs/s: 304.478 loss: 5.2856 (5.2856) acc: 10.6250 (10.6250) time: 1.8855 data: 1.3596 max mem: 21099Epoch: [125] [0/7] eta: 0:00:13 lr: 0.0025 pcs/s: 313.091 loss: 5.5524 (5.5524) acc: 6.8750 (6.8750) time: 1.8859 data: 1.3745 max mem: 21099

Epoch: [125] Total time: 0:00:04
mean accuray of epoch 125 is 7.678571428571429
Epoch: [125] Total time: 0:00:04
mean accuray of epoch 125 is 7.142857142857143
Epoch: [126] [0/7] eta: 0:00:12 lr: 0.0025 pcs/s: 355.900 loss: 5.5101 (5.5101) acc: 10.6250 (10.6250) time: 1.8242 data: 1.3743 max mem: 21099
Epoch: [126] [0/7] eta: 0:00:12 lr: 0.0025 pcs/s: 311.380 loss: 5.2858 (5.2858) acc: 8.7500 (8.7500) time: 1.8233 data: 1.3091 max mem: 21099
Epoch: [126] Total time: 0:00:04Epoch: [126] Total time: 0:00:04

mean accuray of epoch 126 is 6.696428571428571
mean accuray of epoch 126 is 6.964285714285714
Epoch: [127] [0/7] eta: 0:00:12 lr: 0.0025 pcs/s: 348.712 loss: 5.6238 (5.6238) acc: 10.0000 (10.0000) time: 1.8260 data: 1.3668 max mem: 21099
Epoch: [127] [0/7] eta: 0:00:12 lr: 0.0025 pcs/s: 306.877 loss: 5.6435 (5.6435) acc: 7.5000 (7.5000) time: 1.8260 data: 1.3042 max mem: 21099
Epoch: [127] Total time: 0:00:04
Epoch: [127] Total time: 0:00:04
mean accuray of epoch 127 is 7.410714285714286
mean accuray of epoch 127 is 7.232142857142857
Epoch: [128] [0/7] eta: 0:00:12 lr: 0.0025 pcs/s: 348.826 loss: 5.6154 (5.6154) acc: 5.0000 (5.0000) time: 1.8248 data: 1.3658 max mem: 21099
Epoch: [128] [0/7] eta: 0:00:12 lr: 0.0025 pcs/s: 322.918 loss: 5.6962 (5.6962) acc: 6.8750 (6.8750) time: 1.8285 data: 1.3326 max mem: 21099
Epoch: [128] Total time: 0:00:04Epoch: [128] Total time: 0:00:04

mean accuray of epoch 128 is 7.232142857142857
mean accuray of epoch 128 is 7.232142857142857
Epoch: [129] [0/7] eta: 0:00:12 lr: 0.0025 pcs/s: 346.648 loss: 5.5542 (5.5542) acc: 5.0000 (5.0000) time: 1.8304 data: 1.3685 max mem: 21099
Epoch: [129] [0/7] eta: 0:00:12 lr: 0.0025 pcs/s: 305.743 loss: 5.4870 (5.4870) acc: 10.0000 (10.0000) time: 1.8303 data: 1.3066 max mem: 21099
Epoch: [129] Total time: 0:00:04
mean accuray of epoch 129 is 5.625
Epoch: [129] Total time: 0:00:04
mean accuray of epoch 129 is 7.232142857142857
Epoch: [130] [0/7] eta: 0:00:12 lr: 0.0025 pcs/s: 320.977 loss: 5.5851 (5.5851) acc: 8.1250 (8.1250) time: 1.8259 data: 1.3270 max mem: 21099
Epoch: [130] [0/7] eta: 0:00:12 lr: 0.0025 pcs/s: 304.975 loss: 5.5212 (5.5212) acc: 8.1250 (8.1250) time: 1.8247 data: 1.2998 max mem: 21099
Epoch: [130] Total time: 0:00:04
Epoch: [130] Total time: 0:00:04
mean accuray of epoch 130 is 7.053571428571429
mean accuray of epoch 130 is 7.321428571428571
Epoch: [131] [0/7] eta: 0:00:12 lr: 0.0025 pcs/s: 343.946 loss: 5.4695 (5.4695) acc: 6.8750 (6.8750) time: 1.7661 data: 1.3005 max mem: 21099Epoch: [131] [0/7] eta: 0:00:12 lr: 0.0025 pcs/s: 319.077 loss: 5.5915 (5.5915) acc: 2.5000 (2.5000) time: 1.7662 data: 1.2644 max mem: 21099

Epoch: [131] Total time: 0:00:04
mean accuray of epoch 131 is 6.339285714285714
Epoch: [131] Total time: 0:00:04
mean accuray of epoch 131 is 6.517857142857143
Epoch: [132] [0/7] eta: 0:00:13 lr: 0.0025 pcs/s: 284.712 loss: 5.5184 (5.5184) acc: 11.2500 (11.2500) time: 1.8794 data: 1.3171 max mem: 21099
Epoch: [132] [0/7] eta: 0:00:13 lr: 0.0025 pcs/s: 317.124 loss: 5.5442 (5.5442) acc: 6.8750 (6.8750) time: 1.8785 data: 1.3735 max mem: 21099
Epoch: [132] Total time: 0:00:04
Epoch: [132] Total time: 0:00:04
mean accuray of epoch 132 is 7.946428571428571
mean accuray of epoch 132 is 5.535714285714286
Epoch: [133] [0/7] eta: 0:00:12 lr: 0.0025 pcs/s: 281.459 loss: 5.6570 (5.6570) acc: 5.6250 (5.6250) time: 1.8513 data: 1.2824 max mem: 21099
Epoch: [133] [0/7] eta: 0:00:12 lr: 0.0025 pcs/s: 307.308 loss: 5.4505 (5.4505) acc: 8.7500 (8.7500) time: 1.8509 data: 1.3298 max mem: 21099
Epoch: [133] Total time: 0:00:04
Epoch: [133] Total time: 0:00:04
mean accuray of epoch 133 is 6.071428571428571
mean accuray of epoch 133 is 7.5
Epoch: [134] [0/7] eta: 0:00:12 lr: 0.0025 pcs/s: 332.115 loss: 5.4427 (5.4427) acc: 6.2500 (6.2500) time: 1.8430 data: 1.3609 max mem: 21099Epoch: [134] [0/7] eta: 0:00:12 lr: 0.0025 pcs/s: 307.815 loss: 5.2757 (5.2757) acc: 9.3750 (9.3750) time: 1.8427 data: 1.3225 max mem: 21099

Epoch: [134] Total time: 0:00:04
Epoch: [134] Total time: 0:00:04
mean accuray of epoch 134 is 7.410714285714286
mean accuray of epoch 134 is 6.428571428571429
Epoch: [135] [0/7] eta: 0:00:13 lr: 0.0025 pcs/s: 292.722 loss: 5.4175 (5.4175) acc: 11.2500 (11.2500) time: 1.8595 data: 1.3125 max mem: 21099
Epoch: [135] [0/7] eta: 0:00:13 lr: 0.0025 pcs/s: 321.330 loss: 5.4129 (5.4129) acc: 8.1250 (8.1250) time: 1.8597 data: 1.3614 max mem: 21099
Epoch: [135] Total time: 0:00:04Epoch: [135] Total time: 0:00:04

mean accuray of epoch 135 is 7.142857142857143
mean accuray of epoch 135 is 6.875
Epoch: [136] [0/7] eta: 0:00:13 lr: 0.0025 pcs/s: 335.348 loss: 5.7596 (5.7596) acc: 5.6250 (5.6250) time: 1.8735 data: 1.3961 max mem: 21099
Epoch: [136] [0/7] eta: 0:00:13 lr: 0.0025 pcs/s: 312.273 loss: 5.4791 (5.4791) acc: 5.6250 (5.6250) time: 1.8736 data: 1.3609 max mem: 21099
Epoch: [136] Total time: 0:00:04
Epoch: [136] Total time: 0:00:04
mean accuray of epoch 136 is 5.357142857142857
mean accuray of epoch 136 is 5.892857142857143
Epoch: [137] [0/7] eta: 0:00:12 lr: 0.0025 pcs/s: 345.557 loss: 5.5435 (5.5435) acc: 4.3750 (4.3750) time: 1.8196 data: 1.3562 max mem: 21099
Epoch: [137] [0/7] eta: 0:00:12 lr: 0.0025 pcs/s: 311.932 loss: 5.6434 (5.6434) acc: 5.6250 (5.6250) time: 1.8193 data: 1.3060 max mem: 21099
Epoch: [137] Total time: 0:00:04
Epoch: [137] Total time: 0:00:04
mean accuray of epoch 137 is 5.714285714285714
mean accuray of epoch 137 is 6.696428571428571
Epoch: [138] [0/7] eta: 0:00:12 lr: 0.0025 pcs/s: 347.052 loss: 5.4646 (5.4646) acc: 7.5000 (7.5000) time: 1.8418 data: 1.3804 max mem: 21099
Epoch: [138] [0/7] eta: 0:00:12 lr: 0.0025 pcs/s: 302.429 loss: 5.5537 (5.5537) acc: 6.8750 (6.8750) time: 1.8416 data: 1.3122 max mem: 21099
Epoch: [138] Total time: 0:00:04
Epoch: [138] Total time: 0:00:04
mean accuray of epoch 138 is 6.785714285714286
mean accuray of epoch 138 is 8.392857142857142
Epoch: [139] [0/7] eta: 0:00:12 lr: 0.0025 pcs/s: 324.704 loss: 5.6431 (5.6431) acc: 6.2500 (6.2500) time: 1.8489 data: 1.3558 max mem: 21099
Epoch: [139] [0/7] eta: 0:00:12 lr: 0.0025 pcs/s: 307.408 loss: 5.5720 (5.5720) acc: 8.1250 (8.1250) time: 1.8490 data: 1.3280 max mem: 21099
Epoch: [139] Total time: 0:00:04
Epoch: [139] Total time: 0:00:04
mean accuray of epoch 139 is 7.053571428571429
mean accuray of epoch 139 is 7.857142857142857
Epoch: [140] [0/7] eta: 0:00:13 lr: 0.0025 pcs/s: 290.285 loss: 5.6202 (5.6202) acc: 3.1250 (3.1250) time: 1.8673 data: 1.3157 max mem: 21099
Epoch: [140] [0/7] eta: 0:00:13 lr: 0.0025 pcs/s: 315.890 loss: 5.5738 (5.5738) acc: 8.1250 (8.1250) time: 1.8672 data: 1.3603 max mem: 21099
Epoch: [140] Total time: 0:00:04
Epoch: [140] Total time: 0:00:04
mean accuray of epoch 140 is 5.0
mean accuray of epoch 140 is 7.410714285714286
Epoch: [141] [0/7] eta: 0:00:12 lr: 0.0025 pcs/s: 325.953 loss: 5.4632 (5.4632) acc: 5.6250 (5.6250) time: 1.8353 data: 1.3441 max mem: 21099
Epoch: [141] [0/7] eta: 0:00:12 lr: 0.0025 pcs/s: 307.533 loss: 5.4670 (5.4670) acc: 5.6250 (5.6250) time: 1.8354 data: 1.3147 max mem: 21099
Epoch: [141] Total time: 0:00:04
Epoch: [141] Total time: 0:00:04
mean accuray of epoch 141 is 6.696428571428571
mean accuray of epoch 141 is 6.339285714285714
Epoch: [142] [0/7] eta: 0:00:12 lr: 0.0025 pcs/s: 349.588 loss: 5.5542 (5.5542) acc: 4.3750 (4.3750) time: 1.8132 data: 1.3552 max mem: 21099
Epoch: [142] [0/7] eta: 0:00:12 lr: 0.0025 pcs/s: 319.950 loss: 5.8367 (5.8367) acc: 2.5000 (2.5000) time: 1.8129 data: 1.3124 max mem: 21099
Epoch: [142] Total time: 0:00:04
Epoch: [142] Total time: 0:00:04
mean accuray of epoch 142 is 6.25
mean accuray of epoch 142 is 5.446428571428571
Epoch: [143] [0/7] eta: 0:00:13 lr: 0.0025 pcs/s: 289.820 loss: 5.5776 (5.5776) acc: 11.2500 (11.2500) time: 1.8644 data: 1.3120 max mem: 21099Epoch: [143] [0/7] eta: 0:00:13 lr: 0.0025 pcs/s: 310.311 loss: 5.3589 (5.3589) acc: 8.1250 (8.1250) time: 1.8637 data: 1.3477 max mem: 21099

Epoch: [143] Total time: 0:00:04
mean accuray of epoch 143 is 7.142857142857143
Epoch: [143] Total time: 0:00:04
mean accuray of epoch 143 is 6.428571428571429
Epoch: [144] [0/7] eta: 0:00:12 lr: 0.0025 pcs/s: 330.183 loss: 5.6023 (5.6023) acc: 8.1250 (8.1250) time: 1.8263 data: 1.3413 max mem: 21099
Epoch: [144] [0/7] eta: 0:00:12 lr: 0.0025 pcs/s: 308.422 loss: 5.4329 (5.4329) acc: 6.8750 (6.8750) time: 1.8254 data: 1.3062 max mem: 21099
Epoch: [144] Total time: 0:00:04
Epoch: [144] Total time: 0:00:04
mean accuray of epoch 144 is 6.607142857142857
mean accuray of epoch 144 is 6.339285714285714
Epoch: [145] [0/7] eta: 0:00:12 lr: 0.0025 pcs/s: 338.439 loss: 5.5432 (5.5432) acc: 5.0000 (5.0000) time: 1.8264 data: 1.3533 max mem: 21099
Epoch: [145] [0/7] eta: 0:00:12 lr: 0.0025 pcs/s: 319.856 loss: 5.6518 (5.6518) acc: 5.6250 (5.6250) time: 1.8269 data: 1.3263 max mem: 21099
Epoch: [145] Total time: 0:00:04
Epoch: [145] Total time: 0:00:04
mean accuray of epoch 145 is 5.357142857142857
mean accuray of epoch 145 is 6.517857142857143
Epoch: [146] [0/7] eta: 0:00:13 lr: 0.0025 pcs/s: 312.729 loss: 5.6299 (5.6299) acc: 7.5000 (7.5000) time: 1.8900 data: 1.3780 max mem: 21099
Epoch: [146] [0/7] eta: 0:00:13 lr: 0.0025 pcs/s: 308.500 loss: 5.4763 (5.4763) acc: 5.6250 (5.6250) time: 1.8898 data: 1.3708 max mem: 21099
Epoch: [146] Total time: 0:00:04
mean accuray of epoch 146 is 6.428571428571429
Epoch: [146] Total time: 0:00:04
mean accuray of epoch 146 is 5.892857142857143
Epoch: [147] [0/7] eta: 0:00:13 lr: 0.0025 pcs/s: 313.807 loss: 5.6764 (5.6764) acc: 6.8750 (6.8750) time: 1.9278 data: 1.4175 max mem: 21099
Epoch: [147] [0/7] eta: 0:00:13 lr: 0.0025 pcs/s: 274.611 loss: 5.3935 (5.3935) acc: 6.8750 (6.8750) time: 1.9301 data: 1.3470 max mem: 21099
Epoch: [147] Total time: 0:00:04
Epoch: [147] Total time: 0:00:04
mean accuray of epoch 147 is 6.071428571428571
mean accuray of epoch 147 is 6.696428571428571
Epoch: [148] [0/7] eta: 0:00:12 lr: 0.0025 pcs/s: 286.559 loss: 5.6363 (5.6363) acc: 8.1250 (8.1250) time: 1.8556 data: 1.2969 max mem: 21099
Epoch: [148] [0/7] eta: 0:00:12 lr: 0.0025 pcs/s: 306.247 loss: 5.6262 (5.6262) acc: 7.5000 (7.5000) time: 1.8539 data: 1.3311 max mem: 21099
Epoch: [148] Total time: 0:00:04
mean accuray of epoch 148 is 6.875
Epoch: [148] Total time: 0:00:04
mean accuray of epoch 148 is 6.25
Epoch: [149] [0/7] eta: 0:00:12 lr: 0.0025 pcs/s: 305.221 loss: 5.5286 (5.5286) acc: 3.7500 (3.7500) time: 1.8536 data: 1.3290 max mem: 21099Epoch: [149] [0/7] eta: 0:00:12 lr: 0.0025 pcs/s: 326.679 loss: 5.3964 (5.3964) acc: 8.7500 (8.7500) time: 1.8481 data: 1.3579 max mem: 21099

Epoch: [149] Total time: 0:00:04
Epoch: [149] Total time: 0:00:04
mean accuray of epoch 149 is 7.142857142857143
mean accuray of epoch 149 is 6.160714285714286
Epoch: [150] [0/7] eta: 0:00:13 lr: 0.0025 pcs/s: 333.575 loss: 5.5421 (5.5421) acc: 3.1250 (3.1250) time: 1.8626 data: 1.3827 max mem: 21099
Epoch: [150] [0/7] eta: 0:00:13 lr: 0.0025 pcs/s: 310.364 loss: 5.4327 (5.4327) acc: 6.2500 (6.2500) time: 1.8626 data: 1.3467 max mem: 21099
Epoch: [150] Total time: 0:00:04
mean accuray of epoch 150 is 7.321428571428571
Epoch: [150] Total time: 0:00:04
mean accuray of epoch 150 is 6.607142857142857
Epoch: [151] [0/7] eta: 0:00:12 lr: 0.0025 pcs/s: 330.475 loss: 5.4364 (5.4364) acc: 9.3750 (9.3750) time: 1.8557 data: 1.3712 max mem: 21099Epoch: [151] [0/7] eta: 0:00:12 lr: 0.0025 pcs/s: 306.550 loss: 5.6835 (5.6835) acc: 4.3750 (4.3750) time: 1.8538 data: 1.3315 max mem: 21099

Epoch: [151] Total time: 0:00:04
Epoch: [151] Total time: 0:00:04
mean accuray of epoch 151 is 6.875
mean accuray of epoch 151 is 6.875
Epoch: [152] [0/7] eta: 0:00:12 lr: 0.0025 pcs/s: 318.416 loss: 5.4931 (5.4931) acc: 7.5000 (7.5000) time: 1.8040 data: 1.3012 max mem: 21099
Epoch: [152] [0/7] eta: 0:00:12 lr: 0.0025 pcs/s: 347.073 loss: 5.6306 (5.6306) acc: 6.2500 (6.2500) time: 1.8043 data: 1.3429 max mem: 21099
Epoch: [152] Total time: 0:00:04
Epoch: [152] Total time: 0:00:04
mean accuray of epoch 152 is 7.767857142857143
mean accuray of epoch 152 is 6.071428571428571
Epoch: [153] [0/7] eta: 0:00:12 lr: 0.0025 pcs/s: 337.942 loss: 5.6482 (5.6482) acc: 3.7500 (3.7500) time: 1.8486 data: 1.3748 max mem: 21099
Epoch: [153] [0/7] eta: 0:00:12 lr: 0.0025 pcs/s: 307.944 loss: 5.4597 (5.4597) acc: 6.2500 (6.2500) time: 1.8489 data: 1.3290 max mem: 21099
Epoch: [153] Total time: 0:00:04
Epoch: [153] Total time: 0:00:04
mean accuray of epoch 153 is 7.946428571428571
mean accuray of epoch 153 is 6.875
Epoch: [154] [0/7] eta: 0:00:12 lr: 0.0025 pcs/s: 290.662 loss: 5.5032 (5.5032) acc: 5.6250 (5.6250) time: 1.8476 data: 1.2968 max mem: 21099
Epoch: [154] [0/7] eta: 0:00:12 lr: 0.0025 pcs/s: 319.545 loss: 5.6208 (5.6208) acc: 5.6250 (5.6250) time: 1.8474 data: 1.3463 max mem: 21099
Epoch: [154] Total time: 0:00:04
Epoch: [154] Total time: 0:00:04
mean accuray of epoch 154 is 6.696428571428571
mean accuray of epoch 154 is 7.321428571428571
Epoch: [155] [0/7] eta: 0:00:13 lr: 0.0025 pcs/s: 308.974 loss: 5.6234 (5.6234) acc: 5.0000 (5.0000) time: 1.9320 data: 1.4138 max mem: 21099
Epoch: [155] [0/7] eta: 0:00:13 lr: 0.0025 pcs/s: 339.274 loss: 5.4659 (5.4659) acc: 6.8750 (6.8750) time: 1.9324 data: 1.4604 max mem: 21099
Epoch: [155] Total time: 0:00:04Epoch: [155] Total time: 0:00:04

mean accuray of epoch 155 is 6.25
mean accuray of epoch 155 is 6.339285714285714
Epoch: [156] [0/7] eta: 0:00:13 lr: 0.0025 pcs/s: 343.196 loss: 5.4406 (5.4406) acc: 11.2500 (11.2500) time: 1.9530 data: 1.4864 max mem: 21099
Epoch: [156] [0/7] eta: 0:00:13 lr: 0.0025 pcs/s: 309.991 loss: 5.4630 (5.4630) acc: 10.0000 (10.0000) time: 1.9493 data: 1.4328 max mem: 21099
Epoch: [156] Total time: 0:00:05
mean accuray of epoch 156 is 7.678571428571429
Epoch: [156] Total time: 0:00:05
mean accuray of epoch 156 is 6.964285714285714
Epoch: [157] [0/7] eta: 0:00:13 lr: 0.0025 pcs/s: 303.056 loss: 5.4915 (5.4915) acc: 7.5000 (7.5000) time: 1.9776 data: 1.4492 max mem: 21099Epoch: [157] [0/7] eta: 0:00:13 lr: 0.0025 pcs/s: 291.507 loss: 5.5024 (5.5024) acc: 6.8750 (6.8750) time: 1.9801 data: 1.4308 max mem: 21099

Epoch: [157] Total time: 0:00:05Epoch: [157] Total time: 0:00:05

mean accuray of epoch 157 is 6.339285714285714
mean accuray of epoch 157 is 6.696428571428571
Epoch: [158] [0/7] eta: 0:00:13 lr: 0.0025 pcs/s: 340.344 loss: 5.5388 (5.5388) acc: 8.1250 (8.1250) time: 1.9103 data: 1.4398 max mem: 21099Epoch: [158] [0/7] eta: 0:00:13 lr: 0.0025 pcs/s: 307.451 loss: 5.5389 (5.5389) acc: 7.5000 (7.5000) time: 1.9103 data: 1.3894 max mem: 21099

Epoch: [158] Total time: 0:00:05
mean accuray of epoch 158 is 6.785714285714286
Epoch: [158] Total time: 0:00:05
mean accuray of epoch 158 is 6.160714285714286
Epoch: [159] [0/7] eta: 0:00:14 lr: 0.0025 pcs/s: 294.268 loss: 5.4090 (5.4090) acc: 6.8750 (6.8750) time: 2.0951 data: 1.5510 max mem: 21099
Epoch: [159] [0/7] eta: 0:00:14 lr: 0.0025 pcs/s: 310.616 loss: 5.6099 (5.6099) acc: 3.7500 (3.7500) time: 2.0960 data: 1.5804 max mem: 21099
Epoch: [159] Total time: 0:00:05
Epoch: [159] Total time: 0:00:05
mean accuray of epoch 159 is 5.803571428571429
mean accuray of epoch 159 is 6.785714285714286
Epoch: [160] [0/7] eta: 0:00:14 lr: 0.0025 pcs/s: 305.963 loss: 5.8401 (5.8401) acc: 2.5000 (2.5000) time: 2.1304 data: 1.6071 max mem: 21099Epoch: [160] [0/7] eta: 0:00:13 lr: 0.0025 pcs/s: 311.738 loss: 5.3819 (5.3819) acc: 8.7500 (8.7500) time: 1.9876 data: 1.4739 max mem: 21099

Epoch: [160] Total time: 0:00:05
Epoch: [160] Total time: 0:00:05
mean accuray of epoch 160 is 6.964285714285714
mean accuray of epoch 160 is 6.339285714285714
Epoch: [161] [0/7] eta: 0:00:13 lr: 0.0025 pcs/s: 318.535 loss: 5.6582 (5.6582) acc: 3.1250 (3.1250) time: 1.9129 data: 1.4102 max mem: 21099
Epoch: [161] [0/7] eta: 0:00:13 lr: 0.0025 pcs/s: 315.822 loss: 5.3763 (5.3763) acc: 9.3750 (9.3750) time: 1.9128 data: 1.4058 max mem: 21099
Epoch: [161] Total time: 0:00:05Epoch: [161] Total time: 0:00:05

mean accuray of epoch 161 is 6.339285714285714mean accuray of epoch 161 is 8.035714285714286

Epoch: [162] [0/7] eta: 0:00:13 lr: 0.0025 pcs/s: 306.451 loss: 5.5172 (5.5172) acc: 8.1250 (8.1250) time: 1.8860 data: 1.3635 max mem: 21099
Epoch: [162] [0/7] eta: 0:00:13 lr: 0.0025 pcs/s: 333.724 loss: 5.4014 (5.4014) acc: 8.7500 (8.7500) time: 1.8861 data: 1.4063 max mem: 21099
Epoch: [162] Total time: 0:00:04
mean accuray of epoch 162 is 6.607142857142857
Epoch: [162] Total time: 0:00:04
mean accuray of epoch 162 is 6.160714285714286
Epoch: [163] [0/7] eta: 0:00:13 lr: 0.0025 pcs/s: 323.182 loss: 5.4421 (5.4421) acc: 6.8750 (6.8750) time: 1.9269 data: 1.4314 max mem: 21099Epoch: [163] [0/7] eta: 0:00:13 lr: 0.0025 pcs/s: 282.087 loss: 5.3295 (5.3295) acc: 8.1250 (8.1250) time: 1.9342 data: 1.3667 max mem: 21099

Epoch: [163] Total time: 0:00:05Epoch: [163] Total time: 0:00:05

mean accuray of epoch 163 is 5.714285714285714mean accuray of epoch 163 is 7.589285714285714

Epoch: [164] [0/7] eta: 0:00:12 lr: 0.0025 pcs/s: 324.593 loss: 5.4637 (5.4637) acc: 7.5000 (7.5000) time: 1.8297 data: 1.3364 max mem: 21099
Epoch: [164] [0/7] eta: 0:00:12 lr: 0.0025 pcs/s: 314.823 loss: 5.5837 (5.5837) acc: 6.8750 (6.8750) time: 1.8297 data: 1.3211 max mem: 21099
Epoch: [164] Total time: 0:00:04Epoch: [164] Total time: 0:00:04

mean accuray of epoch 164 is 7.946428571428571
mean accuray of epoch 164 is 6.964285714285714
Epoch: [165] [0/7] eta: 0:00:13 lr: 0.0025 pcs/s: 276.642 loss: 5.5179 (5.5179) acc: 8.1250 (8.1250) time: 1.9262 data: 1.3475 max mem: 21099
Epoch: [165] [0/7] eta: 0:00:13 lr: 0.0025 pcs/s: 315.649 loss: 5.5281 (5.5281) acc: 7.5000 (7.5000) time: 1.9302 data: 1.4229 max mem: 21099
Epoch: [165] Total time: 0:00:05
Epoch: [165] Total time: 0:00:05
mean accuray of epoch 165 is 6.875
mean accuray of epoch 165 is 7.678571428571429
Epoch: [166] [0/7] eta: 0:00:13 lr: 0.0025 pcs/s: 347.101 loss: 5.6223 (5.6223) acc: 7.5000 (7.5000) time: 1.9341 data: 1.4728 max mem: 21099
Epoch: [166] [0/7] eta: 0:00:13 lr: 0.0025 pcs/s: 270.986 loss: 5.6236 (5.6236) acc: 5.6250 (5.6250) time: 1.9344 data: 1.3436 max mem: 21099
Epoch: [166] Total time: 0:00:05
Epoch: [166] Total time: 0:00:05
mean accuray of epoch 166 is 6.964285714285714
mean accuray of epoch 166 is 5.982142857142857
Epoch: [167] [0/7] eta: 0:00:12 lr: 0.0025 pcs/s: 347.074 loss: 5.4501 (5.4501) acc: 6.8750 (6.8750) time: 1.8260 data: 1.3647 max mem: 21099Epoch: [167] [0/7] eta: 0:00:12 lr: 0.0025 pcs/s: 321.653 loss: 5.6580 (5.6580) acc: 5.0000 (5.0000) time: 1.8258 data: 1.3280 max mem: 21099

Epoch: [167] Total time: 0:00:04Epoch: [167] Total time: 0:00:04

mean accuray of epoch 167 is 5.982142857142857
mean accuray of epoch 167 is 6.696428571428571
Epoch: [168] [0/7] eta: 0:00:12 lr: 0.0025 pcs/s: 307.972 loss: 5.6588 (5.6588) acc: 6.2500 (6.2500) time: 1.8506 data: 1.3307 max mem: 21099
Epoch: [168] [0/7] eta: 0:00:12 lr: 0.0025 pcs/s: 309.277 loss: 5.4533 (5.4533) acc: 5.0000 (5.0000) time: 1.8506 data: 1.3328 max mem: 21099
Epoch: [168] Total time: 0:00:05
Epoch: [168] Total time: 0:00:05
mean accuray of epoch 168 is 5.535714285714286
mean accuray of epoch 168 is 7.589285714285714
Epoch: [169] [0/7] eta: 0:00:13 lr: 0.0025 pcs/s: 308.318 loss: 5.5781 (5.5781) acc: 6.8750 (6.8750) time: 1.8572 data: 1.3379 max mem: 21099
Epoch: [169] [0/7] eta: 0:00:12 lr: 0.0025 pcs/s: 328.513 loss: 5.6117 (5.6117) acc: 3.7500 (3.7500) time: 1.8571 data: 1.3696 max mem: 21099
Epoch: [169] Total time: 0:00:04
Epoch: [169] Total time: 0:00:04
mean accuray of epoch 169 is 7.589285714285714
mean accuray of epoch 169 is 6.517857142857143
Epoch: [170] [0/7] eta: 0:00:12 lr: 0.0025 pcs/s: 332.028 loss: 5.6234 (5.6234) acc: 8.1250 (8.1250) time: 1.8427 data: 1.3604 max mem: 21099
Epoch: [170] [0/7] eta: 0:00:12 lr: 0.0025 pcs/s: 349.408 loss: 5.4919 (5.4919) acc: 8.7500 (8.7500) time: 1.8388 data: 1.3805 max mem: 21099
Epoch: [170] Total time: 0:00:04
mean accuray of epoch 170 is 6.607142857142857
Epoch: [170] Total time: 0:00:04
mean accuray of epoch 170 is 6.339285714285714
Epoch: [171] [0/7] eta: 0:00:13 lr: 0.0025 pcs/s: 324.126 loss: 5.8126 (5.8126) acc: 5.0000 (5.0000) time: 1.8697 data: 1.3757 max mem: 21099
Epoch: [171] [0/7] eta: 0:00:13 lr: 0.0025 pcs/s: 311.650 loss: 5.7902 (5.7902) acc: 9.3750 (9.3750) time: 1.8681 data: 1.3543 max mem: 21099
Epoch: [171] Total time: 0:00:04
Epoch: [171] Total time: 0:00:04
mean accuray of epoch 171 is 5.892857142857143
mean accuray of epoch 171 is 6.696428571428571
Epoch: [172] [0/7] eta: 0:00:13 lr: 0.0025 pcs/s: 326.205 loss: 5.9301 (5.9301) acc: 5.0000 (5.0000) time: 1.8733 data: 1.3825 max mem: 21099
Epoch: [172] [0/7] eta: 0:00:13 lr: 0.0025 pcs/s: 312.283 loss: 6.0632 (6.0632) acc: 6.2500 (6.2500) time: 1.8732 data: 1.3604 max mem: 21099
Epoch: [172] Total time: 0:00:04
mean accuray of epoch 172 is 6.160714285714286
Epoch: [172] Total time: 0:00:04
mean accuray of epoch 172 is 6.785714285714286
Epoch: [173] [0/7] eta: 0:00:12 lr: 0.0025 pcs/s: 328.313 loss: 5.9844 (5.9844) acc: 3.1250 (3.1250) time: 1.8377 data: 1.3500 max mem: 21099Epoch: [173] [0/7] eta: 0:00:12 lr: 0.0025 pcs/s: 344.287 loss: 6.0087 (6.0087) acc: 7.5000 (7.5000) time: 1.8329 data: 1.3678 max mem: 21099

Epoch: [173] Total time: 0:00:04
Epoch: [173] Total time: 0:00:04
mean accuray of epoch 173 is 6.428571428571429
mean accuray of epoch 173 is 6.428571428571429
Epoch: [174] [0/7] eta: 0:00:12 lr: 0.0025 pcs/s: 326.593 loss: 6.1315 (6.1315) acc: 3.7500 (3.7500) time: 1.8381 data: 1.3479 max mem: 21099Epoch: [174] [0/7] eta: 0:00:12 lr: 0.0025 pcs/s: 315.272 loss: 5.9468 (5.9468) acc: 6.2500 (6.2500) time: 1.8340 data: 1.3261 max mem: 21099

Epoch: [174] Total time: 0:00:04
Epoch: [174] Total time: 0:00:04
mean accuray of epoch 174 is 6.785714285714286
mean accuray of epoch 174 is 5.178571428571429
Epoch: [175] [0/7] eta: 0:00:13 lr: 0.0025 pcs/s: 322.039 loss: 5.9466 (5.9466) acc: 8.1250 (8.1250) time: 1.8648 data: 1.3676 max mem: 21099
Epoch: [175] [0/7] eta: 0:00:13 lr: 0.0025 pcs/s: 324.872 loss: 5.8176 (5.8176) acc: 6.2500 (6.2500) time: 1.8648 data: 1.3719 max mem: 21099
Epoch: [175] Total time: 0:00:05
Epoch: [175] Total time: 0:00:05
mean accuray of epoch 175 is 7.589285714285714
mean accuray of epoch 175 is 7.053571428571429
Epoch: [176] [0/7] eta: 0:00:12 lr: 0.0025 pcs/s: 326.064 loss: 5.9612 (5.9612) acc: 8.1250 (8.1250) time: 1.8172 data: 1.3261 max mem: 21099Epoch: [176] [0/7] eta: 0:00:12 lr: 0.0025 pcs/s: 303.567 loss: 5.7509 (5.7509) acc: 9.3750 (9.3750) time: 1.8183 data: 1.2908 max mem: 21099

Epoch: [176] Total time: 0:00:05
Epoch: [176] Total time: 0:00:05
mean accuray of epoch 176 is 7.053571428571429
mean accuray of epoch 176 is 5.446428571428571
Epoch: [177] [0/7] eta: 0:00:13 lr: 0.0025 pcs/s: 272.285 loss: 5.6786 (5.6786) acc: 5.0000 (5.0000) time: 1.9231 data: 1.3351 max mem: 21099Epoch: [177] [0/7] eta: 0:00:13 lr: 0.0025 pcs/s: 309.568 loss: 5.8767 (5.8767) acc: 3.7500 (3.7500) time: 1.9231 data: 1.4059 max mem: 21099

Epoch: [177] Total time: 0:00:05
Epoch: [177] Total time: 0:00:05
mean accuray of epoch 177 is 5.982142857142857
mean accuray of epoch 177 is 7.232142857142857
Epoch: [178] [0/7] eta: 0:00:12 lr: 0.0025 pcs/s: 328.804 loss: 5.7080 (5.7080) acc: 11.2500 (11.2500) time: 1.8332 data: 1.3463 max mem: 21099
Epoch: [178] [0/7] eta: 0:00:12 lr: 0.0025 pcs/s: 318.306 loss: 5.6831 (5.6831) acc: 6.8750 (6.8750) time: 1.8333 data: 1.3303 max mem: 21099
Epoch: [178] Total time: 0:00:04
mean accuray of epoch 178 is 7.767857142857143
Epoch: [178] Total time: 0:00:04
mean accuray of epoch 178 is 6.160714285714286
Epoch: [179] [0/7] eta: 0:00:13 lr: 0.0025 pcs/s: 319.772 loss: 5.9074 (5.9074) acc: 4.3750 (4.3750) time: 1.8585 data: 1.3578 max mem: 21099Epoch: [179] [0/7] eta: 0:00:13 lr: 0.0025 pcs/s: 321.828 loss: 5.7890 (5.7890) acc: 8.1250 (8.1250) time: 1.8594 data: 1.3619 max mem: 21099

Epoch: [179] Total time: 0:00:04
Epoch: [179] Total time: 0:00:04
mean accuray of epoch 179 is 7.767857142857143
mean accuray of epoch 179 is 5.982142857142857
Epoch: [180] [0/7] eta: 0:00:12 lr: 0.0025 pcs/s: 284.139 loss: 5.9181 (5.9181) acc: 6.2500 (6.2500) time: 1.8052 data: 1.2418 max mem: 21099
Epoch: [180] [0/7] eta: 0:00:12 lr: 0.0025 pcs/s: 311.172 loss: 5.7986 (5.7986) acc: 10.0000 (10.0000) time: 1.8052 data: 1.2906 max mem: 21099
Epoch: [180] Total time: 0:00:04Epoch: [180] Total time: 0:00:04

mean accuray of epoch 180 is 5.803571428571429
mean accuray of epoch 180 is 6.875
Epoch: [181] [0/7] eta: 0:00:12 lr: 0.0025 pcs/s: 280.741 loss: 5.8047 (5.8047) acc: 7.5000 (7.5000) time: 1.8565 data: 1.2863 max mem: 21099
Epoch: [181] [0/7] eta: 0:00:12 lr: 0.0025 pcs/s: 321.137 loss: 5.7742 (5.7742) acc: 10.0000 (10.0000) time: 1.8566 data: 1.3580 max mem: 21099
Epoch: [181] Total time: 0:00:04Epoch: [181] Total time: 0:00:04

mean accuray of epoch 181 is 8.660714285714286
mean accuray of epoch 181 is 7.857142857142857
Epoch: [182] [0/7] eta: 0:00:13 lr: 0.0025 pcs/s: 299.542 loss: 5.7058 (5.7058) acc: 4.3750 (4.3750) time: 1.8643 data: 1.3298 max mem: 21099Epoch: [182] [0/7] eta: 0:00:13 lr: 0.0025 pcs/s: 325.763 loss: 5.8265 (5.8265) acc: 5.6250 (5.6250) time: 1.8643 data: 1.3728 max mem: 21099

Epoch: [182] Total time: 0:00:04Epoch: [182] Total time: 0:00:04

mean accuray of epoch 182 is 5.267857142857143
mean accuray of epoch 182 is 5.357142857142857
Epoch: [183] [0/7] eta: 0:00:13 lr: 0.0025 pcs/s: 323.613 loss: 5.6815 (5.6815) acc: 5.6250 (5.6250) time: 1.9003 data: 1.4055 max mem: 21099
Epoch: [183] [0/7] eta: 0:00:13 lr: 0.0025 pcs/s: 278.841 loss: 5.6861 (5.6861) acc: 5.0000 (5.0000) time: 1.9005 data: 1.3263 max mem: 21099
Epoch: [183] Total time: 0:00:05
Epoch: [183] Total time: 0:00:05
mean accuray of epoch 183 is 6.071428571428571
mean accuray of epoch 183 is 6.696428571428571
Epoch: [184] [0/7] eta: 0:00:12 lr: 0.0025 pcs/s: 340.665 loss: 5.7184 (5.7184) acc: 8.1250 (8.1250) time: 1.8521 data: 1.3821 max mem: 21099
Epoch: [184] [0/7] eta: 0:00:12 lr: 0.0025 pcs/s: 309.703 loss: 5.8641 (5.8641) acc: 6.2500 (6.2500) time: 1.8520 data: 1.3350 max mem: 21099
Epoch: [184] Total time: 0:00:04
mean accuray of epoch 184 is 6.607142857142857
Epoch: [184] Total time: 0:00:04
mean accuray of epoch 184 is 7.232142857142857
Epoch: [185] [0/7] eta: 0:00:13 lr: 0.0025 pcs/s: 313.011 loss: 5.8061 (5.8061) acc: 6.2500 (6.2500) time: 1.8751 data: 1.3636 max mem: 21099
Epoch: [185] [0/7] eta: 0:00:13 lr: 0.0025 pcs/s: 309.019 loss: 5.7488 (5.7488) acc: 6.2500 (6.2500) time: 1.8790 data: 1.3609 max mem: 21099
Epoch: [185] Total time: 0:00:04
Epoch: [185] Total time: 0:00:04
mean accuray of epoch 185 is 6.339285714285714
mean accuray of epoch 185 is 7.678571428571429
Epoch: [186] [0/7] eta: 0:00:13 lr: 0.0025 pcs/s: 277.979 loss: 5.8103 (5.8103) acc: 7.5000 (7.5000) time: 1.8895 data: 1.3136 max mem: 21099Epoch: [186] [0/7] eta: 0:00:13 lr: 0.0025 pcs/s: 303.909 loss: 5.9929 (5.9929) acc: 3.7500 (3.7500) time: 1.8894 data: 1.3626 max mem: 21099

Epoch: [186] Total time: 0:00:05Epoch: [186] Total time: 0:00:05

mean accuray of epoch 186 is 6.785714285714286
mean accuray of epoch 186 is 5.982142857142857
Epoch: [187] [0/7] eta: 0:00:13 lr: 0.0025 pcs/s: 246.831 loss: 5.6498 (5.6498) acc: 9.3750 (9.3750) time: 1.9343 data: 1.2858 max mem: 21099Epoch: [187] [0/7] eta: 0:00:13 lr: 0.0025 pcs/s: 311.178 loss: 5.8871 (5.8871) acc: 6.2500 (6.2500) time: 1.9342 data: 1.4196 max mem: 21099

Epoch: [187] Total time: 0:00:05
Epoch: [187] Total time: 0:00:05
mean accuray of epoch 187 is 8.035714285714286
mean accuray of epoch 187 is 6.875
Epoch: [188] [0/7] eta: 0:00:13 lr: 0.0025 pcs/s: 275.922 loss: 5.6536 (5.6536) acc: 6.2500 (6.2500) time: 1.8720 data: 1.2918 max mem: 21099
Epoch: [188] [0/7] eta: 0:00:13 lr: 0.0025 pcs/s: 316.031 loss: 5.6111 (5.6111) acc: 11.8750 (11.8750) time: 1.8719 data: 1.3652 max mem: 21099
Epoch: [188] Total time: 0:00:05
mean accuray of epoch 188 is 6.607142857142857
Epoch: [188] Total time: 0:00:05
mean accuray of epoch 188 is 6.875
Epoch: [189] [0/7] eta: 0:00:12 lr: 0.0025 pcs/s: 316.895 loss: 5.7318 (5.7318) acc: 8.1250 (8.1250) time: 1.7686 data: 1.2634 max mem: 21099
Epoch: [189] [0/7] eta: 0:00:12 lr: 0.0025 pcs/s: 340.038 loss: 5.5507 (5.5507) acc: 5.0000 (5.0000) time: 1.7695 data: 1.2986 max mem: 21099
Epoch: [189] Total time: 0:00:04
Epoch: [189] Total time: 0:00:04
mean accuray of epoch 189 is 6.428571428571429
mean accuray of epoch 189 is 7.678571428571429
Epoch: [190] [0/7] eta: 0:00:13 lr: 0.0025 pcs/s: 307.349 loss: 5.6024 (5.6024) acc: 7.5000 (7.5000) time: 1.9272 data: 1.4062 max mem: 21099Epoch: [190] [0/7] eta: 0:00:13 lr: 0.0025 pcs/s: 345.610 loss: 5.8362 (5.8362) acc: 4.3750 (4.3750) time: 1.9273 data: 1.4640 max mem: 21099

Epoch: [190] Total time: 0:00:05
Epoch: [190] Total time: 0:00:05
mean accuray of epoch 190 is 7.321428571428571
mean accuray of epoch 190 is 5.446428571428571
Epoch: [191] [0/7] eta: 0:00:12 lr: 0.0025 pcs/s: 344.839 loss: 5.7362 (5.7362) acc: 6.8750 (6.8750) time: 1.7899 data: 1.3256 max mem: 21099Epoch: [191] [0/7] eta: 0:00:12 lr: 0.0025 pcs/s: 324.831 loss: 5.8312 (5.8312) acc: 6.2500 (6.2500) time: 1.7901 data: 1.2971 max mem: 21099

Epoch: [191] Total time: 0:00:04Epoch: [191] Total time: 0:00:04

mean accuray of epoch 191 is 7.410714285714286
mean accuray of epoch 191 is 7.589285714285714
Epoch: [192] [0/7] eta: 0:00:13 lr: 0.0025 pcs/s: 307.367 loss: 5.5041 (5.5041) acc: 7.5000 (7.5000) time: 1.9759 data: 1.4549 max mem: 21099
Epoch: [192] [0/7] eta: 0:00:13 lr: 0.0025 pcs/s: 278.903 loss: 5.9200 (5.9200) acc: 7.5000 (7.5000) time: 1.9760 data: 1.4019 max mem: 21099
Epoch: [192] Total time: 0:00:05Epoch: [192] Total time: 0:00:05

mean accuray of epoch 192 is 6.071428571428571
mean accuray of epoch 192 is 7.5
Epoch: [193] [0/7] eta: 0:00:12 lr: 0.0025 pcs/s: 312.755 loss: 5.6857 (5.6857) acc: 6.8750 (6.8750) time: 1.8567 data: 1.3448 max mem: 21099
Epoch: [193] [0/7] eta: 0:00:12 lr: 0.0025 pcs/s: 308.282 loss: 5.7561 (5.7561) acc: 3.7500 (3.7500) time: 1.8514 data: 1.3321 max mem: 21099
Epoch: [193] Total time: 0:00:04Epoch: [193] Total time: 0:00:04

mean accuray of epoch 193 is 6.875
mean accuray of epoch 193 is 6.785714285714286
Epoch: [194] [0/7] eta: 0:00:12 lr: 0.0025 pcs/s: 291.036 loss: 5.4621 (5.4621) acc: 9.3750 (9.3750) time: 1.7958 data: 1.2457 max mem: 21099
Epoch: [194] [0/7] eta: 0:00:12 lr: 0.0025 pcs/s: 309.965 loss: 5.6043 (5.6043) acc: 8.1250 (8.1250) time: 1.7959 data: 1.2793 max mem: 21099
Epoch: [194] Total time: 0:00:04
Epoch: [194] Total time: 0:00:04
mean accuray of epoch 194 is 8.125
mean accuray of epoch 194 is 6.785714285714286
Epoch: [195] [0/7] eta: 0:00:13 lr: 0.0025 pcs/s: 306.306 loss: 5.5517 (5.5517) acc: 7.5000 (7.5000) time: 1.8685 data: 1.3458 max mem: 21099
Epoch: [195] [0/7] eta: 0:00:13 lr: 0.0025 pcs/s: 331.861 loss: 5.6440 (5.6440) acc: 4.3750 (4.3750) time: 1.8685 data: 1.3860 max mem: 21099
Epoch: [195] Total time: 0:00:04
Epoch: [195] Total time: 0:00:04
mean accuray of epoch 195 is 6.607142857142857
mean accuray of epoch 195 is 7.946428571428571
Epoch: [196] [0/7] eta: 0:00:13 lr: 0.0025 pcs/s: 276.250 loss: 5.7487 (5.7487) acc: 6.2500 (6.2500) time: 1.8638 data: 1.2843 max mem: 21099
Epoch: [196] [0/7] eta: 0:00:13 lr: 0.0025 pcs/s: 311.489 loss: 5.7463 (5.7463) acc: 5.6250 (5.6250) time: 1.8636 data: 1.3496 max mem: 21099
Epoch: [196] Total time: 0:00:04
mean accuray of epoch 196 is 5.625
Epoch: [196] Total time: 0:00:04
mean accuray of epoch 196 is 6.607142857142857
Epoch: [197] [0/7] eta: 0:00:13 lr: 0.0025 pcs/s: 348.108 loss: 5.6444 (5.6444) acc: 6.2500 (6.2500) time: 1.8590 data: 1.3990 max mem: 21099Epoch: [197] [0/7] eta: 0:00:13 lr: 0.0025 pcs/s: 293.378 loss: 5.4633 (5.4633) acc: 11.2500 (11.2500) time: 1.8598 data: 1.3140 max mem: 21099

Epoch: [197] Total time: 0:00:04
mean accuray of epoch 197 is 6.875
Epoch: [197] Total time: 0:00:04
mean accuray of epoch 197 is 7.142857142857143
Epoch: [198] [0/7] eta: 0:00:13 lr: 0.0025 pcs/s: 284.399 loss: 5.5740 (5.5740) acc: 6.2500 (6.2500) time: 1.8581 data: 1.2951 max mem: 21099Epoch: [198] [0/7] eta: 0:00:13 lr: 0.0025 pcs/s: 314.126 loss: 5.6744 (5.6744) acc: 8.7500 (8.7500) time: 1.8595 data: 1.3498 max mem: 21099

Epoch: [198] Total time: 0:00:04
Epoch: [198] Total time: 0:00:04
mean accuray of epoch 198 is 6.25
mean accuray of epoch 198 is 6.785714285714286
Epoch: [199] [0/7] eta: 0:00:12 lr: 0.0025 pcs/s: 322.266 loss: 5.7749 (5.7749) acc: 6.2500 (6.2500) time: 1.8327 data: 1.3359 max mem: 21099
Epoch: [199] [0/7] eta: 0:00:12 lr: 0.0025 pcs/s: 337.168 loss: 5.6376 (5.6376) acc: 7.5000 (7.5000) time: 1.8351 data: 1.3602 max mem: 21099
Epoch: [199] Total time: 0:00:04
mean accuray of epoch 199 is 6.696428571428571
Total training time: 0:16:21
Epoch: [199] Total time: 0:00:04
mean accuray of epoch 199 is 6.339285714285714
Total training time: 0:16:21
