args:Namespace(ann_path='/home/hhfan/code/pc/process/label/test_selected_4_uid_path_idx_dict.json', batch_size=160, depth=12, dim=7, dim_head=64, dropout=0.0, emb_dropout=0.0, epochs=200, heads=8, lr=0.001, lr_gamma=0.5, lr_milestones=[20, 35], lr_warmup_epochs=5, mlp_dim=512, model='PointNet', momentum=0.9, num_classes=908, num_points=4096, optimizer='SGD', output_dir='/mnt/data_sdb/pn_output/log2', pc_root='/mnt/data_sdb/obj', pool='cls', print_freq=40, process_data=False, resume='', save_interval=40, seed=0, split='train', start_epoch=0, use_normals=True, use_uniform_sample=False, weight_decay=0.0001, workers=16)
Creating data loaders ...
args:Namespace(ann_path='/home/hhfan/code/pc/process/label/test_selected_4_uid_path_idx_dict.json', batch_size=160, depth=12, dim=7, dim_head=64, dropout=0.0, emb_dropout=0.0, epochs=200, heads=8, lr=0.001, lr_gamma=0.5, lr_milestones=[20, 35], lr_warmup_epochs=5, mlp_dim=512, model='PointNet', momentum=0.9, num_classes=908, num_points=4096, optimizer='SGD', output_dir='/mnt/data_sdb/pn_output/log2', pc_root='/mnt/data_sdb/obj', pool='cls', print_freq=40, process_data=False, resume='', save_interval=40, seed=0, split='train', start_epoch=0, use_normals=True, use_uniform_sample=False, weight_decay=0.0001, workers=16)
Creating data loaders ...
Creating PointTransformer model ...
Creating PointTransformer model ...
Start training ...
Start training ...
Epoch: [0] [0/7] eta: 0:00:25 lr: 1e-08 pcs/s: 65.448 loss: 7.0196 (7.0196) acc: 0.0000 (0.0000) time: 3.6991 data: 1.2540 max mem: 21074
Epoch: [0] [0/7] eta: 0:00:25 lr: 1e-08 pcs/s: 65.301 loss: 7.0266 (7.0266) acc: 0.0000 (0.0000) time: 3.7013 data: 1.2506 max mem: 21074
Epoch: [0] Total time: 0:00:06
Epoch: [0] Total time: 0:00:06
mean accuray of epoch 0 is 0.0
mean accuray of epoch 0 is 0.08928571428571429
Epoch: [1] [0/7] eta: 0:00:13 lr: 0.00021539246153846157 pcs/s: 268.888 loss: 6.9799 (6.9799) acc: 0.0000 (0.0000) time: 1.9412 data: 1.3458 max mem: 21099Epoch: [1] [0/7] eta: 0:00:13 lr: 0.00021539246153846157 pcs/s: 307.952 loss: 7.0480 (7.0480) acc: 0.0000 (0.0000) time: 1.9383 data: 1.4183 max mem: 21099

Epoch: [1] Total time: 0:00:05
Epoch: [1] Total time: 0:00:05
mean accuray of epoch 1 is 0.08928571428571429
mean accuray of epoch 1 is 0.17857142857142858
Epoch: [2] [0/7] eta: 0:00:13 lr: 0.00043077492307692315 pcs/s: 360.774 loss: 6.9600 (6.9600) acc: 0.0000 (0.0000) time: 1.8717 data: 1.4278 max mem: 21099
Epoch: [2] [0/7] eta: 0:00:13 lr: 0.00043077492307692315 pcs/s: 296.330 loss: 6.9760 (6.9760) acc: 0.0000 (0.0000) time: 1.8694 data: 1.3287 max mem: 21099
Epoch: [2] Total time: 0:00:04
Epoch: [2] Total time: 0:00:04
mean accuray of epoch 2 is 0.0
mean accuray of epoch 2 is 0.0
Epoch: [3] [0/7] eta: 0:00:13 lr: 0.0006461573846153846 pcs/s: 342.711 loss: 6.9345 (6.9345) acc: 0.0000 (0.0000) time: 1.9311 data: 1.4639 max mem: 21099
Epoch: [3] [0/7] eta: 0:00:13 lr: 0.0006461573846153846 pcs/s: 317.466 loss: 7.0110 (7.0110) acc: 0.0000 (0.0000) time: 1.9325 data: 1.4281 max mem: 21099
Epoch: [3] Total time: 0:00:04
Epoch: [3] Total time: 0:00:04
mean accuray of epoch 3 is 0.17857142857142858
mean accuray of epoch 3 is 0.08928571428571429
Epoch: [4] [0/7] eta: 0:00:13 lr: 0.0008615398461538461 pcs/s: 346.365 loss: 7.0003 (7.0003) acc: 0.6250 (0.6250) time: 1.9026 data: 1.4402 max mem: 21099
Epoch: [4] [0/7] eta: 0:00:13 lr: 0.0008615398461538461 pcs/s: 327.625 loss: 6.9513 (6.9513) acc: 0.6250 (0.6250) time: 1.9022 data: 1.4135 max mem: 21099
Epoch: [4] Total time: 0:00:04
mean accuray of epoch 4 is 0.8035714285714286
Epoch: [4] Total time: 0:00:04
mean accuray of epoch 4 is 0.9821428571428571
Epoch: [5] [0/7] eta: 0:00:13 lr: 0.001 pcs/s: 346.301 loss: 6.8968 (6.8968) acc: 1.2500 (1.2500) time: 1.8700 data: 1.4075 max mem: 21099
Epoch: [5] [0/7] eta: 0:00:13 lr: 0.001 pcs/s: 341.112 loss: 6.8060 (6.8060) acc: 3.1250 (3.1250) time: 1.8799 data: 1.4105 max mem: 21099
Epoch: [5] Total time: 0:00:04
Epoch: [5] Total time: 0:00:04
mean accuray of epoch 5 is 1.3392857142857142
mean accuray of epoch 5 is 1.0714285714285714
Epoch: [6] [0/7] eta: 0:00:12 lr: 0.001 pcs/s: 305.010 loss: 6.9126 (6.9126) acc: 1.8750 (1.8750) time: 1.8511 data: 1.3261 max mem: 21099
Epoch: [6] [0/7] eta: 0:00:12 lr: 0.001 pcs/s: 362.671 loss: 7.0923 (7.0923) acc: 0.0000 (0.0000) time: 1.8483 data: 1.4068 max mem: 21099
Epoch: [6] Total time: 0:00:04
Epoch: [6] Total time: 0:00:04
mean accuray of epoch 6 is 1.25
mean accuray of epoch 6 is 1.4285714285714286
Epoch: [7] [0/7] eta: 0:00:13 lr: 0.001 pcs/s: 299.062 loss: 7.2732 (7.2732) acc: 1.2500 (1.2500) time: 1.9137 data: 1.3784 max mem: 21099
Epoch: [7] [0/7] eta: 0:00:13 lr: 0.001 pcs/s: 352.765 loss: 7.3670 (7.3670) acc: 0.6250 (0.6250) time: 1.9143 data: 1.4604 max mem: 21099
Epoch: [7] Total time: 0:00:04Epoch: [7] Total time: 0:00:04

mean accuray of epoch 7 is 1.6071428571428572mean accuray of epoch 7 is 1.3392857142857142

Epoch: [8] [0/7] eta: 0:00:12 lr: 0.001 pcs/s: 347.172 loss: 7.5521 (7.5521) acc: 0.6250 (0.6250) time: 1.8546 data: 1.3934 max mem: 21099
Epoch: [8] [0/7] eta: 0:00:12 lr: 0.001 pcs/s: 325.636 loss: 7.4915 (7.4915) acc: 1.2500 (1.2500) time: 1.8547 data: 1.3630 max mem: 21099
Epoch: [8] Total time: 0:00:04
Epoch: [8] Total time: 0:00:04
mean accuray of epoch 8 is 1.6964285714285714
mean accuray of epoch 8 is 1.25
Epoch: [9] [0/7] eta: 0:00:12 lr: 0.001 pcs/s: 323.829 loss: 7.8307 (7.8307) acc: 1.8750 (1.8750) time: 1.8170 data: 1.3226 max mem: 21099
Epoch: [9] [0/7] eta: 0:00:12 lr: 0.001 pcs/s: 351.733 loss: 7.8189 (7.8189) acc: 2.5000 (2.5000) time: 1.8171 data: 1.3619 max mem: 21099
Epoch: [9] Total time: 0:00:04
mean accuray of epoch 9 is 1.5178571428571428
Epoch: [9] Total time: 0:00:04
mean accuray of epoch 9 is 2.3214285714285716
Epoch: [10] [0/7] eta: 0:00:13 lr: 0.001 pcs/s: 342.122 loss: 12.5828 (12.5828) acc: 1.2500 (1.2500) time: 1.8594 data: 1.3914 max mem: 21099
Epoch: [10] [0/7] eta: 0:00:13 lr: 0.001 pcs/s: 303.992 loss: 12.4661 (12.4661) acc: 1.8750 (1.8750) time: 1.8603 data: 1.3336 max mem: 21099
Epoch: [10] Total time: 0:00:04
Epoch: [10] Total time: 0:00:04
mean accuray of epoch 10 is 2.3214285714285716
mean accuray of epoch 10 is 1.5178571428571428
Epoch: [11] [0/7] eta: 0:00:12 lr: 0.001 pcs/s: 321.006 loss: 16.6119 (16.6119) acc: 0.6250 (0.6250) time: 1.8419 data: 1.3431 max mem: 21099
Epoch: [11] [0/7] eta: 0:00:12 lr: 0.001 pcs/s: 352.317 loss: 16.6781 (16.6781) acc: 4.3750 (4.3750) time: 1.8420 data: 1.3875 max mem: 21099
Epoch: [11] Total time: 0:00:04
Epoch: [11] Total time: 0:00:04
mean accuray of epoch 11 is 2.6785714285714284
mean accuray of epoch 11 is 1.6964285714285714
Epoch: [12] [0/7] eta: 0:00:12 lr: 0.001 pcs/s: 348.887 loss: 16.5931 (16.5931) acc: 6.8750 (6.8750) time: 1.8276 data: 1.3686 max mem: 21099Epoch: [12] [0/7] eta: 0:00:12 lr: 0.001 pcs/s: 310.767 loss: 16.7427 (16.7427) acc: 2.5000 (2.5000) time: 1.8315 data: 1.3163 max mem: 21099

Epoch: [12] Total time: 0:00:04
Epoch: [12] Total time: 0:00:04
mean accuray of epoch 12 is 3.2142857142857144
mean accuray of epoch 12 is 4.196428571428571
Epoch: [13] [0/7] eta: 0:00:12 lr: 0.001 pcs/s: 349.155 loss: 15.8978 (15.8978) acc: 1.8750 (1.8750) time: 1.8027 data: 1.3441 max mem: 21099
Epoch: [13] [0/7] eta: 0:00:12 lr: 0.001 pcs/s: 322.200 loss: 15.8656 (15.8656) acc: 3.7500 (3.7500) time: 1.8027 data: 1.3058 max mem: 21099
Epoch: [13] Total time: 0:00:04
Epoch: [13] Total time: 0:00:04
mean accuray of epoch 13 is 3.6607142857142856
mean accuray of epoch 13 is 4.196428571428571
Epoch: [14] [0/7] eta: 0:00:12 lr: 0.001 pcs/s: 341.618 loss: 14.9378 (14.9378) acc: 2.5000 (2.5000) time: 1.8289 data: 1.3602 max mem: 21099Epoch: [14] [0/7] eta: 0:00:12 lr: 0.001 pcs/s: 325.755 loss: 14.7945 (14.7945) acc: 6.8750 (6.8750) time: 1.8286 data: 1.3372 max mem: 21099

Epoch: [14] Total time: 0:00:04
Epoch: [14] Total time: 0:00:04
mean accuray of epoch 14 is 4.107142857142857
mean accuray of epoch 14 is 5.446428571428571
Epoch: [15] [0/7] eta: 0:00:12 lr: 0.001 pcs/s: 343.274 loss: 13.4475 (13.4475) acc: 6.8750 (6.8750) time: 1.8240 data: 1.3576 max mem: 21099
Epoch: [15] [0/7] eta: 0:00:12 lr: 0.001 pcs/s: 345.995 loss: 13.5713 (13.5713) acc: 6.2500 (6.2500) time: 1.8239 data: 1.3611 max mem: 21099
Epoch: [15] Total time: 0:00:04
Epoch: [15] Total time: 0:00:04
mean accuray of epoch 15 is 5.803571428571429
mean accuray of epoch 15 is 5.625
Epoch: [16] [0/7] eta: 0:00:13 lr: 0.001 pcs/s: 321.459 loss: 12.6337 (12.6337) acc: 6.2500 (6.2500) time: 1.8967 data: 1.3987 max mem: 21099
Epoch: [16] [0/7] eta: 0:00:13 lr: 0.001 pcs/s: 345.060 loss: 12.7363 (12.7363) acc: 0.0000 (0.0000) time: 1.8964 data: 1.4324 max mem: 21099
Epoch: [16] Total time: 0:00:04Epoch: [16] Total time: 0:00:04

mean accuray of epoch 16 is 6.696428571428571
mean accuray of epoch 16 is 5.267857142857143
Epoch: [17] [0/7] eta: 0:00:12 lr: 0.001 pcs/s: 353.876 loss: 11.6586 (11.6586) acc: 8.1250 (8.1250) time: 1.8178 data: 1.3654 max mem: 21099
Epoch: [17] [0/7] eta: 0:00:12 lr: 0.001 pcs/s: 345.600 loss: 11.8923 (11.8923) acc: 5.6250 (5.6250) time: 1.8178 data: 1.3545 max mem: 21099
Epoch: [17] Total time: 0:00:04
mean accuray of epoch 17 is 6.428571428571429
Epoch: [17] Total time: 0:00:04
mean accuray of epoch 17 is 6.428571428571429
Epoch: [18] [0/7] eta: 0:00:12 lr: 0.001 pcs/s: 347.895 loss: 10.8389 (10.8389) acc: 7.5000 (7.5000) time: 1.8317 data: 1.3715 max mem: 21099Epoch: [18] [0/7] eta: 0:00:12 lr: 0.001 pcs/s: 308.872 loss: 11.2268 (11.2268) acc: 5.6250 (5.6250) time: 1.8336 data: 1.3153 max mem: 21099

Epoch: [18] Total time: 0:00:04
Epoch: [18] Total time: 0:00:04
mean accuray of epoch 18 is 6.428571428571429
mean accuray of epoch 18 is 5.446428571428571
Epoch: [19] [0/7] eta: 0:00:13 lr: 0.0005 pcs/s: 353.033 loss: 10.1109 (10.1109) acc: 7.5000 (7.5000) time: 1.8864 data: 1.4328 max mem: 21099
Epoch: [19] [0/7] eta: 0:00:13 lr: 0.0005 pcs/s: 301.333 loss: 10.1114 (10.1114) acc: 7.5000 (7.5000) time: 1.8865 data: 1.3551 max mem: 21099
Epoch: [19] Total time: 0:00:04
mean accuray of epoch 19 is 7.142857142857143
Epoch: [19] Total time: 0:00:04
mean accuray of epoch 19 is 6.25
Epoch: [20] [0/7] eta: 0:00:13 lr: 0.0005 pcs/s: 350.726 loss: 10.0045 (10.0045) acc: 5.6250 (5.6250) time: 1.8653 data: 1.4088 max mem: 21099
Epoch: [20] [0/7] eta: 0:00:13 lr: 0.0005 pcs/s: 337.485 loss: 10.2383 (10.2383) acc: 1.8750 (1.8750) time: 1.8665 data: 1.3921 max mem: 21099
Epoch: [20] Total time: 0:00:04
Epoch: [20] Total time: 0:00:04
mean accuray of epoch 20 is 5.535714285714286
mean accuray of epoch 20 is 6.339285714285714
Epoch: [21] [0/7] eta: 0:00:13 lr: 0.0005 pcs/s: 351.821 loss: 9.8746 (9.8746) acc: 10.6250 (10.6250) time: 1.8599 data: 1.4048 max mem: 21099Epoch: [21] [0/7] eta: 0:00:13 lr: 0.0005 pcs/s: 323.931 loss: 9.8035 (9.8035) acc: 8.1250 (8.1250) time: 1.8602 data: 1.3659 max mem: 21099

Epoch: [21] Total time: 0:00:04
Epoch: [21] Total time: 0:00:04
mean accuray of epoch 21 is 7.232142857142857
mean accuray of epoch 21 is 7.857142857142857
Epoch: [22] [0/7] eta: 0:00:13 lr: 0.0005 pcs/s: 344.523 loss: 9.6385 (9.6385) acc: 6.8750 (6.8750) time: 1.8916 data: 1.4269 max mem: 21099
Epoch: [22] [0/7] eta: 0:00:13 lr: 0.0005 pcs/s: 332.567 loss: 9.8999 (9.8999) acc: 3.1250 (3.1250) time: 1.8921 data: 1.4106 max mem: 21099
Epoch: [22] Total time: 0:00:04
Epoch: [22] Total time: 0:00:04
mean accuray of epoch 22 is 6.785714285714286
mean accuray of epoch 22 is 5.357142857142857
Epoch: [23] [0/7] eta: 0:00:12 lr: 0.0005 pcs/s: 348.278 loss: 9.2705 (9.2705) acc: 9.3750 (9.3750) time: 1.8259 data: 1.3661 max mem: 21099Epoch: [23] [0/7] eta: 0:00:12 lr: 0.0005 pcs/s: 315.042 loss: 9.2985 (9.2985) acc: 8.1250 (8.1250) time: 1.8259 data: 1.3177 max mem: 21099

Epoch: [23] Total time: 0:00:04
mean accuray of epoch 23 is 6.160714285714286
Epoch: [23] Total time: 0:00:04
mean accuray of epoch 23 is 7.5
Epoch: [24] [0/7] eta: 0:00:12 lr: 0.0005 pcs/s: 346.404 loss: 9.2722 (9.2722) acc: 6.8750 (6.8750) time: 1.8318 data: 1.3695 max mem: 21099
Epoch: [24] [0/7] eta: 0:00:12 lr: 0.0005 pcs/s: 306.011 loss: 9.3863 (9.3863) acc: 3.7500 (3.7500) time: 1.8301 data: 1.3068 max mem: 21099
Epoch: [24] Total time: 0:00:04
Epoch: [24] Total time: 0:00:04
mean accuray of epoch 24 is 5.982142857142857
mean accuray of epoch 24 is 6.428571428571429
Epoch: [25] [0/7] eta: 0:00:12 lr: 0.0005 pcs/s: 320.542 loss: 9.0256 (9.0256) acc: 7.5000 (7.5000) time: 1.8148 data: 1.3153 max mem: 21099
Epoch: [25] [0/7] eta: 0:00:12 lr: 0.0005 pcs/s: 352.463 loss: 9.1238 (9.1238) acc: 5.6250 (5.6250) time: 1.8148 data: 1.3605 max mem: 21099
Epoch: [25] Total time: 0:00:04
mean accuray of epoch 25 is 6.607142857142857
Epoch: [25] Total time: 0:00:04
mean accuray of epoch 25 is 6.071428571428571
Epoch: [26] [0/7] eta: 0:00:13 lr: 0.0005 pcs/s: 346.329 loss: 8.9087 (8.9087) acc: 8.1250 (8.1250) time: 1.8732 data: 1.4109 max mem: 21099
Epoch: [26] [0/7] eta: 0:00:13 lr: 0.0005 pcs/s: 309.881 loss: 8.9016 (8.9016) acc: 6.2500 (6.2500) time: 1.8746 data: 1.3578 max mem: 21099
Epoch: [26] Total time: 0:00:04
Epoch: [26] Total time: 0:00:04
mean accuray of epoch 26 is 6.607142857142857
mean accuray of epoch 26 is 6.696428571428571
Epoch: [27] [0/7] eta: 0:00:12 lr: 0.0005 pcs/s: 348.083 loss: 8.7284 (8.7284) acc: 6.8750 (6.8750) time: 1.8560 data: 1.3960 max mem: 21099
Epoch: [27] [0/7] eta: 0:00:12 lr: 0.0005 pcs/s: 303.883 loss: 8.7077 (8.7077) acc: 8.7500 (8.7500) time: 1.8561 data: 1.3292 max mem: 21099
Epoch: [27] Total time: 0:00:04
Epoch: [27] Total time: 0:00:04
mean accuray of epoch 27 is 7.589285714285714
mean accuray of epoch 27 is 6.964285714285714
Epoch: [28] [0/7] eta: 0:00:12 lr: 0.0005 pcs/s: 349.846 loss: 8.4973 (8.4973) acc: 10.0000 (10.0000) time: 1.8164 data: 1.3587 max mem: 21099
Epoch: [28] [0/7] eta: 0:00:12 lr: 0.0005 pcs/s: 333.043 loss: 8.5343 (8.5343) acc: 8.1250 (8.1250) time: 1.8211 data: 1.3404 max mem: 21099
Epoch: [28] Total time: 0:00:04
Epoch: [28] Total time: 0:00:04
mean accuray of epoch 28 is 6.696428571428571
mean accuray of epoch 28 is 7.678571428571429
Epoch: [29] [0/7] eta: 0:00:12 lr: 0.0005 pcs/s: 315.194 loss: 8.5099 (8.5099) acc: 10.6250 (10.6250) time: 1.8564 data: 1.3485 max mem: 21099
Epoch: [29] [0/7] eta: 0:00:12 lr: 0.0005 pcs/s: 342.481 loss: 8.5294 (8.5294) acc: 6.8750 (6.8750) time: 1.8568 data: 1.3892 max mem: 21099
Epoch: [29] Total time: 0:00:04Epoch: [29] Total time: 0:00:04

mean accuray of epoch 29 is 5.982142857142857mean accuray of epoch 29 is 8.839285714285714

Epoch: [30] [0/7] eta: 0:00:12 lr: 0.0005 pcs/s: 316.033 loss: 8.3237 (8.3237) acc: 10.0000 (10.0000) time: 1.8569 data: 1.3503 max mem: 21099
Epoch: [30] [0/7] eta: 0:00:12 lr: 0.0005 pcs/s: 345.423 loss: 8.4653 (8.4653) acc: 6.2500 (6.2500) time: 1.8570 data: 1.3935 max mem: 21099
Epoch: [30] Total time: 0:00:04
mean accuray of epoch 30 is 5.982142857142857
Epoch: [30] Total time: 0:00:04
mean accuray of epoch 30 is 7.410714285714286
Epoch: [31] [0/7] eta: 0:00:13 lr: 0.0005 pcs/s: 300.436 loss: 8.2738 (8.2738) acc: 8.1250 (8.1250) time: 1.8962 data: 1.3633 max mem: 21099
Epoch: [31] [0/7] eta: 0:00:13 lr: 0.0005 pcs/s: 342.742 loss: 8.3991 (8.3991) acc: 6.2500 (6.2500) time: 1.8865 data: 1.4193 max mem: 21099
Epoch: [31] Total time: 0:00:04
Epoch: [31] Total time: 0:00:04
mean accuray of epoch 31 is 6.071428571428571mean accuray of epoch 31 is 6.785714285714286

Epoch: [32] [0/7] eta: 0:00:12 lr: 0.0005 pcs/s: 330.738 loss: 8.1504 (8.1504) acc: 6.2500 (6.2500) time: 1.8356 data: 1.3515 max mem: 21099
Epoch: [32] [0/7] eta: 0:00:12 lr: 0.0005 pcs/s: 346.896 loss: 8.0739 (8.0739) acc: 8.7500 (8.7500) time: 1.8357 data: 1.3741 max mem: 21099
Epoch: [32] Total time: 0:00:04
Epoch: [32] Total time: 0:00:04
mean accuray of epoch 32 is 6.875mean accuray of epoch 32 is 7.053571428571429

Epoch: [33] [0/7] eta: 0:00:13 lr: 0.00025 pcs/s: 312.689 loss: 8.1605 (8.1605) acc: 3.7500 (3.7500) time: 1.8774 data: 1.3654 max mem: 21099
Epoch: [33] [0/7] eta: 0:00:13 lr: 0.00025 pcs/s: 333.354 loss: 8.2892 (8.2892) acc: 5.6250 (5.6250) time: 1.8775 data: 1.3972 max mem: 21099
Epoch: [33] Total time: 0:00:04
Epoch: [33] Total time: 0:00:04
mean accuray of epoch 33 is 6.339285714285714
mean accuray of epoch 33 is 6.607142857142857
Epoch: [34] [0/7] eta: 0:00:12 lr: 0.00025 pcs/s: 321.486 loss: 8.0639 (8.0639) acc: 8.1250 (8.1250) time: 1.8482 data: 1.3502 max mem: 21099Epoch: [34] [0/7] eta: 0:00:12 lr: 0.00025 pcs/s: 347.266 loss: 8.0544 (8.0544) acc: 8.1250 (8.1250) time: 1.8485 data: 1.3874 max mem: 21099

Epoch: [34] Total time: 0:00:04
Epoch: [34] Total time: 0:00:04
mean accuray of epoch 34 is 7.053571428571429
mean accuray of epoch 34 is 6.964285714285714
Epoch: [35] [0/7] eta: 0:00:12 lr: 0.00025 pcs/s: 315.528 loss: 8.0208 (8.0208) acc: 5.6250 (5.6250) time: 1.8291 data: 1.3217 max mem: 21099
Epoch: [35] [0/7] eta: 0:00:12 lr: 0.00025 pcs/s: 344.683 loss: 7.9803 (7.9803) acc: 5.6250 (5.6250) time: 1.8312 data: 1.3667 max mem: 21099
Epoch: [35] Total time: 0:00:04
Epoch: [35] Total time: 0:00:04
mean accuray of epoch 35 is 7.053571428571429
mean accuray of epoch 35 is 5.892857142857143
Epoch: [36] [0/7] eta: 0:00:12 lr: 0.00025 pcs/s: 344.840 loss: 8.0393 (8.0393) acc: 8.1250 (8.1250) time: 1.8440 data: 1.3797 max mem: 21099Epoch: [36] [0/7] eta: 0:00:12 lr: 0.00025 pcs/s: 324.886 loss: 8.0430 (8.0430) acc: 8.1250 (8.1250) time: 1.8439 data: 1.3511 max mem: 21099

Epoch: [36] Total time: 0:00:04
Epoch: [36] Total time: 0:00:04
mean accuray of epoch 36 is 7.053571428571429
mean accuray of epoch 36 is 8.035714285714286
Epoch: [37] [0/7] eta: 0:00:12 lr: 0.00025 pcs/s: 347.022 loss: 7.9618 (7.9618) acc: 6.8750 (6.8750) time: 1.8499 data: 1.3885 max mem: 21099Epoch: [37] [0/7] eta: 0:00:12 lr: 0.00025 pcs/s: 319.103 loss: 7.9557 (7.9557) acc: 7.5000 (7.5000) time: 1.8503 data: 1.3486 max mem: 21099

Epoch: [37] Total time: 0:00:04
Epoch: [37] Total time: 0:00:04
mean accuray of epoch 37 is 6.25
mean accuray of epoch 37 is 6.160714285714286
Epoch: [38] [0/7] eta: 0:00:12 lr: 0.00025 pcs/s: 328.024 loss: 7.8829 (7.8829) acc: 10.0000 (10.0000) time: 1.8426 data: 1.3545 max mem: 21099
Epoch: [38] [0/7] eta: 0:00:12 lr: 0.00025 pcs/s: 351.723 loss: 7.9403 (7.9403) acc: 7.5000 (7.5000) time: 1.8428 data: 1.3875 max mem: 21099
Epoch: [38] Total time: 0:00:04
Epoch: [38] Total time: 0:00:04
mean accuray of epoch 38 is 7.946428571428571
mean accuray of epoch 38 is 6.785714285714286
Epoch: [39] [0/7] eta: 0:00:12 lr: 0.00025 pcs/s: 346.239 loss: 7.9472 (7.9472) acc: 6.2500 (6.2500) time: 1.8453 data: 1.3829 max mem: 21099
Epoch: [39] [0/7] eta: 0:00:12 lr: 0.00025 pcs/s: 313.983 loss: 8.0178 (8.0178) acc: 5.6250 (5.6250) time: 1.8456 data: 1.3357 max mem: 21099
Epoch: [39] Total time: 0:00:04
Epoch: [39] Total time: 0:00:04
mean accuray of epoch 39 is 6.160714285714286
mean accuray of epoch 39 is 6.339285714285714
Epoch: [40] [0/7] eta: 0:00:12 lr: 0.00025 pcs/s: 352.505 loss: 7.8479 (7.8479) acc: 6.2500 (6.2500) time: 1.7807 data: 1.3265 max mem: 21099Epoch: [40] [0/7] eta: 0:00:13 lr: 0.00025 pcs/s: 279.207 loss: 7.8469 (7.8469) acc: 5.0000 (5.0000) time: 1.9080 data: 1.3346 max mem: 21099

Epoch: [40] Total time: 0:00:04
Epoch: [40] Total time: 0:00:04
mean accuray of epoch 40 is 6.517857142857143
mean accuray of epoch 40 is 5.625
Epoch: [41] [0/7] eta: 0:00:12 lr: 0.00025 pcs/s: 346.947 loss: 8.0073 (8.0073) acc: 10.0000 (10.0000) time: 1.8185 data: 1.3570 max mem: 21099
Epoch: [41] [0/7] eta: 0:00:12 lr: 0.00025 pcs/s: 309.616 loss: 7.8390 (7.8390) acc: 6.8750 (6.8750) time: 1.8187 data: 1.3016 max mem: 21099
Epoch: [41] Total time: 0:00:04
Epoch: [41] Total time: 0:00:04
mean accuray of epoch 41 is 7.678571428571429
mean accuray of epoch 41 is 7.053571428571429
Epoch: [42] [0/7] eta: 0:00:12 lr: 0.00025 pcs/s: 335.223 loss: 7.8208 (7.8208) acc: 4.3750 (4.3750) time: 1.7840 data: 1.3064 max mem: 21099
Epoch: [42] [0/7] eta: 0:00:12 lr: 0.00025 pcs/s: 347.776 loss: 7.6434 (7.6434) acc: 10.6250 (10.6250) time: 1.7842 data: 1.3237 max mem: 21099
Epoch: [42] Total time: 0:00:04
mean accuray of epoch 42 is 7.5
Epoch: [42] Total time: 0:00:04
mean accuray of epoch 42 is 8.125
Epoch: [43] [0/7] eta: 0:00:13 lr: 0.00025 pcs/s: 329.652 loss: 7.5807 (7.5807) acc: 8.7500 (8.7500) time: 1.8609 data: 1.3752 max mem: 21099
Epoch: [43] [0/7] eta: 0:00:13 lr: 0.00025 pcs/s: 342.658 loss: 7.7074 (7.7074) acc: 5.6250 (5.6250) time: 1.8585 data: 1.3912 max mem: 21099
Epoch: [43] Total time: 0:00:04
Epoch: [43] Total time: 0:00:04
mean accuray of epoch 43 is 7.5
mean accuray of epoch 43 is 5.535714285714286
Epoch: [44] [0/7] eta: 0:00:12 lr: 0.00025 pcs/s: 271.643 loss: 7.6260 (7.6260) acc: 9.3750 (9.3750) time: 1.8247 data: 1.2353 max mem: 21099
Epoch: [44] [0/7] eta: 0:00:12 lr: 0.00025 pcs/s: 348.220 loss: 7.7064 (7.7064) acc: 5.6250 (5.6250) time: 1.8248 data: 1.3650 max mem: 21099
Epoch: [44] Total time: 0:00:04
mean accuray of epoch 44 is 7.321428571428571
Epoch: [44] Total time: 0:00:04
mean accuray of epoch 44 is 6.428571428571429
Epoch: [45] [0/7] eta: 0:00:13 lr: 0.00025 pcs/s: 344.176 loss: 7.5845 (7.5845) acc: 9.3750 (9.3750) time: 1.9284 data: 1.4632 max mem: 21099
Epoch: [45] [0/7] eta: 0:00:13 lr: 0.00025 pcs/s: 297.229 loss: 7.7881 (7.7881) acc: 8.7500 (8.7500) time: 1.9290 data: 1.3903 max mem: 21099
Epoch: [45] Total time: 0:00:04
Epoch: [45] Total time: 0:00:04
mean accuray of epoch 45 is 6.25
mean accuray of epoch 45 is 7.857142857142857
Epoch: [46] [0/7] eta: 0:00:13 lr: 0.00025 pcs/s: 295.188 loss: 7.6288 (7.6288) acc: 8.1250 (8.1250) time: 1.8680 data: 1.3256 max mem: 21099
Epoch: [46] [0/7] eta: 0:00:13 lr: 0.00025 pcs/s: 344.223 loss: 7.6294 (7.6294) acc: 6.2500 (6.2500) time: 1.8680 data: 1.4028 max mem: 21099
Epoch: [46] Total time: 0:00:04
mean accuray of epoch 46 is 6.339285714285714
Epoch: [46] Total time: 0:00:04
mean accuray of epoch 46 is 5.178571428571429
Epoch: [47] [0/7] eta: 0:00:13 lr: 0.00025 pcs/s: 321.025 loss: 7.7358 (7.7358) acc: 4.3750 (4.3750) time: 1.9133 data: 1.4145 max mem: 21099Epoch: [47] [0/7] eta: 0:00:13 lr: 0.00025 pcs/s: 302.168 loss: 7.5501 (7.5501) acc: 10.6250 (10.6250) time: 1.9147 data: 1.3848 max mem: 21099

Epoch: [47] Total time: 0:00:04
mean accuray of epoch 47 is 7.053571428571429
Epoch: [47] Total time: 0:00:04
mean accuray of epoch 47 is 6.964285714285714
Epoch: [48] [0/7] eta: 0:00:12 lr: 0.00025 pcs/s: 334.755 loss: 7.5721 (7.5721) acc: 6.8750 (6.8750) time: 1.8519 data: 1.3736 max mem: 21099
Epoch: [48] [0/7] eta: 0:00:12 lr: 0.00025 pcs/s: 343.916 loss: 7.7061 (7.7061) acc: 10.0000 (10.0000) time: 1.8500 data: 1.3844 max mem: 21099
Epoch: [48] Total time: 0:00:04
Epoch: [48] Total time: 0:00:04
mean accuray of epoch 48 is 7.232142857142857
mean accuray of epoch 48 is 7.321428571428571
Epoch: [49] [0/7] eta: 0:00:13 lr: 0.00025 pcs/s: 345.679 loss: 7.6653 (7.6653) acc: 5.6250 (5.6250) time: 1.8941 data: 1.4308 max mem: 21099
Epoch: [49] [0/7] eta: 0:00:13 lr: 0.00025 pcs/s: 307.789 loss: 7.5931 (7.5931) acc: 6.2500 (6.2500) time: 1.8941 data: 1.3740 max mem: 21099
Epoch: [49] Total time: 0:00:04
Epoch: [49] Total time: 0:00:04
mean accuray of epoch 49 is 6.696428571428571
mean accuray of epoch 49 is 6.785714285714286
Epoch: [50] [0/7] eta: 0:00:12 lr: 0.00025 pcs/s: 306.324 loss: 7.6012 (7.6012) acc: 6.2500 (6.2500) time: 1.8537 data: 1.3311 max mem: 21099Epoch: [50] [0/7] eta: 0:00:12 lr: 0.00025 pcs/s: 346.381 loss: 7.5309 (7.5309) acc: 9.3750 (9.3750) time: 1.8538 data: 1.3916 max mem: 21099

Epoch: [50] Total time: 0:00:04
Epoch: [50] Total time: 0:00:04
mean accuray of epoch 50 is 7.5
mean accuray of epoch 50 is 6.875
Epoch: [51] [0/7] eta: 0:00:12 lr: 0.00025 pcs/s: 330.469 loss: 7.5580 (7.5580) acc: 8.7500 (8.7500) time: 1.8212 data: 1.3367 max mem: 21099
Epoch: [51] [0/7] eta: 0:00:12 lr: 0.00025 pcs/s: 347.670 loss: 7.6427 (7.6427) acc: 3.1250 (3.1250) time: 1.8213 data: 1.3607 max mem: 21099
Epoch: [51] Total time: 0:00:04
mean accuray of epoch 51 is 7.678571428571429
Epoch: [51] Total time: 0:00:04
mean accuray of epoch 51 is 6.428571428571429
Epoch: [52] [0/7] eta: 0:00:12 lr: 0.00025 pcs/s: 315.866 loss: 7.6980 (7.6980) acc: 6.2500 (6.2500) time: 1.8334 data: 1.3264 max mem: 21099
Epoch: [52] [0/7] eta: 0:00:12 lr: 0.00025 pcs/s: 351.801 loss: 7.5601 (7.5601) acc: 7.5000 (7.5000) time: 1.8315 data: 1.3764 max mem: 21099
Epoch: [52] Total time: 0:00:04
Epoch: [52] Total time: 0:00:04
mean accuray of epoch 52 is 7.053571428571429
mean accuray of epoch 52 is 7.142857142857143
Epoch: [53] [0/7] eta: 0:00:12 lr: 0.00025 pcs/s: 275.835 loss: 7.5034 (7.5034) acc: 3.7500 (3.7500) time: 1.8342 data: 1.2539 max mem: 21099
Epoch: [53] [0/7] eta: 0:00:12 lr: 0.00025 pcs/s: 345.554 loss: 7.4081 (7.4081) acc: 11.8750 (11.8750) time: 1.8344 data: 1.3710 max mem: 21099
Epoch: [53] Total time: 0:00:04
mean accuray of epoch 53 is 7.321428571428571
Epoch: [53] Total time: 0:00:04
mean accuray of epoch 53 is 6.071428571428571
Epoch: [54] [0/7] eta: 0:00:12 lr: 0.00025 pcs/s: 357.750 loss: 7.3899 (7.3899) acc: 6.8750 (6.8750) time: 1.7660 data: 1.3185 max mem: 21099Epoch: [54] [0/7] eta: 0:00:12 lr: 0.00025 pcs/s: 326.960 loss: 7.5239 (7.5239) acc: 10.0000 (10.0000) time: 1.7711 data: 1.2814 max mem: 21099

Epoch: [54] Total time: 0:00:04
Epoch: [54] Total time: 0:00:04
mean accuray of epoch 54 is 7.321428571428571
mean accuray of epoch 54 is 6.696428571428571
Epoch: [55] [0/7] eta: 0:00:12 lr: 0.00025 pcs/s: 348.748 loss: 7.6416 (7.6416) acc: 3.1250 (3.1250) time: 1.8273 data: 1.3682 max mem: 21099
Epoch: [55] [0/7] eta: 0:00:12 lr: 0.00025 pcs/s: 312.552 loss: 7.4800 (7.4800) acc: 7.5000 (7.5000) time: 1.8276 data: 1.3153 max mem: 21099
Epoch: [55] Total time: 0:00:04Epoch: [55] Total time: 0:00:04

mean accuray of epoch 55 is 7.142857142857143
mean accuray of epoch 55 is 7.857142857142857
Epoch: [56] [0/7] eta: 0:00:12 lr: 0.00025 pcs/s: 307.396 loss: 7.4355 (7.4355) acc: 6.8750 (6.8750) time: 1.7898 data: 1.2691 max mem: 21099
Epoch: [56] [0/7] eta: 0:00:12 lr: 0.00025 pcs/s: 345.149 loss: 7.3009 (7.3009) acc: 10.6250 (10.6250) time: 1.7968 data: 1.3329 max mem: 21099
Epoch: [56] Total time: 0:00:04
mean accuray of epoch 56 is 8.035714285714286
Epoch: [56] Total time: 0:00:04
mean accuray of epoch 56 is 6.696428571428571
Epoch: [57] [0/7] eta: 0:00:12 lr: 0.00025 pcs/s: 315.975 loss: 7.5692 (7.5692) acc: 4.3750 (4.3750) time: 1.8153 data: 1.3086 max mem: 21099
Epoch: [57] [0/7] eta: 0:00:12 lr: 0.00025 pcs/s: 338.426 loss: 7.3053 (7.3053) acc: 11.2500 (11.2500) time: 1.8138 data: 1.3406 max mem: 21099
Epoch: [57] Total time: 0:00:04
Epoch: [57] Total time: 0:00:04
mean accuray of epoch 57 is 8.303571428571429
mean accuray of epoch 57 is 5.714285714285714
Epoch: [58] [0/7] eta: 0:00:12 lr: 0.00025 pcs/s: 316.326 loss: 7.4563 (7.4563) acc: 3.7500 (3.7500) time: 1.8131 data: 1.3070 max mem: 21099
Epoch: [58] [0/7] eta: 0:00:12 lr: 0.00025 pcs/s: 345.547 loss: 7.3464 (7.3464) acc: 6.2500 (6.2500) time: 1.8130 data: 1.3496 max mem: 21099
Epoch: [58] Total time: 0:00:04
Epoch: [58] Total time: 0:00:04
mean accuray of epoch 58 is 6.25
mean accuray of epoch 58 is 6.160714285714286
Epoch: [59] [0/7] eta: 0:00:12 lr: 0.00025 pcs/s: 346.579 loss: 7.3336 (7.3336) acc: 6.2500 (6.2500) time: 1.8360 data: 1.3740 max mem: 21099
Epoch: [59] [0/7] eta: 0:00:12 lr: 0.00025 pcs/s: 309.814 loss: 7.4069 (7.4069) acc: 5.0000 (5.0000) time: 1.8320 data: 1.3152 max mem: 21099
Epoch: [59] Total time: 0:00:04
Epoch: [59] Total time: 0:00:04
mean accuray of epoch 59 is 6.964285714285714
mean accuray of epoch 59 is 6.607142857142857
Epoch: [60] [0/7] eta: 0:00:12 lr: 0.00025 pcs/s: 346.212 loss: 7.4066 (7.4066) acc: 5.0000 (5.0000) time: 1.8250 data: 1.3625 max mem: 21099Epoch: [60] [0/7] eta: 0:00:12 lr: 0.00025 pcs/s: 324.062 loss: 7.4925 (7.4925) acc: 5.0000 (5.0000) time: 1.8248 data: 1.3307 max mem: 21099

Epoch: [60] Total time: 0:00:04
Epoch: [60] Total time: 0:00:04
mean accuray of epoch 60 is 6.160714285714286
mean accuray of epoch 60 is 7.5
Epoch: [61] [0/7] eta: 0:00:12 lr: 0.00025 pcs/s: 333.029 loss: 7.2737 (7.2737) acc: 8.7500 (8.7500) time: 1.7431 data: 1.2623 max mem: 21099Epoch: [61] [0/7] eta: 0:00:12 lr: 0.00025 pcs/s: 357.038 loss: 7.3478 (7.3478) acc: 6.2500 (6.2500) time: 1.7359 data: 1.2875 max mem: 21099

Epoch: [61] Total time: 0:00:04
Epoch: [61] Total time: 0:00:04
mean accuray of epoch 61 is 7.5
mean accuray of epoch 61 is 7.232142857142857
Epoch: [62] [0/7] eta: 0:00:12 lr: 0.00025 pcs/s: 314.982 loss: 7.3187 (7.3187) acc: 10.0000 (10.0000) time: 1.7900 data: 1.2817 max mem: 21099
Epoch: [62] [0/7] eta: 0:00:12 lr: 0.00025 pcs/s: 346.577 loss: 7.3147 (7.3147) acc: 8.1250 (8.1250) time: 1.7900 data: 1.3280 max mem: 21099
Epoch: [62] Total time: 0:00:04Epoch: [62] Total time: 0:00:04

mean accuray of epoch 62 is 6.25mean accuray of epoch 62 is 7.589285714285714

Epoch: [63] [0/7] eta: 0:00:12 lr: 0.00025 pcs/s: 346.693 loss: 7.3950 (7.3950) acc: 4.3750 (4.3750) time: 1.7723 data: 1.3104 max mem: 21099
Epoch: [63] [0/7] eta: 0:00:12 lr: 0.00025 pcs/s: 322.668 loss: 7.4435 (7.4435) acc: 5.6250 (5.6250) time: 1.7722 data: 1.2760 max mem: 21099
Epoch: [63] Total time: 0:00:04
mean accuray of epoch 63 is 6.428571428571429
Epoch: [63] Total time: 0:00:04
mean accuray of epoch 63 is 7.142857142857143
Epoch: [64] [0/7] eta: 0:00:12 lr: 0.00025 pcs/s: 319.219 loss: 7.2480 (7.2480) acc: 6.8750 (6.8750) time: 1.8345 data: 1.3329 max mem: 21099
Epoch: [64] [0/7] eta: 0:00:12 lr: 0.00025 pcs/s: 344.117 loss: 7.2563 (7.2563) acc: 5.6250 (5.6250) time: 1.8329 data: 1.3675 max mem: 21099
Epoch: [64] Total time: 0:00:04
Epoch: [64] Total time: 0:00:04
mean accuray of epoch 64 is 7.857142857142857
mean accuray of epoch 64 is 6.607142857142857
Epoch: [65] [0/7] eta: 0:00:12 lr: 0.00025 pcs/s: 319.260 loss: 7.2398 (7.2398) acc: 9.3750 (9.3750) time: 1.7473 data: 1.2458 max mem: 21099
Epoch: [65] [0/7] eta: 0:00:12 lr: 0.00025 pcs/s: 349.627 loss: 7.2550 (7.2550) acc: 6.8750 (6.8750) time: 1.7472 data: 1.2892 max mem: 21099
Epoch: [65] Total time: 0:00:04
Epoch: [65] Total time: 0:00:04
mean accuray of epoch 65 is 7.053571428571429
mean accuray of epoch 65 is 7.142857142857143
Epoch: [66] [0/7] eta: 0:00:13 lr: 0.00025 pcs/s: 307.882 loss: 7.2790 (7.2790) acc: 6.8750 (6.8750) time: 1.8692 data: 1.3492 max mem: 21099
Epoch: [66] [0/7] eta: 0:00:13 lr: 0.00025 pcs/s: 347.378 loss: 7.5832 (7.5832) acc: 8.7500 (8.7500) time: 1.8691 data: 1.4082 max mem: 21099
Epoch: [66] Total time: 0:00:04
Epoch: [66] Total time: 0:00:04
mean accuray of epoch 66 is 7.053571428571429
mean accuray of epoch 66 is 8.303571428571429
Epoch: [67] [0/7] eta: 0:00:12 lr: 0.00025 pcs/s: 319.874 loss: 7.2615 (7.2615) acc: 5.6250 (5.6250) time: 1.7894 data: 1.2889 max mem: 21099
Epoch: [67] [0/7] eta: 0:00:12 lr: 0.00025 pcs/s: 347.845 loss: 7.4320 (7.4320) acc: 5.0000 (5.0000) time: 1.7894 data: 1.3291 max mem: 21099
Epoch: [67] Total time: 0:00:04
mean accuray of epoch 67 is 7.767857142857143
Epoch: [67] Total time: 0:00:04
mean accuray of epoch 67 is 7.142857142857143
Epoch: [68] [0/7] eta: 0:00:12 lr: 0.00025 pcs/s: 326.009 loss: 7.2905 (7.2905) acc: 5.6250 (5.6250) time: 1.8202 data: 1.3290 max mem: 21099Epoch: [68] [0/7] eta: 0:00:12 lr: 0.00025 pcs/s: 326.737 loss: 7.3107 (7.3107) acc: 6.8750 (6.8750) time: 1.8180 data: 1.3280 max mem: 21099

Epoch: [68] Total time: 0:00:04
Epoch: [68] Total time: 0:00:04
mean accuray of epoch 68 is 7.5
mean accuray of epoch 68 is 6.696428571428571
Epoch: [69] [0/7] eta: 0:00:12 lr: 0.00025 pcs/s: 342.791 loss: 7.2156 (7.2156) acc: 6.2500 (6.2500) time: 1.8189 data: 1.3519 max mem: 21099
Epoch: [69] [0/7] eta: 0:00:12 lr: 0.00025 pcs/s: 344.213 loss: 7.4437 (7.4437) acc: 4.3750 (4.3750) time: 1.8192 data: 1.3540 max mem: 21099
Epoch: [69] Total time: 0:00:04
Epoch: [69] Total time: 0:00:04
mean accuray of epoch 69 is 6.964285714285714
mean accuray of epoch 69 is 8.035714285714286
Epoch: [70] [0/7] eta: 0:00:13 lr: 0.00025 pcs/s: 347.363 loss: 7.1594 (7.1594) acc: 10.6250 (10.6250) time: 1.8682 data: 1.4073 max mem: 21099Epoch: [70] [0/7] eta: 0:00:13 lr: 0.00025 pcs/s: 330.135 loss: 7.1263 (7.1263) acc: 7.5000 (7.5000) time: 1.8682 data: 1.3832 max mem: 21099

Epoch: [70] Total time: 0:00:04
Epoch: [70] Total time: 0:00:04
mean accuray of epoch 70 is 5.714285714285714
mean accuray of epoch 70 is 8.125
Epoch: [71] [0/7] eta: 0:00:13 lr: 0.00025 pcs/s: 345.843 loss: 7.2655 (7.2655) acc: 6.8750 (6.8750) time: 1.8616 data: 1.3987 max mem: 21099Epoch: [71] [0/7] eta: 0:00:13 lr: 0.00025 pcs/s: 307.542 loss: 7.1683 (7.1683) acc: 9.3750 (9.3750) time: 1.8615 data: 1.3409 max mem: 21099

Epoch: [71] Total time: 0:00:04
Epoch: [71] Total time: 0:00:04
mean accuray of epoch 71 is 7.232142857142857
mean accuray of epoch 71 is 7.142857142857143
Epoch: [72] [0/7] eta: 0:00:12 lr: 0.00025 pcs/s: 322.825 loss: 7.1409 (7.1409) acc: 5.6250 (5.6250) time: 1.7871 data: 1.2911 max mem: 21099
Epoch: [72] [0/7] eta: 0:00:12 lr: 0.00025 pcs/s: 344.586 loss: 7.1784 (7.1784) acc: 5.0000 (5.0000) time: 1.7873 data: 1.3227 max mem: 21099
Epoch: [72] Total time: 0:00:04
Epoch: [72] Total time: 0:00:04
mean accuray of epoch 72 is 6.428571428571429
mean accuray of epoch 72 is 6.428571428571429
Epoch: [73] [0/7] eta: 0:00:08 lr: 0.00025 pcs/s: 383.062 loss: 7.1511 (7.1511) acc: 6.8750 (6.8750) time: 1.1933 data: 0.7754 max mem: 21099
Epoch: [73] [0/7] eta: 0:00:08 lr: 0.00025 pcs/s: 418.693 loss: 7.1314 (7.1314) acc: 8.7500 (8.7500) time: 1.1933 data: 0.8109 max mem: 21099
Epoch: [73] Total time: 0:00:03
Epoch: [73] Total time: 0:00:03
mean accuray of epoch 73 is 7.142857142857143
mean accuray of epoch 73 is 7.857142857142857
Epoch: [74] [0/7] eta: 0:00:09 lr: 0.00025 pcs/s: 393.572 loss: 7.0892 (7.0892) acc: 6.8750 (6.8750) time: 1.2944 data: 0.8877 max mem: 21099
Epoch: [74] [0/7] eta: 0:00:09 lr: 0.00025 pcs/s: 417.412 loss: 7.1985 (7.1985) acc: 3.7500 (3.7500) time: 1.2950 data: 0.9114 max mem: 21099
Epoch: [74] Total time: 0:00:03
mean accuray of epoch 74 is 8.125
Epoch: [74] Total time: 0:00:03
mean accuray of epoch 74 is 5.803571428571429
Epoch: [75] [0/7] eta: 0:00:07 lr: 0.00025 pcs/s: 411.927 loss: 7.1242 (7.1242) acc: 5.0000 (5.0000) time: 1.1076 data: 0.7190 max mem: 21099
Epoch: [75] [0/7] eta: 0:00:07 lr: 0.00025 pcs/s: 419.826 loss: 7.1563 (7.1563) acc: 5.6250 (5.6250) time: 1.1073 data: 0.7260 max mem: 21099
Epoch: [75] Total time: 0:00:03
Epoch: [75] Total time: 0:00:03
mean accuray of epoch 75 is 7.321428571428571
mean accuray of epoch 75 is 7.232142857142857
Epoch: [76] [0/7] eta: 0:00:07 lr: 0.00025 pcs/s: 369.718 loss: 7.3979 (7.3979) acc: 9.3750 (9.3750) time: 1.1230 data: 0.6901 max mem: 21099
Epoch: [76] [0/7] eta: 0:00:07 lr: 0.00025 pcs/s: 423.496 loss: 7.1509 (7.1509) acc: 8.7500 (8.7500) time: 1.1262 data: 0.7482 max mem: 21099
Epoch: [76] Total time: 0:00:03
Epoch: [76] Total time: 0:00:03
mean accuray of epoch 76 is 7.678571428571429
mean accuray of epoch 76 is 6.875
Epoch: [77] [0/7] eta: 0:00:08 lr: 0.00025 pcs/s: 396.947 loss: 7.1167 (7.1167) acc: 8.1250 (8.1250) time: 1.1869 data: 0.7836 max mem: 21099
Epoch: [77] [0/7] eta: 0:00:08 lr: 0.00025 pcs/s: 416.501 loss: 7.0570 (7.0570) acc: 8.1250 (8.1250) time: 1.1872 data: 0.8028 max mem: 21099
Epoch: [77] Total time: 0:00:03
Epoch: [77] Total time: 0:00:03
mean accuray of epoch 77 is 6.607142857142857
mean accuray of epoch 77 is 7.410714285714286
Epoch: [78] [0/7] eta: 0:00:08 lr: 0.00025 pcs/s: 406.174 loss: 7.1039 (7.1039) acc: 5.0000 (5.0000) time: 1.1563 data: 0.7621 max mem: 21099Epoch: [78] [0/7] eta: 0:00:08 lr: 0.00025 pcs/s: 384.457 loss: 7.1357 (7.1357) acc: 5.6250 (5.6250) time: 1.1564 data: 0.7400 max mem: 21099

Epoch: [78] Total time: 0:00:03
Epoch: [78] Total time: 0:00:03
mean accuray of epoch 78 is 6.875
mean accuray of epoch 78 is 6.428571428571429
Epoch: [79] [0/7] eta: 0:00:08 lr: 0.00025 pcs/s: 429.000 loss: 7.1903 (7.1903) acc: 5.6250 (5.6250) time: 1.2371 data: 0.8639 max mem: 21099
Epoch: [79] [0/7] eta: 0:00:08 lr: 0.00025 pcs/s: 376.549 loss: 7.1068 (7.1068) acc: 6.2500 (6.2500) time: 1.2370 data: 0.8118 max mem: 21099
Epoch: [79] Total time: 0:00:03
Epoch: [79] Total time: 0:00:03
mean accuray of epoch 79 is 6.517857142857143
mean accuray of epoch 79 is 5.892857142857143
Epoch: [80] [0/7] eta: 0:00:08 lr: 0.00025 pcs/s: 350.826 loss: 7.2152 (7.2152) acc: 6.8750 (6.8750) time: 1.2241 data: 0.7678 max mem: 21099
Epoch: [80] [0/7] eta: 0:00:09 lr: 0.00025 pcs/s: 413.876 loss: 7.0340 (7.0340) acc: 8.1250 (8.1250) time: 1.3160 data: 0.9292 max mem: 21099
Epoch: [80] Total time: 0:00:03
mean accuray of epoch 80 is 7.589285714285714
Epoch: [80] Total time: 0:00:03
mean accuray of epoch 80 is 7.589285714285714
Epoch: [81] [0/7] eta: 0:00:08 lr: 0.00025 pcs/s: 412.500 loss: 7.3868 (7.3868) acc: 3.1250 (3.1250) time: 1.1885 data: 0.8004 max mem: 21099Epoch: [81] [0/7] eta: 0:00:08 lr: 0.00025 pcs/s: 394.095 loss: 7.2087 (7.2087) acc: 6.8750 (6.8750) time: 1.1875 data: 0.7813 max mem: 21099

Epoch: [81] Total time: 0:00:03
mean accuray of epoch 81 is 8.482142857142858
Epoch: [81] Total time: 0:00:03
mean accuray of epoch 81 is 7.232142857142857
Epoch: [82] [0/7] eta: 0:00:08 lr: 0.00025 pcs/s: 390.962 loss: 7.0652 (7.0652) acc: 6.8750 (6.8750) time: 1.1569 data: 0.7474 max mem: 21099
Epoch: [82] [0/7] eta: 0:00:08 lr: 0.00025 pcs/s: 412.712 loss: 7.2219 (7.2219) acc: 10.0000 (10.0000) time: 1.1572 data: 0.7693 max mem: 21099
Epoch: [82] Total time: 0:00:03
mean accuray of epoch 82 is 7.053571428571429
Epoch: [82] Total time: 0:00:03
mean accuray of epoch 82 is 8.214285714285714
Epoch: [83] [0/7] eta: 0:00:07 lr: 0.00025 pcs/s: 410.744 loss: 7.0851 (7.0851) acc: 5.6250 (5.6250) time: 1.1397 data: 0.7500 max mem: 21099
Epoch: [83] [0/7] eta: 0:00:07 lr: 0.00025 pcs/s: 420.942 loss: 7.0764 (7.0764) acc: 8.1250 (8.1250) time: 1.1396 data: 0.7593 max mem: 21099
Epoch: [83] Total time: 0:00:03
mean accuray of epoch 83 is 5.982142857142857
Epoch: [83] Total time: 0:00:03
mean accuray of epoch 83 is 6.696428571428571
Epoch: [84] [0/7] eta: 0:00:08 lr: 0.00025 pcs/s: 404.242 loss: 7.3858 (7.3858) acc: 5.0000 (5.0000) time: 1.1441 data: 0.7481 max mem: 21099
Epoch: [84] [0/7] eta: 0:00:08 lr: 0.00025 pcs/s: 416.742 loss: 7.0537 (7.0537) acc: 8.1250 (8.1250) time: 1.1440 data: 0.7598 max mem: 21099
Epoch: [84] Total time: 0:00:03Epoch: [84] Total time: 0:00:03

mean accuray of epoch 84 is 6.607142857142857
mean accuray of epoch 84 is 7.5
Epoch: [85] [0/7] eta: 0:00:08 lr: 0.00025 pcs/s: 411.631 loss: 7.0213 (7.0213) acc: 10.0000 (10.0000) time: 1.1935 data: 0.8046 max mem: 21099
Epoch: [85] [0/7] eta: 0:00:08 lr: 0.00025 pcs/s: 415.158 loss: 6.9857 (6.9857) acc: 8.1250 (8.1250) time: 1.1936 data: 0.8080 max mem: 21099
Epoch: [85] Total time: 0:00:03
mean accuray of epoch 85 is 7.410714285714286
Epoch: [85] Total time: 0:00:03
mean accuray of epoch 85 is 6.696428571428571
Epoch: [86] [0/7] eta: 0:00:08 lr: 0.00025 pcs/s: 383.354 loss: 7.0053 (7.0053) acc: 8.1250 (8.1250) time: 1.2831 data: 0.8655 max mem: 21099
Epoch: [86] [0/7] eta: 0:00:08 lr: 0.00025 pcs/s: 413.705 loss: 7.0875 (7.0875) acc: 8.7500 (8.7500) time: 1.2822 data: 0.8952 max mem: 21099
Epoch: [86] Total time: 0:00:03Epoch: [86] Total time: 0:00:03

mean accuray of epoch 86 is 7.767857142857143
mean accuray of epoch 86 is 6.964285714285714
Epoch: [87] [0/7] eta: 0:00:08 lr: 0.00025 pcs/s: 425.279 loss: 6.9665 (6.9665) acc: 9.3750 (9.3750) time: 1.1682 data: 0.7918 max mem: 21099
Epoch: [87] [0/7] eta: 0:00:08 lr: 0.00025 pcs/s: 394.537 loss: 7.0143 (7.0143) acc: 8.1250 (8.1250) time: 1.1684 data: 0.7626 max mem: 21099
Epoch: [87] Total time: 0:00:03
mean accuray of epoch 87 is 6.428571428571429
Epoch: [87] Total time: 0:00:03
mean accuray of epoch 87 is 6.517857142857143
Epoch: [88] [0/7] eta: 0:00:08 lr: 0.00025 pcs/s: 427.801 loss: 6.9957 (6.9957) acc: 5.0000 (5.0000) time: 1.2525 data: 0.8783 max mem: 21099
Epoch: [88] [0/7] eta: 0:00:08 lr: 0.00025 pcs/s: 398.783 loss: 7.1082 (7.1082) acc: 4.3750 (4.3750) time: 1.2527 data: 0.8512 max mem: 21099
Epoch: [88] Total time: 0:00:03
mean accuray of epoch 88 is 5.982142857142857
Epoch: [88] Total time: 0:00:03
mean accuray of epoch 88 is 6.517857142857143
Epoch: [89] [0/7] eta: 0:00:08 lr: 0.00025 pcs/s: 366.690 loss: 6.9843 (6.9843) acc: 6.8750 (6.8750) time: 1.2817 data: 0.8451 max mem: 21099
Epoch: [89] [0/7] eta: 0:00:08 lr: 0.00025 pcs/s: 418.086 loss: 6.9758 (6.9758) acc: 8.7500 (8.7500) time: 1.2815 data: 0.8986 max mem: 21099
Epoch: [89] Total time: 0:00:03
Epoch: [89] Total time: 0:00:03mean accuray of epoch 89 is 7.678571428571429

mean accuray of epoch 89 is 6.339285714285714
Epoch: [90] [0/7] eta: 0:00:10 lr: 0.00025 pcs/s: 362.140 loss: 7.0519 (7.0519) acc: 6.8750 (6.8750) time: 1.4496 data: 1.0075 max mem: 21099
Epoch: [90] [0/7] eta: 0:00:10 lr: 0.00025 pcs/s: 395.329 loss: 7.0276 (7.0276) acc: 6.2500 (6.2500) time: 1.4494 data: 1.0444 max mem: 21099
Epoch: [90] Total time: 0:00:03
mean accuray of epoch 90 is 5.982142857142857
Epoch: [90] Total time: 0:00:03
mean accuray of epoch 90 is 6.160714285714286
Epoch: [91] [0/7] eta: 0:00:10 lr: 0.00025 pcs/s: 357.549 loss: 6.9061 (6.9061) acc: 10.0000 (10.0000) time: 1.4496 data: 1.0018 max mem: 21099
Epoch: [91] [0/7] eta: 0:00:10 lr: 0.00025 pcs/s: 409.225 loss: 7.0329 (7.0329) acc: 6.2500 (6.2500) time: 1.4491 data: 1.0578 max mem: 21099
Epoch: [91] Total time: 0:00:03
Epoch: [91] Total time: 0:00:03
mean accuray of epoch 91 is 6.071428571428571
mean accuray of epoch 91 is 6.964285714285714
Epoch: [92] [0/7] eta: 0:00:08 lr: 0.00025 pcs/s: 382.772 loss: 6.9173 (6.9173) acc: 9.3750 (9.3750) time: 1.2032 data: 0.7850 max mem: 21099
Epoch: [92] [0/7] eta: 0:00:08 lr: 0.00025 pcs/s: 412.619 loss: 6.9572 (6.9572) acc: 8.1250 (8.1250) time: 1.2034 data: 0.8153 max mem: 21099
Epoch: [92] Total time: 0:00:03
mean accuray of epoch 92 is 7.321428571428571
Epoch: [92] Total time: 0:00:03
mean accuray of epoch 92 is 6.696428571428571
Epoch: [93] [0/7] eta: 0:00:09 lr: 0.00025 pcs/s: 389.189 loss: 6.9194 (6.9194) acc: 5.6250 (5.6250) time: 1.2859 data: 0.8745 max mem: 21099
Epoch: [93] [0/7] eta: 0:00:08 lr: 0.00025 pcs/s: 403.856 loss: 7.2714 (7.2714) acc: 6.8750 (6.8750) time: 1.2855 data: 0.8891 max mem: 21099
Epoch: [93] Total time: 0:00:03
mean accuray of epoch 93 is 6.875
Epoch: [93] Total time: 0:00:03
mean accuray of epoch 93 is 7.5
Epoch: [94] [0/7] eta: 0:00:09 lr: 0.00025 pcs/s: 415.870 loss: 6.9544 (6.9544) acc: 5.6250 (5.6250) time: 1.4190 data: 1.0340 max mem: 21099
Epoch: [94] [0/7] eta: 0:00:09 lr: 0.00025 pcs/s: 342.256 loss: 7.1043 (7.1043) acc: 5.0000 (5.0000) time: 1.4194 data: 0.9516 max mem: 21099
Epoch: [94] Total time: 0:00:03
mean accuray of epoch 94 is 6.607142857142857
Epoch: [94] Total time: 0:00:03
mean accuray of epoch 94 is 6.071428571428571
Epoch: [95] [0/7] eta: 0:00:08 lr: 0.00025 pcs/s: 412.409 loss: 7.1653 (7.1653) acc: 6.2500 (6.2500) time: 1.1517 data: 0.7635 max mem: 21099Epoch: [95] [0/7] eta: 0:00:08 lr: 0.00025 pcs/s: 382.876 loss: 6.9085 (6.9085) acc: 9.3750 (9.3750) time: 1.1519 data: 0.7338 max mem: 21099

Epoch: [95] Total time: 0:00:03
Epoch: [95] Total time: 0:00:03
mean accuray of epoch 95 is 6.875
mean accuray of epoch 95 is 8.214285714285714
Epoch: [96] [0/7] eta: 0:00:08 lr: 0.00025 pcs/s: 424.998 loss: 7.1908 (7.1908) acc: 4.3750 (4.3750) time: 1.2042 data: 0.8275 max mem: 21099
Epoch: [96] [0/7] eta: 0:00:08 lr: 0.00025 pcs/s: 416.668 loss: 7.2757 (7.2757) acc: 3.7500 (3.7500) time: 1.2025 data: 0.8182 max mem: 21099
Epoch: [96] Total time: 0:00:03
mean accuray of epoch 96 is 5.892857142857143
Epoch: [96] Total time: 0:00:03
mean accuray of epoch 96 is 6.25
Epoch: [97] [0/7] eta: 0:00:08 lr: 0.00025 pcs/s: 416.953 loss: 6.8671 (6.8671) acc: 8.1250 (8.1250) time: 1.1713 data: 0.7873 max mem: 21099
Epoch: [97] [0/7] eta: 0:00:08 lr: 0.00025 pcs/s: 392.539 loss: 6.9502 (6.9502) acc: 4.3750 (4.3750) time: 1.1703 data: 0.7625 max mem: 21099
Epoch: [97] Total time: 0:00:03
Epoch: [97] Total time: 0:00:03
mean accuray of epoch 97 is 6.428571428571429
mean accuray of epoch 97 is 7.142857142857143
Epoch: [98] [0/7] eta: 0:00:08 lr: 0.00025 pcs/s: 336.837 loss: 6.8975 (6.8975) acc: 5.6250 (5.6250) time: 1.2779 data: 0.8027 max mem: 21099
Epoch: [98] [0/7] eta: 0:00:08 lr: 0.00025 pcs/s: 403.933 loss: 6.8960 (6.8960) acc: 4.3750 (4.3750) time: 1.2782 data: 0.8818 max mem: 21099
Epoch: [98] Total time: 0:00:03
Epoch: [98] Total time: 0:00:03mean accuray of epoch 98 is 7.410714285714286

mean accuray of epoch 98 is 7.232142857142857
Epoch: [99] [0/7] eta: 0:00:08 lr: 0.00025 pcs/s: 404.385 loss: 6.8354 (6.8354) acc: 4.3750 (4.3750) time: 1.2323 data: 0.8364 max mem: 21099
Epoch: [99] [0/7] eta: 0:00:08 lr: 0.00025 pcs/s: 414.761 loss: 6.9148 (6.9148) acc: 10.0000 (10.0000) time: 1.2326 data: 0.8466 max mem: 21099
Epoch: [99] Total time: 0:00:03
mean accuray of epoch 99 is 7.321428571428571
Epoch: [99] Total time: 0:00:03
mean accuray of epoch 99 is 6.607142857142857
Epoch: [100] [0/7] eta: 0:00:08 lr: 0.00025 pcs/s: 403.199 loss: 6.8253 (6.8253) acc: 7.5000 (7.5000) time: 1.1523 data: 0.7552 max mem: 21099
Epoch: [100] [0/7] eta: 0:00:08 lr: 0.00025 pcs/s: 416.943 loss: 6.8095 (6.8095) acc: 7.5000 (7.5000) time: 1.1526 data: 0.7686 max mem: 21099
Epoch: [100] Total time: 0:00:03
mean accuray of epoch 100 is 7.5
Epoch: [100] Total time: 0:00:03
mean accuray of epoch 100 is 6.517857142857143
Epoch: [101] [0/7] eta: 0:00:08 lr: 0.00025 pcs/s: 378.756 loss: 6.8794 (6.8794) acc: 6.2500 (6.2500) time: 1.2190 data: 0.7963 max mem: 21099
Epoch: [101] [0/7] eta: 0:00:08 lr: 0.00025 pcs/s: 423.725 loss: 7.0357 (7.0357) acc: 8.1250 (8.1250) time: 1.2182 data: 0.8403 max mem: 21099
Epoch: [101] Total time: 0:00:03
mean accuray of epoch 101 is 7.232142857142857
Epoch: [101] Total time: 0:00:03
mean accuray of epoch 101 is 7.410714285714286
Epoch: [102] [0/7] eta: 0:00:10 lr: 0.00025 pcs/s: 306.922 loss: 6.6400 (6.6400) acc: 10.6250 (10.6250) time: 1.4870 data: 0.9655 max mem: 21099
Epoch: [102] [0/7] eta: 0:00:10 lr: 0.00025 pcs/s: 393.934 loss: 6.8408 (6.8408) acc: 5.6250 (5.6250) time: 1.4863 data: 1.0799 max mem: 21099
Epoch: [102] Total time: 0:00:03
mean accuray of epoch 102 is 8.571428571428571
Epoch: [102] Total time: 0:00:03
mean accuray of epoch 102 is 6.964285714285714
Epoch: [103] [0/7] eta: 0:00:08 lr: 0.00025 pcs/s: 425.556 loss: 6.7628 (6.7628) acc: 8.1250 (8.1250) time: 1.2444 data: 0.8682 max mem: 21099
Epoch: [103] [0/7] eta: 0:00:08 lr: 0.00025 pcs/s: 381.950 loss: 6.7800 (6.7800) acc: 6.8750 (6.8750) time: 1.2447 data: 0.8255 max mem: 21099
Epoch: [103] Total time: 0:00:03
mean accuray of epoch 103 is 7.767857142857143
Epoch: [103] Total time: 0:00:03
mean accuray of epoch 103 is 7.410714285714286
Epoch: [104] [0/7] eta: 0:00:08 lr: 0.00025 pcs/s: 395.536 loss: 6.7592 (6.7592) acc: 6.2500 (6.2500) time: 1.2042 data: 0.7995 max mem: 21099Epoch: [104] [0/7] eta: 0:00:08 lr: 0.00025 pcs/s: 418.354 loss: 6.7552 (6.7552) acc: 8.1250 (8.1250) time: 1.2045 data: 0.8218 max mem: 21099

Epoch: [104] Total time: 0:00:03
Epoch: [104] Total time: 0:00:03
mean accuray of epoch 104 is 7.321428571428571
mean accuray of epoch 104 is 6.339285714285714
Epoch: [105] [0/7] eta: 0:00:08 lr: 0.00025 pcs/s: 339.405 loss: 6.8845 (6.8845) acc: 4.3750 (4.3750) time: 1.1908 data: 0.7191 max mem: 21099Epoch: [105] [0/7] eta: 0:00:08 lr: 0.00025 pcs/s: 384.103 loss: 6.6851 (6.6851) acc: 9.3750 (9.3750) time: 1.1907 data: 0.7739 max mem: 21099

Epoch: [105] Total time: 0:00:03
mean accuray of epoch 105 is 6.785714285714286
Epoch: [105] Total time: 0:00:03
mean accuray of epoch 105 is 7.410714285714286
Epoch: [106] [0/7] eta: 0:00:08 lr: 0.00025 pcs/s: 409.020 loss: 6.8623 (6.8623) acc: 6.8750 (6.8750) time: 1.1735 data: 0.7821 max mem: 21099
Epoch: [106] [0/7] eta: 0:00:08 lr: 0.00025 pcs/s: 416.919 loss: 6.7620 (6.7620) acc: 6.8750 (6.8750) time: 1.1732 data: 0.7892 max mem: 21099
Epoch: [106] Total time: 0:00:03
Epoch: [106] Total time: 0:00:03
mean accuray of epoch 106 is 7.142857142857143
mean accuray of epoch 106 is 6.428571428571429
Epoch: [107] [0/7] eta: 0:00:08 lr: 0.00025 pcs/s: 426.951 loss: 6.7318 (6.7318) acc: 7.5000 (7.5000) time: 1.1870 data: 0.8121 max mem: 21099
Epoch: [107] [0/7] eta: 0:00:08 lr: 0.00025 pcs/s: 406.338 loss: 6.8950 (6.8950) acc: 5.6250 (5.6250) time: 1.1869 data: 0.7929 max mem: 21099
Epoch: [107] Total time: 0:00:03
mean accuray of epoch 107 is 6.071428571428571
Epoch: [107] Total time: 0:00:03
mean accuray of epoch 107 is 6.517857142857143
Epoch: [108] [0/7] eta: 0:00:10 lr: 0.00025 pcs/s: 337.072 loss: 6.7227 (6.7227) acc: 7.5000 (7.5000) time: 1.4891 data: 1.0142 max mem: 21099
Epoch: [108] [0/7] eta: 0:00:10 lr: 0.00025 pcs/s: 389.994 loss: 6.6652 (6.6652) acc: 10.0000 (10.0000) time: 1.4889 data: 1.0784 max mem: 21099
Epoch: [108] Total time: 0:00:03
mean accuray of epoch 108 is 7.232142857142857
Epoch: [108] Total time: 0:00:03
mean accuray of epoch 108 is 7.767857142857143
Epoch: [109] [0/7] eta: 0:00:09 lr: 0.00025 pcs/s: 380.133 loss: 6.6888 (6.6888) acc: 7.5000 (7.5000) time: 1.4055 data: 0.9843 max mem: 21099
Epoch: [109] [0/7] eta: 0:00:09 lr: 0.00025 pcs/s: 390.698 loss: 6.6282 (6.6282) acc: 11.2500 (11.2500) time: 1.4052 data: 0.9953 max mem: 21099
Epoch: [109] Total time: 0:00:03
mean accuray of epoch 109 is 7.321428571428571
Epoch: [109] Total time: 0:00:03
mean accuray of epoch 109 is 7.232142857142857
Epoch: [110] [0/7] eta: 0:00:07 lr: 0.00025 pcs/s: 400.805 loss: 6.7935 (6.7935) acc: 5.0000 (5.0000) time: 1.1377 data: 0.7382 max mem: 21099
Epoch: [110] [0/7] eta: 0:00:07 lr: 0.00025 pcs/s: 419.028 loss: 6.8673 (6.8673) acc: 9.3750 (9.3750) time: 1.1371 data: 0.7550 max mem: 21099
Epoch: [110] Total time: 0:00:03
Epoch: [110] Total time: 0:00:03
mean accuray of epoch 110 is 7.589285714285714
mean accuray of epoch 110 is 6.071428571428571
Epoch: [111] [0/7] eta: 0:00:08 lr: 0.00025 pcs/s: 361.778 loss: 6.7316 (6.7316) acc: 8.1250 (8.1250) time: 1.1682 data: 0.7257 max mem: 21099Epoch: [111] [0/7] eta: 0:00:08 lr: 0.00025 pcs/s: 419.695 loss: 6.9610 (6.9610) acc: 6.2500 (6.2500) time: 1.1682 data: 0.7868 max mem: 21099

Epoch: [111] Total time: 0:00:03
Epoch: [111] Total time: 0:00:03
mean accuray of epoch 111 is 7.321428571428571
mean accuray of epoch 111 is 6.964285714285714
Epoch: [112] [0/7] eta: 0:00:09 lr: 0.00025 pcs/s: 349.638 loss: 6.7081 (6.7081) acc: 5.0000 (5.0000) time: 1.3587 data: 0.9009 max mem: 21099
Epoch: [112] [0/7] eta: 0:00:09 lr: 0.00025 pcs/s: 415.332 loss: 6.8148 (6.8148) acc: 6.8750 (6.8750) time: 1.3586 data: 0.9731 max mem: 21099
Epoch: [112] Total time: 0:00:03
mean accuray of epoch 112 is 7.410714285714286
Epoch: [112] Total time: 0:00:03
mean accuray of epoch 112 is 7.410714285714286
Epoch: [113] [0/7] eta: 0:00:08 lr: 0.00025 pcs/s: 381.979 loss: 7.1589 (7.1589) acc: 1.8750 (1.8750) time: 1.2296 data: 0.8105 max mem: 21099
Epoch: [113] [0/7] eta: 0:00:08 lr: 0.00025 pcs/s: 412.753 loss: 6.7881 (6.7881) acc: 7.5000 (7.5000) time: 1.2289 data: 0.8409 max mem: 21099
Epoch: [113] Total time: 0:00:03
mean accuray of epoch 113 is 6.25
Epoch: [113] Total time: 0:00:03
mean accuray of epoch 113 is 6.25
Epoch: [114] [0/7] eta: 0:00:08 lr: 0.00025 pcs/s: 354.545 loss: 6.6520 (6.6520) acc: 8.1250 (8.1250) time: 1.1711 data: 0.7196 max mem: 21099
Epoch: [114] [0/7] eta: 0:00:08 lr: 0.00025 pcs/s: 415.816 loss: 6.8141 (6.8141) acc: 6.2500 (6.2500) time: 1.1707 data: 0.7857 max mem: 21099
Epoch: [114] Total time: 0:00:03
Epoch: [114] Total time: 0:00:03
mean accuray of epoch 114 is 7.589285714285714
mean accuray of epoch 114 is 6.25
Epoch: [115] [0/7] eta: 0:00:08 lr: 0.00025 pcs/s: 376.811 loss: 6.8462 (6.8462) acc: 5.6250 (5.6250) time: 1.1992 data: 0.7743 max mem: 21099
Epoch: [115] [0/7] eta: 0:00:08 lr: 0.00025 pcs/s: 411.795 loss: 6.6047 (6.6047) acc: 10.0000 (10.0000) time: 1.1991 data: 0.8103 max mem: 21099
Epoch: [115] Total time: 0:00:03
mean accuray of epoch 115 is 6.964285714285714
Epoch: [115] Total time: 0:00:03
mean accuray of epoch 115 is 7.589285714285714
Epoch: [116] [0/7] eta: 0:00:08 lr: 0.00025 pcs/s: 405.813 loss: 6.6407 (6.6407) acc: 11.8750 (11.8750) time: 1.1439 data: 0.7494 max mem: 21099
Epoch: [116] [0/7] eta: 0:00:08 lr: 0.00025 pcs/s: 416.816 loss: 6.6165 (6.6165) acc: 9.3750 (9.3750) time: 1.1436 data: 0.7595 max mem: 21099
Epoch: [116] Total time: 0:00:03
Epoch: [116] Total time: 0:00:03
mean accuray of epoch 116 is 8.035714285714286
mean accuray of epoch 116 is 7.142857142857143
Epoch: [117] [0/7] eta: 0:00:08 lr: 0.00025 pcs/s: 375.413 loss: 7.1638 (7.1638) acc: 6.2500 (6.2500) time: 1.1915 data: 0.7651 max mem: 21099
Epoch: [117] [0/7] eta: 0:00:08 lr: 0.00025 pcs/s: 417.168 loss: 6.5744 (6.5744) acc: 10.6250 (10.6250) time: 1.1916 data: 0.8078 max mem: 21099
Epoch: [117] Total time: 0:00:03
mean accuray of epoch 117 is 7.142857142857143
Epoch: [117] Total time: 0:00:03
mean accuray of epoch 117 is 7.589285714285714
Epoch: [118] [0/7] eta: 0:00:08 lr: 0.00025 pcs/s: 418.550 loss: 6.6315 (6.6315) acc: 8.1250 (8.1250) time: 1.1614 data: 0.7789 max mem: 21099
Epoch: [118] [0/7] eta: 0:00:08 lr: 0.00025 pcs/s: 402.574 loss: 6.7487 (6.7487) acc: 8.1250 (8.1250) time: 1.1620 data: 0.7643 max mem: 21099
Epoch: [118] Total time: 0:00:03
mean accuray of epoch 118 is 6.696428571428571
Epoch: [118] Total time: 0:00:03
mean accuray of epoch 118 is 6.428571428571429
Epoch: [119] [0/7] eta: 0:00:08 lr: 0.00025 pcs/s: 364.996 loss: 6.7705 (6.7705) acc: 3.7500 (3.7500) time: 1.1749 data: 0.7363 max mem: 21099
Epoch: [119] [0/7] eta: 0:00:08 lr: 0.00025 pcs/s: 419.080 loss: 6.6645 (6.6645) acc: 8.1250 (8.1250) time: 1.1747 data: 0.7927 max mem: 21099
Epoch: [119] Total time: 0:00:03
Epoch: [119] Total time: 0:00:03
mean accuray of epoch 119 is 6.428571428571429
mean accuray of epoch 119 is 6.696428571428571
Epoch: [120] [0/7] eta: 0:00:09 lr: 0.00025 pcs/s: 324.122 loss: 6.5802 (6.5802) acc: 6.8750 (6.8750) time: 1.2958 data: 0.8019 max mem: 21099
Epoch: [120] [0/7] eta: 0:00:08 lr: 0.00025 pcs/s: 421.108 loss: 6.7706 (6.7706) acc: 3.7500 (3.7500) time: 1.2165 data: 0.8363 max mem: 21099
Epoch: [120] Total time: 0:00:03
mean accuray of epoch 120 is 6.696428571428571
Epoch: [120] Total time: 0:00:03
mean accuray of epoch 120 is 6.160714285714286
Epoch: [121] [0/7] eta: 0:00:08 lr: 0.00025 pcs/s: 351.614 loss: 6.6433 (6.6433) acc: 8.1250 (8.1250) time: 1.1921 data: 0.7368 max mem: 21099
Epoch: [121] [0/7] eta: 0:00:08 lr: 0.00025 pcs/s: 420.197 loss: 6.5462 (6.5462) acc: 6.2500 (6.2500) time: 1.1919 data: 0.8109 max mem: 21099
Epoch: [121] Total time: 0:00:03
Epoch: [121] Total time: 0:00:03
mean accuray of epoch 121 is 7.678571428571429
mean accuray of epoch 121 is 6.428571428571429
Epoch: [122] [0/7] eta: 0:00:09 lr: 0.00025 pcs/s: 369.613 loss: 6.8507 (6.8507) acc: 5.6250 (5.6250) time: 1.3319 data: 0.8988 max mem: 21099Epoch: [122] [0/7] eta: 0:00:09 lr: 0.00025 pcs/s: 423.623 loss: 6.5000 (6.5000) acc: 8.7500 (8.7500) time: 1.3319 data: 0.9539 max mem: 21099

Epoch: [122] Total time: 0:00:03
mean accuray of epoch 122 is 6.339285714285714
Epoch: [122] Total time: 0:00:03
mean accuray of epoch 122 is 7.5
Epoch: [123] [0/7] eta: 0:00:09 lr: 0.00025 pcs/s: 359.679 loss: 6.6049 (6.6049) acc: 6.8750 (6.8750) time: 1.3866 data: 0.9415 max mem: 21099
Epoch: [123] [0/7] eta: 0:00:09 lr: 0.00025 pcs/s: 391.853 loss: 6.6146 (6.6146) acc: 6.2500 (6.2500) time: 1.3856 data: 0.9769 max mem: 21099
Epoch: [123] Total time: 0:00:03Epoch: [123] Total time: 0:00:03

mean accuray of epoch 123 is 6.517857142857143
mean accuray of epoch 123 is 7.053571428571429
Epoch: [124] [0/7] eta: 0:00:08 lr: 0.00025 pcs/s: 415.735 loss: 6.5611 (6.5611) acc: 6.2500 (6.2500) time: 1.1697 data: 0.7846 max mem: 21099
Epoch: [124] [0/7] eta: 0:00:08 lr: 0.00025 pcs/s: 366.920 loss: 6.5792 (6.5792) acc: 6.2500 (6.2500) time: 1.1697 data: 0.7333 max mem: 21099
Epoch: [124] Total time: 0:00:03
Epoch: [124] Total time: 0:00:03
mean accuray of epoch 124 is 7.053571428571429
mean accuray of epoch 124 is 6.875
Epoch: [125] [0/7] eta: 0:00:07 lr: 0.00025 pcs/s: 419.617 loss: 6.6058 (6.6058) acc: 6.8750 (6.8750) time: 1.1144 data: 0.7329 max mem: 21099Epoch: [125] [0/7] eta: 0:00:07 lr: 0.00025 pcs/s: 408.071 loss: 6.9067 (6.9067) acc: 5.6250 (5.6250) time: 1.1143 data: 0.7219 max mem: 21099

Epoch: [125] Total time: 0:00:03
Epoch: [125] Total time: 0:00:03
mean accuray of epoch 125 is 5.357142857142857
mean accuray of epoch 125 is 7.410714285714286
Epoch: [126] [0/7] eta: 0:00:08 lr: 0.00025 pcs/s: 400.609 loss: 6.5723 (6.5723) acc: 5.6250 (5.6250) time: 1.1615 data: 0.7619 max mem: 21099
Epoch: [126] [0/7] eta: 0:00:08 lr: 0.00025 pcs/s: 415.111 loss: 6.4757 (6.4757) acc: 7.5000 (7.5000) time: 1.1616 data: 0.7759 max mem: 21099
Epoch: [126] Total time: 0:00:03
Epoch: [126] Total time: 0:00:03
mean accuray of epoch 126 is 6.785714285714286
mean accuray of epoch 126 is 7.321428571428571
Epoch: [127] [0/7] eta: 0:00:07 lr: 0.00025 pcs/s: 399.072 loss: 6.4416 (6.4416) acc: 6.8750 (6.8750) time: 1.1232 data: 0.7220 max mem: 21099
Epoch: [127] [0/7] eta: 0:00:07 lr: 0.00025 pcs/s: 416.300 loss: 6.2991 (6.2991) acc: 10.6250 (10.6250) time: 1.1230 data: 0.7385 max mem: 21099
Epoch: [127] Total time: 0:00:03
Epoch: [127] Total time: 0:00:03
mean accuray of epoch 127 is 7.767857142857143
mean accuray of epoch 127 is 7.5
Epoch: [128] [0/7] eta: 0:00:08 lr: 0.00025 pcs/s: 426.065 loss: 6.5317 (6.5317) acc: 5.0000 (5.0000) time: 1.2079 data: 0.8321 max mem: 21099Epoch: [128] [0/7] eta: 0:00:08 lr: 0.00025 pcs/s: 391.618 loss: 6.6185 (6.6185) acc: 5.6250 (5.6250) time: 1.2080 data: 0.7992 max mem: 21099

Epoch: [128] Total time: 0:00:03
mean accuray of epoch 128 is 7.410714285714286
Epoch: [128] Total time: 0:00:03
mean accuray of epoch 128 is 6.964285714285714
Epoch: [129] [0/7] eta: 0:00:08 lr: 0.00025 pcs/s: 384.966 loss: 6.3666 (6.3666) acc: 9.3750 (9.3750) time: 1.1818 data: 0.7659 max mem: 21099
Epoch: [129] [0/7] eta: 0:00:08 lr: 0.00025 pcs/s: 367.584 loss: 6.6456 (6.6456) acc: 5.0000 (5.0000) time: 1.1815 data: 0.7459 max mem: 21099
Epoch: [129] Total time: 0:00:03
Epoch: [129] Total time: 0:00:03
mean accuray of epoch 129 is 6.875
mean accuray of epoch 129 is 6.607142857142857
Epoch: [130] [0/7] eta: 0:00:08 lr: 0.00025 pcs/s: 370.495 loss: 6.6143 (6.6143) acc: 8.1250 (8.1250) time: 1.2362 data: 0.8041 max mem: 21099
Epoch: [130] [0/7] eta: 0:00:08 lr: 0.00025 pcs/s: 415.858 loss: 6.4838 (6.4838) acc: 8.1250 (8.1250) time: 1.2364 data: 0.8514 max mem: 21099
Epoch: [130] Total time: 0:00:03
mean accuray of epoch 130 is 6.517857142857143
Epoch: [130] Total time: 0:00:03
mean accuray of epoch 130 is 7.053571428571429
Epoch: [131] [0/7] eta: 0:00:07 lr: 0.00025 pcs/s: 412.593 loss: 6.4499 (6.4499) acc: 7.5000 (7.5000) time: 1.1163 data: 0.7283 max mem: 21099
Epoch: [131] [0/7] eta: 0:00:07 lr: 0.00025 pcs/s: 427.268 loss: 6.4085 (6.4085) acc: 8.1250 (8.1250) time: 1.1162 data: 0.7414 max mem: 21099
Epoch: [131] Total time: 0:00:03
mean accuray of epoch 131 is 6.696428571428571
Epoch: [131] Total time: 0:00:03
mean accuray of epoch 131 is 6.785714285714286
Epoch: [132] [0/7] eta: 0:00:08 lr: 0.00025 pcs/s: 414.016 loss: 6.4360 (6.4360) acc: 3.7500 (3.7500) time: 1.1494 data: 0.7627 max mem: 21099Epoch: [132] [0/7] eta: 0:00:08 lr: 0.00025 pcs/s: 419.740 loss: 6.4733 (6.4733) acc: 8.7500 (8.7500) time: 1.1492 data: 0.7677 max mem: 21099

Epoch: [132] Total time: 0:00:03
mean accuray of epoch 132 is 6.428571428571429
Epoch: [132] Total time: 0:00:03
mean accuray of epoch 132 is 6.428571428571429
Epoch: [133] [0/7] eta: 0:00:08 lr: 0.00025 pcs/s: 401.642 loss: 6.5047 (6.5047) acc: 8.1250 (8.1250) time: 1.1701 data: 0.7716 max mem: 21099
Epoch: [133] [0/7] eta: 0:00:08 lr: 0.00025 pcs/s: 418.686 loss: 6.3776 (6.3776) acc: 8.1250 (8.1250) time: 1.1700 data: 0.7876 max mem: 21099
Epoch: [133] Total time: 0:00:03
Epoch: [133] Total time: 0:00:03
mean accuray of epoch 133 is 6.875
mean accuray of epoch 133 is 6.875
Epoch: [134] [0/7] eta: 0:00:09 lr: 0.00025 pcs/s: 322.716 loss: 6.5626 (6.5626) acc: 8.1250 (8.1250) time: 1.3485 data: 0.8524 max mem: 21099
Epoch: [134] [0/7] eta: 0:00:09 lr: 0.00025 pcs/s: 388.306 loss: 6.5536 (6.5536) acc: 6.2500 (6.2500) time: 1.3485 data: 0.9362 max mem: 21099
Epoch: [134] Total time: 0:00:03
mean accuray of epoch 134 is 6.339285714285714
Epoch: [134] Total time: 0:00:03
mean accuray of epoch 134 is 7.142857142857143
Epoch: [135] [0/7] eta: 0:00:09 lr: 0.00025 pcs/s: 327.612 loss: 6.4352 (6.4352) acc: 10.0000 (10.0000) time: 1.3353 data: 0.8466 max mem: 21099
Epoch: [135] [0/7] eta: 0:00:09 lr: 0.00025 pcs/s: 417.989 loss: 6.4112 (6.4112) acc: 11.2500 (11.2500) time: 1.3344 data: 0.9513 max mem: 21099
Epoch: [135] Total time: 0:00:03
mean accuray of epoch 135 is 7.5
Epoch: [135] Total time: 0:00:03
mean accuray of epoch 135 is 7.678571428571429
Epoch: [136] [0/7] eta: 0:00:08 lr: 0.00025 pcs/s: 394.871 loss: 6.5250 (6.5250) acc: 8.1250 (8.1250) time: 1.2391 data: 0.8337 max mem: 21099
Epoch: [136] [0/7] eta: 0:00:08 lr: 0.00025 pcs/s: 413.680 loss: 6.5533 (6.5533) acc: 6.2500 (6.2500) time: 1.2397 data: 0.8527 max mem: 21099
Epoch: [136] Total time: 0:00:03
mean accuray of epoch 136 is 6.517857142857143
Epoch: [136] Total time: 0:00:03
mean accuray of epoch 136 is 6.25
Epoch: [137] [0/7] eta: 0:00:08 lr: 0.00025 pcs/s: 357.356 loss: 6.5155 (6.5155) acc: 4.3750 (4.3750) time: 1.2662 data: 0.8182 max mem: 21099
Epoch: [137] [0/7] eta: 0:00:08 lr: 0.00025 pcs/s: 420.812 loss: 6.3500 (6.3500) acc: 5.0000 (5.0000) time: 1.2659 data: 0.8854 max mem: 21099
Epoch: [137] Total time: 0:00:03
mean accuray of epoch 137 is 6.964285714285714
Epoch: [137] Total time: 0:00:03
mean accuray of epoch 137 is 6.339285714285714
Epoch: [138] [0/7] eta: 0:00:07 lr: 0.00025 pcs/s: 408.763 loss: 6.5230 (6.5230) acc: 6.8750 (6.8750) time: 1.1245 data: 0.7328 max mem: 21099
Epoch: [138] [0/7] eta: 0:00:07 lr: 0.00025 pcs/s: 414.550 loss: 6.5592 (6.5592) acc: 7.5000 (7.5000) time: 1.1249 data: 0.7387 max mem: 21099
Epoch: [138] Total time: 0:00:03
Epoch: [138] Total time: 0:00:03
mean accuray of epoch 138 is 5.982142857142857
mean accuray of epoch 138 is 7.767857142857143
Epoch: [139] [0/7] eta: 0:00:08 lr: 0.00025 pcs/s: 413.659 loss: 6.4207 (6.4207) acc: 6.8750 (6.8750) time: 1.1630 data: 0.7760 max mem: 21099Epoch: [139] [0/7] eta: 0:00:08 lr: 0.00025 pcs/s: 419.025 loss: 6.5117 (6.5117) acc: 5.0000 (5.0000) time: 1.1629 data: 0.7808 max mem: 21099

Epoch: [139] Total time: 0:00:03
mean accuray of epoch 139 is 6.875
Epoch: [139] Total time: 0:00:03
mean accuray of epoch 139 is 5.803571428571429
Epoch: [140] [0/7] eta: 0:00:08 lr: 0.00025 pcs/s: 391.651 loss: 6.5727 (6.5727) acc: 6.8750 (6.8750) time: 1.1553 data: 0.7465 max mem: 21099
Epoch: [140] [0/7] eta: 0:00:08 lr: 0.00025 pcs/s: 414.308 loss: 6.4132 (6.4132) acc: 6.8750 (6.8750) time: 1.1557 data: 0.7692 max mem: 21099
Epoch: [140] Total time: 0:00:03
mean accuray of epoch 140 is 7.410714285714286
Epoch: [140] Total time: 0:00:03
mean accuray of epoch 140 is 8.303571428571429
Epoch: [141] [0/7] eta: 0:00:09 lr: 0.00025 pcs/s: 312.037 loss: 6.2428 (6.2428) acc: 8.1250 (8.1250) time: 1.3787 data: 0.8656 max mem: 21099
Epoch: [141] [0/7] eta: 0:00:09 lr: 0.00025 pcs/s: 381.399 loss: 6.4280 (6.4280) acc: 5.6250 (5.6250) time: 1.3783 data: 0.9585 max mem: 21099
Epoch: [141] Total time: 0:00:03
mean accuray of epoch 141 is 6.517857142857143
Epoch: [141] Total time: 0:00:03
mean accuray of epoch 141 is 6.875
Epoch: [142] [0/7] eta: 0:00:08 lr: 0.00025 pcs/s: 324.943 loss: 6.8964 (6.8964) acc: 3.7500 (3.7500) time: 1.2466 data: 0.7540 max mem: 21099
Epoch: [142] [0/7] eta: 0:00:08 lr: 0.00025 pcs/s: 385.270 loss: 6.3808 (6.3808) acc: 6.2500 (6.2500) time: 1.2465 data: 0.8310 max mem: 21099
Epoch: [142] Total time: 0:00:03
Epoch: [142] Total time: 0:00:03
mean accuray of epoch 142 is 6.25
mean accuray of epoch 142 is 7.678571428571429
Epoch: [143] [0/7] eta: 0:00:08 lr: 0.00025 pcs/s: 359.004 loss: 6.5821 (6.5821) acc: 6.2500 (6.2500) time: 1.2119 data: 0.7660 max mem: 21099
Epoch: [143] [0/7] eta: 0:00:08 lr: 0.00025 pcs/s: 416.132 loss: 6.7821 (6.7821) acc: 5.6250 (5.6250) time: 1.2119 data: 0.8272 max mem: 21099
Epoch: [143] Total time: 0:00:03
mean accuray of epoch 143 is 7.946428571428571Epoch: [143] Total time: 0:00:03

mean accuray of epoch 143 is 6.785714285714286
Epoch: [144] [0/7] eta: 0:00:08 lr: 0.00025 pcs/s: 418.273 loss: 6.5455 (6.5455) acc: 4.3750 (4.3750) time: 1.2421 data: 0.8593 max mem: 21099
Epoch: [144] [0/7] eta: 0:00:08 lr: 0.00025 pcs/s: 406.981 loss: 6.4087 (6.4087) acc: 6.8750 (6.8750) time: 1.2424 data: 0.8489 max mem: 21099
Epoch: [144] Total time: 0:00:03
mean accuray of epoch 144 is 6.607142857142857
Epoch: [144] Total time: 0:00:03
mean accuray of epoch 144 is 6.517857142857143
Epoch: [145] [0/7] eta: 0:00:09 lr: 0.00025 pcs/s: 311.502 loss: 6.4264 (6.4264) acc: 7.5000 (7.5000) time: 1.3251 data: 0.8112 max mem: 21099
Epoch: [145] [0/7] eta: 0:00:09 lr: 0.00025 pcs/s: 398.014 loss: 6.3827 (6.3827) acc: 8.1250 (8.1250) time: 1.3250 data: 0.9227 max mem: 21099
Epoch: [145] Total time: 0:00:03
Epoch: [145] Total time: 0:00:03
mean accuray of epoch 145 is 6.339285714285714
mean accuray of epoch 145 is 7.053571428571429
Epoch: [146] [0/7] eta: 0:00:08 lr: 0.00025 pcs/s: 320.820 loss: 6.3715 (6.3715) acc: 7.5000 (7.5000) time: 1.2725 data: 0.7735 max mem: 21099
Epoch: [146] [0/7] eta: 0:00:08 lr: 0.00025 pcs/s: 388.284 loss: 6.3126 (6.3126) acc: 6.8750 (6.8750) time: 1.2724 data: 0.8601 max mem: 21099
Epoch: [146] Total time: 0:00:03
Epoch: [146] Total time: 0:00:03
mean accuray of epoch 146 is 7.053571428571429
mean accuray of epoch 146 is 5.892857142857143
Epoch: [147] [0/7] eta: 0:00:09 lr: 0.00025 pcs/s: 357.241 loss: 6.3897 (6.3897) acc: 6.2500 (6.2500) time: 1.3612 data: 0.9131 max mem: 21099
Epoch: [147] [0/7] eta: 0:00:09 lr: 0.00025 pcs/s: 274.938 loss: 6.3147 (6.3147) acc: 6.2500 (6.2500) time: 1.3614 data: 0.7792 max mem: 21099
Epoch: [147] Total time: 0:00:03
mean accuray of epoch 147 is 5.982142857142857
Epoch: [147] Total time: 0:00:03
mean accuray of epoch 147 is 6.517857142857143
Epoch: [148] [0/7] eta: 0:00:08 lr: 0.00025 pcs/s: 309.196 loss: 6.4468 (6.4468) acc: 8.1250 (8.1250) time: 1.2454 data: 0.7277 max mem: 21099
Epoch: [148] [0/7] eta: 0:00:08 lr: 0.00025 pcs/s: 415.636 loss: 6.4514 (6.4514) acc: 6.2500 (6.2500) time: 1.2432 data: 0.8580 max mem: 21099
Epoch: [148] Total time: 0:00:03
Epoch: [148] Total time: 0:00:03
mean accuray of epoch 148 is 7.410714285714286mean accuray of epoch 148 is 7.678571428571429

Epoch: [149] [0/7] eta: 0:00:08 lr: 0.00025 pcs/s: 338.577 loss: 6.3128 (6.3128) acc: 10.0000 (10.0000) time: 1.2622 data: 0.7894 max mem: 21099
Epoch: [149] [0/7] eta: 0:00:08 lr: 0.00025 pcs/s: 419.220 loss: 6.4942 (6.4942) acc: 6.2500 (6.2500) time: 1.2623 data: 0.8804 max mem: 21099
Epoch: [149] Total time: 0:00:03
Epoch: [149] Total time: 0:00:03
mean accuray of epoch 149 is 8.035714285714286
mean accuray of epoch 149 is 6.607142857142857
Epoch: [150] [0/7] eta: 0:00:09 lr: 0.00025 pcs/s: 310.750 loss: 6.2465 (6.2465) acc: 10.0000 (10.0000) time: 1.4149 data: 0.8998 max mem: 21099
Epoch: [150] [0/7] eta: 0:00:09 lr: 0.00025 pcs/s: 419.515 loss: 6.3809 (6.3809) acc: 3.1250 (3.1250) time: 1.4119 data: 1.0302 max mem: 21099
Epoch: [150] Total time: 0:00:03
Epoch: [150] Total time: 0:00:03
mean accuray of epoch 150 is 5.982142857142857
mean accuray of epoch 150 is 7.589285714285714
Epoch: [151] [0/7] eta: 0:00:08 lr: 0.00025 pcs/s: 332.800 loss: 6.3158 (6.3158) acc: 8.1250 (8.1250) time: 1.2685 data: 0.7875 max mem: 21099
Epoch: [151] [0/7] eta: 0:00:08 lr: 0.00025 pcs/s: 410.865 loss: 6.3700 (6.3700) acc: 6.8750 (6.8750) time: 1.2721 data: 0.8824 max mem: 21099
Epoch: [151] Total time: 0:00:03
mean accuray of epoch 151 is 6.428571428571429
Epoch: [151] Total time: 0:00:03
mean accuray of epoch 151 is 7.5
Epoch: [152] [0/7] eta: 0:00:08 lr: 0.00025 pcs/s: 373.242 loss: 6.4835 (6.4835) acc: 6.2500 (6.2500) time: 1.1731 data: 0.7442 max mem: 21099
Epoch: [152] [0/7] eta: 0:00:08 lr: 0.00025 pcs/s: 410.211 loss: 6.3436 (6.3436) acc: 8.1250 (8.1250) time: 1.1729 data: 0.7826 max mem: 21099
Epoch: [152] Total time: 0:00:03
mean accuray of epoch 152 is 7.053571428571429
Epoch: [152] Total time: 0:00:03
mean accuray of epoch 152 is 6.428571428571429
Epoch: [153] [0/7] eta: 0:00:08 lr: 0.00025 pcs/s: 391.420 loss: 6.3896 (6.3896) acc: 10.6250 (10.6250) time: 1.1736 data: 0.7647 max mem: 21099
Epoch: [153] [0/7] eta: 0:00:08 lr: 0.00025 pcs/s: 416.215 loss: 6.4568 (6.4568) acc: 8.1250 (8.1250) time: 1.1733 data: 0.7887 max mem: 21099
Epoch: [153] Total time: 0:00:03
Epoch: [153] Total time: 0:00:03mean accuray of epoch 153 is 7.589285714285714

mean accuray of epoch 153 is 7.053571428571429
Epoch: [154] [0/7] eta: 0:00:08 lr: 0.00025 pcs/s: 405.508 loss: 6.3914 (6.3914) acc: 6.2500 (6.2500) time: 1.2734 data: 0.8786 max mem: 21099
Epoch: [154] [0/7] eta: 0:00:08 lr: 0.00025 pcs/s: 418.093 loss: 6.2269 (6.2269) acc: 10.6250 (10.6250) time: 1.2733 data: 0.8904 max mem: 21099
Epoch: [154] Total time: 0:00:03
Epoch: [154] Total time: 0:00:03
mean accuray of epoch 154 is 6.339285714285714
mean accuray of epoch 154 is 6.160714285714286
Epoch: [155] [0/7] eta: 0:00:09 lr: 0.00025 pcs/s: 379.557 loss: 6.2929 (6.2929) acc: 7.5000 (7.5000) time: 1.3545 data: 0.9327 max mem: 21099
Epoch: [155] [0/7] eta: 0:00:09 lr: 0.00025 pcs/s: 417.368 loss: 6.3168 (6.3168) acc: 7.5000 (7.5000) time: 1.3570 data: 0.9734 max mem: 21099
Epoch: [155] Total time: 0:00:03
mean accuray of epoch 155 is 6.25
Epoch: [155] Total time: 0:00:03
mean accuray of epoch 155 is 7.589285714285714
Epoch: [156] [0/7] eta: 0:00:08 lr: 0.00025 pcs/s: 390.823 loss: 6.3994 (6.3994) acc: 6.2500 (6.2500) time: 1.1825 data: 0.7729 max mem: 21099
Epoch: [156] [0/7] eta: 0:00:08 lr: 0.00025 pcs/s: 418.085 loss: 6.5147 (6.5147) acc: 8.1250 (8.1250) time: 1.1823 data: 0.7994 max mem: 21099
Epoch: [156] Total time: 0:00:03
Epoch: [156] Total time: 0:00:03
mean accuray of epoch 156 is 6.696428571428571
mean accuray of epoch 156 is 6.160714285714286
Epoch: [157] [0/7] eta: 0:00:08 lr: 0.00025 pcs/s: 363.262 loss: 6.4655 (6.4655) acc: 4.3750 (4.3750) time: 1.2217 data: 0.7811 max mem: 21099
Epoch: [157] [0/7] eta: 0:00:08 lr: 0.00025 pcs/s: 412.877 loss: 6.4213 (6.4213) acc: 5.0000 (5.0000) time: 1.2219 data: 0.8341 max mem: 21099
Epoch: [157] Total time: 0:00:03
Epoch: [157] Total time: 0:00:03
mean accuray of epoch 157 is 6.964285714285714
mean accuray of epoch 157 is 5.267857142857143
Epoch: [158] [0/7] eta: 0:00:08 lr: 0.00025 pcs/s: 339.243 loss: 6.5265 (6.5265) acc: 5.0000 (5.0000) time: 1.2471 data: 0.7753 max mem: 21099
Epoch: [158] [0/7] eta: 0:00:08 lr: 0.00025 pcs/s: 414.458 loss: 6.2362 (6.2362) acc: 10.0000 (10.0000) time: 1.2470 data: 0.8607 max mem: 21099
Epoch: [158] Total time: 0:00:03
mean accuray of epoch 158 is 7.767857142857143
Epoch: [158] Total time: 0:00:03
mean accuray of epoch 158 is 6.160714285714286
Epoch: [159] [0/7] eta: 0:00:10 lr: 0.00025 pcs/s: 307.692 loss: 6.6425 (6.6425) acc: 7.5000 (7.5000) time: 1.4485 data: 0.9283 max mem: 21099
Epoch: [159] [0/7] eta: 0:00:10 lr: 0.00025 pcs/s: 416.733 loss: 6.1316 (6.1316) acc: 8.7500 (8.7500) time: 1.4448 data: 1.0606 max mem: 21099
Epoch: [159] Total time: 0:00:03
Epoch: [159] Total time: 0:00:03
mean accuray of epoch 159 is 6.875
mean accuray of epoch 159 is 5.982142857142857
Epoch: [160] [0/7] eta: 0:00:07 lr: 0.00025 pcs/s: 423.364 loss: 6.5767 (6.5767) acc: 7.5000 (7.5000) time: 1.1257 data: 0.7476 max mem: 21099Epoch: [160] [0/7] eta: 0:00:08 lr: 0.00025 pcs/s: 356.530 loss: 6.5003 (6.5003) acc: 3.1250 (3.1250) time: 1.2043 data: 0.7553 max mem: 21099

Epoch: [160] Total time: 0:00:03
mean accuray of epoch 160 is 7.321428571428571
Epoch: [160] Total time: 0:00:03
mean accuray of epoch 160 is 7.053571428571429
Epoch: [161] [0/7] eta: 0:00:08 lr: 0.00025 pcs/s: 391.027 loss: 6.3386 (6.3386) acc: 10.0000 (10.0000) time: 1.2435 data: 0.8341 max mem: 21099
Epoch: [161] [0/7] eta: 0:00:08 lr: 0.00025 pcs/s: 413.757 loss: 6.3501 (6.3501) acc: 5.0000 (5.0000) time: 1.2434 data: 0.8565 max mem: 21099
Epoch: [161] Total time: 0:00:03
Epoch: [161] Total time: 0:00:03
mean accuray of epoch 161 is 6.071428571428571
mean accuray of epoch 161 is 5.714285714285714
Epoch: [162] [0/7] eta: 0:00:08 lr: 0.00025 pcs/s: 403.514 loss: 6.4331 (6.4331) acc: 5.6250 (5.6250) time: 1.2048 data: 0.8081 max mem: 21099
Epoch: [162] [0/7] eta: 0:00:08 lr: 0.00025 pcs/s: 413.647 loss: 6.4144 (6.4144) acc: 6.8750 (6.8750) time: 1.2048 data: 0.8177 max mem: 21099
Epoch: [162] Total time: 0:00:03
Epoch: [162] Total time: 0:00:03
mean accuray of epoch 162 is 7.053571428571429
mean accuray of epoch 162 is 5.625
Epoch: [163] [0/7] eta: 0:00:09 lr: 0.00025 pcs/s: 360.762 loss: 6.3488 (6.3488) acc: 5.6250 (5.6250) time: 1.2992 data: 0.8555 max mem: 21099
Epoch: [163] [0/7] eta: 0:00:09 lr: 0.00025 pcs/s: 417.787 loss: 6.5476 (6.5476) acc: 6.8750 (6.8750) time: 1.2990 data: 0.9158 max mem: 21099
Epoch: [163] Total time: 0:00:03
Epoch: [163] Total time: 0:00:03
mean accuray of epoch 163 is 7.857142857142857
mean accuray of epoch 163 is 7.232142857142857
Epoch: [164] [0/7] eta: 0:00:08 lr: 0.00025 pcs/s: 407.151 loss: 6.2202 (6.2202) acc: 8.1250 (8.1250) time: 1.1815 data: 0.7883 max mem: 21099
Epoch: [164] [0/7] eta: 0:00:08 lr: 0.00025 pcs/s: 417.898 loss: 6.5585 (6.5585) acc: 5.0000 (5.0000) time: 1.1815 data: 0.7984 max mem: 21099
Epoch: [164] Total time: 0:00:03
Epoch: [164] Total time: 0:00:03
mean accuray of epoch 164 is 7.321428571428571
mean accuray of epoch 164 is 6.696428571428571
Epoch: [165] [0/7] eta: 0:00:08 lr: 0.00025 pcs/s: 419.634 loss: 6.4759 (6.4759) acc: 11.2500 (11.2500) time: 1.1858 data: 0.8042 max mem: 21099Epoch: [165] [0/7] eta: 0:00:08 lr: 0.00025 pcs/s: 406.408 loss: 6.1972 (6.1972) acc: 9.3750 (9.3750) time: 1.1859 data: 0.7919 max mem: 21099

Epoch: [165] Total time: 0:00:03
Epoch: [165] Total time: 0:00:03
mean accuray of epoch 165 is 8.660714285714286
mean accuray of epoch 165 is 7.232142857142857
Epoch: [166] [0/7] eta: 0:00:08 lr: 0.00025 pcs/s: 401.367 loss: 6.4510 (6.4510) acc: 7.5000 (7.5000) time: 1.2331 data: 0.8342 max mem: 21099
Epoch: [166] [0/7] eta: 0:00:08 lr: 0.00025 pcs/s: 412.352 loss: 6.2469 (6.2469) acc: 6.8750 (6.8750) time: 1.2315 data: 0.8432 max mem: 21099
Epoch: [166] Total time: 0:00:03
Epoch: [166] Total time: 0:00:03
mean accuray of epoch 166 is 7.142857142857143
mean accuray of epoch 166 is 6.428571428571429
Epoch: [167] [0/7] eta: 0:00:09 lr: 0.00025 pcs/s: 326.887 loss: 6.2992 (6.2992) acc: 5.0000 (5.0000) time: 1.3309 data: 0.8412 max mem: 21099
Epoch: [167] [0/7] eta: 0:00:09 lr: 0.00025 pcs/s: 400.026 loss: 6.6084 (6.6084) acc: 8.7500 (8.7500) time: 1.3312 data: 0.9310 max mem: 21099
Epoch: [167] Total time: 0:00:03
Epoch: [167] Total time: 0:00:03mean accuray of epoch 167 is 5.982142857142857

mean accuray of epoch 167 is 7.142857142857143
Epoch: [168] [0/7] eta: 0:00:08 lr: 0.00025 pcs/s: 389.492 loss: 6.1725 (6.1725) acc: 6.2500 (6.2500) time: 1.1525 data: 0.7415 max mem: 21099
Epoch: [168] [0/7] eta: 0:00:08 lr: 0.00025 pcs/s: 412.305 loss: 6.1911 (6.1911) acc: 6.2500 (6.2500) time: 1.1524 data: 0.7641 max mem: 21099
Epoch: [168] Total time: 0:00:03
Epoch: [168] Total time: 0:00:03
mean accuray of epoch 168 is 6.875
mean accuray of epoch 168 is 7.053571428571429
Epoch: [169] [0/7] eta: 0:00:08 lr: 0.00025 pcs/s: 327.479 loss: 6.3157 (6.3157) acc: 5.6250 (5.6250) time: 1.1796 data: 0.6908 max mem: 21099
Epoch: [169] [0/7] eta: 0:00:08 lr: 0.00025 pcs/s: 414.764 loss: 6.1484 (6.1484) acc: 11.8750 (11.8750) time: 1.1814 data: 0.7953 max mem: 21099
Epoch: [169] Total time: 0:00:03
Epoch: [169] Total time: 0:00:03
mean accuray of epoch 169 is 7.053571428571429
mean accuray of epoch 169 is 6.875
Epoch: [170] [0/7] eta: 0:00:08 lr: 0.00025 pcs/s: 408.770 loss: 6.1838 (6.1838) acc: 5.6250 (5.6250) time: 1.1777 data: 0.7860 max mem: 21099Epoch: [170] [0/7] eta: 0:00:08 lr: 0.00025 pcs/s: 416.788 loss: 6.0817 (6.0817) acc: 7.5000 (7.5000) time: 1.1779 data: 0.7937 max mem: 21099

Epoch: [170] Total time: 0:00:03
Epoch: [170] Total time: 0:00:03
mean accuray of epoch 170 is 6.25
mean accuray of epoch 170 is 6.964285714285714
Epoch: [171] [0/7] eta: 0:00:08 lr: 0.00025 pcs/s: 344.814 loss: 6.3802 (6.3802) acc: 5.0000 (5.0000) time: 1.2528 data: 0.7886 max mem: 21099
Epoch: [171] [0/7] eta: 0:00:08 lr: 0.00025 pcs/s: 414.834 loss: 6.3413 (6.3413) acc: 6.2500 (6.2500) time: 1.2530 data: 0.8670 max mem: 21099
Epoch: [171] Total time: 0:00:03
mean accuray of epoch 171 is 6.25
Epoch: [171] Total time: 0:00:03
mean accuray of epoch 171 is 6.785714285714286
Epoch: [172] [0/7] eta: 0:00:09 lr: 0.00025 pcs/s: 415.240 loss: 6.4002 (6.4002) acc: 8.1250 (8.1250) time: 1.4215 data: 1.0360 max mem: 21099
Epoch: [172] [0/7] eta: 0:00:09 lr: 0.00025 pcs/s: 361.763 loss: 6.2869 (6.2869) acc: 11.8750 (11.8750) time: 1.4237 data: 0.9811 max mem: 21099
Epoch: [172] Total time: 0:00:03Epoch: [172] Total time: 0:00:03

mean accuray of epoch 172 is 7.946428571428571
mean accuray of epoch 172 is 6.25
Epoch: [173] [0/7] eta: 0:00:09 lr: 0.00025 pcs/s: 328.603 loss: 6.5739 (6.5739) acc: 6.2500 (6.2500) time: 1.3709 data: 0.8837 max mem: 21099
Epoch: [173] [0/7] eta: 0:00:09 lr: 0.00025 pcs/s: 415.024 loss: 6.2053 (6.2053) acc: 7.5000 (7.5000) time: 1.3709 data: 0.9851 max mem: 21099
Epoch: [173] Total time: 0:00:03
Epoch: [173] Total time: 0:00:03
mean accuray of epoch 173 is 6.25
mean accuray of epoch 173 is 6.964285714285714
Epoch: [174] [0/7] eta: 0:00:08 lr: 0.00025 pcs/s: 347.646 loss: 6.3263 (6.3263) acc: 6.2500 (6.2500) time: 1.2582 data: 0.7978 max mem: 21099
Epoch: [174] [0/7] eta: 0:00:08 lr: 0.00025 pcs/s: 416.068 loss: 6.3604 (6.3604) acc: 5.0000 (5.0000) time: 1.2583 data: 0.8734 max mem: 21099
Epoch: [174] Total time: 0:00:03
mean accuray of epoch 174 is 6.964285714285714
Epoch: [174] Total time: 0:00:03
mean accuray of epoch 174 is 6.339285714285714
Epoch: [175] [0/7] eta: 0:00:08 lr: 0.00025 pcs/s: 407.146 loss: 6.0501 (6.0501) acc: 9.3750 (9.3750) time: 1.2141 data: 0.8209 max mem: 21099
Epoch: [175] [0/7] eta: 0:00:08 lr: 0.00025 pcs/s: 415.826 loss: 6.3605 (6.3605) acc: 5.0000 (5.0000) time: 1.2147 data: 0.8297 max mem: 21099
Epoch: [175] Total time: 0:00:03Epoch: [175] Total time: 0:00:03

mean accuray of epoch 175 is 7.678571428571429
mean accuray of epoch 175 is 7.053571428571429
Epoch: [176] [0/7] eta: 0:00:07 lr: 0.00025 pcs/s: 405.209 loss: 6.1417 (6.1417) acc: 8.1250 (8.1250) time: 1.1188 data: 0.7237 max mem: 21099
Epoch: [176] [0/7] eta: 0:00:07 lr: 0.00025 pcs/s: 418.220 loss: 6.2970 (6.2970) acc: 9.3750 (9.3750) time: 1.1190 data: 0.7362 max mem: 21099
Epoch: [176] Total time: 0:00:03
Epoch: [176] Total time: 0:00:03
mean accuray of epoch 176 is 6.964285714285714
mean accuray of epoch 176 is 8.214285714285714
Epoch: [177] [0/7] eta: 0:00:08 lr: 0.00025 pcs/s: 416.207 loss: 6.3106 (6.3106) acc: 8.1250 (8.1250) time: 1.1916 data: 0.8070 max mem: 21099
Epoch: [177] [0/7] eta: 0:00:08 lr: 0.00025 pcs/s: 418.936 loss: 6.2636 (6.2636) acc: 5.6250 (5.6250) time: 1.1916 data: 0.8094 max mem: 21099
Epoch: [177] Total time: 0:00:03
mean accuray of epoch 177 is 7.857142857142857
Epoch: [177] Total time: 0:00:03
mean accuray of epoch 177 is 5.625
Epoch: [178] [0/7] eta: 0:00:09 lr: 0.00025 pcs/s: 356.690 loss: 6.1797 (6.1797) acc: 7.5000 (7.5000) time: 1.3317 data: 0.8829 max mem: 21099
Epoch: [178] [0/7] eta: 0:00:09 lr: 0.00025 pcs/s: 415.640 loss: 6.1798 (6.1798) acc: 9.3750 (9.3750) time: 1.3313 data: 0.9461 max mem: 21099
Epoch: [178] Total time: 0:00:03
mean accuray of epoch 178 is 6.696428571428571
Epoch: [178] Total time: 0:00:03
mean accuray of epoch 178 is 6.875
Epoch: [179] [0/7] eta: 0:00:08 lr: 0.00025 pcs/s: 417.133 loss: 6.3348 (6.3348) acc: 8.1250 (8.1250) time: 1.2010 data: 0.8172 max mem: 21099Epoch: [179] [0/7] eta: 0:00:08 lr: 0.00025 pcs/s: 358.027 loss: 6.7078 (6.7078) acc: 3.1250 (3.1250) time: 1.2014 data: 0.7543 max mem: 21099

Epoch: [179] Total time: 0:00:03
mean accuray of epoch 179 is 5.803571428571429
Epoch: [179] Total time: 0:00:03
mean accuray of epoch 179 is 5.178571428571429
Epoch: [180] [0/7] eta: 0:00:09 lr: 0.00025 pcs/s: 350.586 loss: 5.9378 (5.9378) acc: 11.8750 (11.8750) time: 1.3785 data: 0.9219 max mem: 21099
Epoch: [180] [0/7] eta: 0:00:09 lr: 0.00025 pcs/s: 416.953 loss: 6.1661 (6.1661) acc: 6.8750 (6.8750) time: 1.3775 data: 0.9935 max mem: 21099
Epoch: [180] Total time: 0:00:03
Epoch: [180] Total time: 0:00:03mean accuray of epoch 180 is 7.678571428571429

mean accuray of epoch 180 is 6.428571428571429
Epoch: [181] [0/7] eta: 0:00:08 lr: 0.00025 pcs/s: 379.792 loss: 6.1383 (6.1383) acc: 8.1250 (8.1250) time: 1.1794 data: 0.7579 max mem: 21099
Epoch: [181] [0/7] eta: 0:00:08 lr: 0.00025 pcs/s: 420.378 loss: 6.2617 (6.2617) acc: 7.5000 (7.5000) time: 1.1763 data: 0.7955 max mem: 21099
Epoch: [181] Total time: 0:00:03
Epoch: [181] Total time: 0:00:03
mean accuray of epoch 181 is 7.5
mean accuray of epoch 181 is 6.875
Epoch: [182] [0/7] eta: 0:00:08 lr: 0.00025 pcs/s: 402.724 loss: 6.3530 (6.3530) acc: 4.3750 (4.3750) time: 1.2308 data: 0.8332 max mem: 21099
Epoch: [182] [0/7] eta: 0:00:08 lr: 0.00025 pcs/s: 420.229 loss: 6.0286 (6.0286) acc: 6.8750 (6.8750) time: 1.2310 data: 0.8500 max mem: 21099
Epoch: [182] Total time: 0:00:03
Epoch: [182] Total time: 0:00:03
mean accuray of epoch 182 is 7.5
mean accuray of epoch 182 is 6.875
Epoch: [183] [0/7] eta: 0:00:07 lr: 0.00025 pcs/s: 400.392 loss: 6.1839 (6.1839) acc: 5.6250 (5.6250) time: 1.1381 data: 0.7383 max mem: 21099
Epoch: [183] [0/7] eta: 0:00:07 lr: 0.00025 pcs/s: 417.532 loss: 6.1855 (6.1855) acc: 9.3750 (9.3750) time: 1.1381 data: 0.7547 max mem: 21099
Epoch: [183] Total time: 0:00:03
Epoch: [183] Total time: 0:00:03
mean accuray of epoch 183 is 7.142857142857143
mean accuray of epoch 183 is 6.785714285714286
Epoch: [184] [0/7] eta: 0:00:08 lr: 0.00025 pcs/s: 375.948 loss: 6.2969 (6.2969) acc: 5.0000 (5.0000) time: 1.2405 data: 0.8147 max mem: 21099
Epoch: [184] [0/7] eta: 0:00:08 lr: 0.00025 pcs/s: 416.669 loss: 6.3894 (6.3894) acc: 5.0000 (5.0000) time: 1.2408 data: 0.8566 max mem: 21099
Epoch: [184] Total time: 0:00:03
Epoch: [184] Total time: 0:00:03
mean accuray of epoch 184 is 7.232142857142857
mean accuray of epoch 184 is 5.535714285714286
Epoch: [185] [0/7] eta: 0:00:09 lr: 0.00025 pcs/s: 327.734 loss: 6.1299 (6.1299) acc: 9.3750 (9.3750) time: 1.4177 data: 0.9293 max mem: 21099
Epoch: [185] [0/7] eta: 0:00:09 lr: 0.00025 pcs/s: 405.465 loss: 6.1970 (6.1970) acc: 6.8750 (6.8750) time: 1.4175 data: 1.0226 max mem: 21099
Epoch: [185] Total time: 0:00:03
mean accuray of epoch 185 is 6.428571428571429
Epoch: [185] Total time: 0:00:03
mean accuray of epoch 185 is 6.696428571428571
Epoch: [186] [0/7] eta: 0:00:08 lr: 0.00025 pcs/s: 385.641 loss: 6.1533 (6.1533) acc: 7.5000 (7.5000) time: 1.1721 data: 0.7570 max mem: 21099
Epoch: [186] [0/7] eta: 0:00:08 lr: 0.00025 pcs/s: 416.911 loss: 6.2051 (6.2051) acc: 5.6250 (5.6250) time: 1.1717 data: 0.7876 max mem: 21099
Epoch: [186] Total time: 0:00:03
Epoch: [186] Total time: 0:00:03
mean accuray of epoch 186 is 6.428571428571429
mean accuray of epoch 186 is 6.607142857142857
Epoch: [187] [0/7] eta: 0:00:08 lr: 0.00025 pcs/s: 419.573 loss: 6.1900 (6.1900) acc: 7.5000 (7.5000) time: 1.1632 data: 0.7817 max mem: 21099
Epoch: [187] [0/7] eta: 0:00:08 lr: 0.00025 pcs/s: 395.283 loss: 6.1282 (6.1282) acc: 9.3750 (9.3750) time: 1.1631 data: 0.7581 max mem: 21099
Epoch: [187] Total time: 0:00:03
mean accuray of epoch 187 is 7.321428571428571
Epoch: [187] Total time: 0:00:03
mean accuray of epoch 187 is 6.428571428571429
Epoch: [188] [0/7] eta: 0:00:07 lr: 0.00025 pcs/s: 421.035 loss: 6.0766 (6.0766) acc: 6.8750 (6.8750) time: 1.1351 data: 0.7549 max mem: 21099
Epoch: [188] [0/7] eta: 0:00:07 lr: 0.00025 pcs/s: 401.229 loss: 6.5069 (6.5069) acc: 5.6250 (5.6250) time: 1.1349 data: 0.7358 max mem: 21099
Epoch: [188] Total time: 0:00:03
mean accuray of epoch 188 is 6.607142857142857
Epoch: [188] Total time: 0:00:03
mean accuray of epoch 188 is 5.714285714285714
Epoch: [189] [0/7] eta: 0:00:10 lr: 0.00025 pcs/s: 292.534 loss: 6.2937 (6.2937) acc: 6.2500 (6.2500) time: 1.4423 data: 0.8951 max mem: 21099
Epoch: [189] [0/7] eta: 0:00:10 lr: 0.00025 pcs/s: 414.851 loss: 6.0469 (6.0469) acc: 11.2500 (11.2500) time: 1.4419 data: 1.0560 max mem: 21099
Epoch: [189] Total time: 0:00:03
mean accuray of epoch 189 is 5.803571428571429
Epoch: [189] Total time: 0:00:03
mean accuray of epoch 189 is 7.5
Epoch: [190] [0/7] eta: 0:00:09 lr: 0.00025 pcs/s: 354.442 loss: 6.0523 (6.0523) acc: 6.8750 (6.8750) time: 1.3280 data: 0.8763 max mem: 21099
Epoch: [190] [0/7] eta: 0:00:09 lr: 0.00025 pcs/s: 416.563 loss: 6.1607 (6.1607) acc: 6.8750 (6.8750) time: 1.3277 data: 0.9433 max mem: 21099
Epoch: [190] Total time: 0:00:03
Epoch: [190] Total time: 0:00:03
mean accuray of epoch 190 is 6.428571428571429
mean accuray of epoch 190 is 7.142857142857143
Epoch: [191] [0/7] eta: 0:00:09 lr: 0.00025 pcs/s: 342.943 loss: 6.0545 (6.0545) acc: 6.8750 (6.8750) time: 1.3644 data: 0.8976 max mem: 21099
Epoch: [191] [0/7] eta: 0:00:09 lr: 0.00025 pcs/s: 412.071 loss: 6.2367 (6.2367) acc: 6.8750 (6.8750) time: 1.3643 data: 0.9757 max mem: 21099
Epoch: [191] Total time: 0:00:03
mean accuray of epoch 191 is 6.339285714285714
Epoch: [191] Total time: 0:00:03
mean accuray of epoch 191 is 6.696428571428571
Epoch: [192] [0/7] eta: 0:00:09 lr: 0.00025 pcs/s: 363.695 loss: 6.0901 (6.0901) acc: 5.6250 (5.6250) time: 1.3141 data: 0.8740 max mem: 21099
Epoch: [192] [0/7] eta: 0:00:09 lr: 0.00025 pcs/s: 427.893 loss: 6.3010 (6.3010) acc: 6.2500 (6.2500) time: 1.3139 data: 0.9397 max mem: 21099
Epoch: [192] Total time: 0:00:03
Epoch: [192] Total time: 0:00:03
mean accuray of epoch 192 is 7.142857142857143
mean accuray of epoch 192 is 7.767857142857143
Epoch: [193] [0/7] eta: 0:00:08 lr: 0.00025 pcs/s: 415.957 loss: 6.2209 (6.2209) acc: 3.1250 (3.1250) time: 1.1705 data: 0.7857 max mem: 21099
Epoch: [193] [0/7] eta: 0:00:08 lr: 0.00025 pcs/s: 379.235 loss: 6.0583 (6.0583) acc: 9.3750 (9.3750) time: 1.1704 data: 0.7482 max mem: 21099
Epoch: [193] Total time: 0:00:03
mean accuray of epoch 193 is 6.785714285714286
Epoch: [193] Total time: 0:00:03
mean accuray of epoch 193 is 7.5
Epoch: [194] [0/7] eta: 0:00:08 lr: 0.00025 pcs/s: 412.041 loss: 6.1099 (6.1099) acc: 8.1250 (8.1250) time: 1.2411 data: 0.8525 max mem: 21099Epoch: [194] [0/7] eta: 0:00:08 lr: 0.00025 pcs/s: 415.422 loss: 5.9500 (5.9500) acc: 8.7500 (8.7500) time: 1.2415 data: 0.8561 max mem: 21099

Epoch: [194] Total time: 0:00:03
mean accuray of epoch 194 is 6.875
Epoch: [194] Total time: 0:00:03
mean accuray of epoch 194 is 6.964285714285714
Epoch: [195] [0/7] eta: 0:00:09 lr: 0.00025 pcs/s: 388.209 loss: 6.0407 (6.0407) acc: 7.5000 (7.5000) time: 1.3097 data: 0.8973 max mem: 21099
Epoch: [195] [0/7] eta: 0:00:09 lr: 0.00025 pcs/s: 417.951 loss: 6.3387 (6.3387) acc: 6.2500 (6.2500) time: 1.3095 data: 0.9264 max mem: 21099
Epoch: [195] Total time: 0:00:03
mean accuray of epoch 195 is 7.232142857142857
Epoch: [195] Total time: 0:00:03
mean accuray of epoch 195 is 6.428571428571429
Epoch: [196] [0/7] eta: 0:00:08 lr: 0.00025 pcs/s: 411.050 loss: 6.0888 (6.0888) acc: 8.7500 (8.7500) time: 1.1705 data: 0.7810 max mem: 21099Epoch: [196] [0/7] eta: 0:00:08 lr: 0.00025 pcs/s: 419.156 loss: 6.1568 (6.1568) acc: 10.0000 (10.0000) time: 1.1703 data: 0.7883 max mem: 21099

Epoch: [196] Total time: 0:00:03Epoch: [196] Total time: 0:00:03

mean accuray of epoch 196 is 8.303571428571429
mean accuray of epoch 196 is 6.785714285714286
Epoch: [197] [0/7] eta: 0:00:07 lr: 0.00025 pcs/s: 390.339 loss: 6.1672 (6.1672) acc: 9.3750 (9.3750) time: 1.1268 data: 0.7167 max mem: 21099
Epoch: [197] [0/7] eta: 0:00:07 lr: 0.00025 pcs/s: 419.576 loss: 6.2050 (6.2050) acc: 4.3750 (4.3750) time: 1.1269 data: 0.7453 max mem: 21099
Epoch: [197] Total time: 0:00:03
Epoch: [197] Total time: 0:00:03
mean accuray of epoch 197 is 6.25
mean accuray of epoch 197 is 6.517857142857143
Epoch: [198] [0/7] eta: 0:00:09 lr: 0.00025 pcs/s: 385.168 loss: 6.0539 (6.0539) acc: 8.1250 (8.1250) time: 1.3531 data: 0.9374 max mem: 21099
Epoch: [198] [0/7] eta: 0:00:09 lr: 0.00025 pcs/s: 419.429 loss: 6.0261 (6.0261) acc: 6.2500 (6.2500) time: 1.3530 data: 0.9713 max mem: 21099
Epoch: [198] Total time: 0:00:03
Epoch: [198] Total time: 0:00:03
mean accuray of epoch 198 is 6.25
mean accuray of epoch 198 is 6.071428571428571
Epoch: [199] [0/7] eta: 0:00:08 lr: 0.00025 pcs/s: 387.432 loss: 6.1872 (6.1872) acc: 5.6250 (5.6250) time: 1.2405 data: 0.8273 max mem: 21099
Epoch: [199] [0/7] eta: 0:00:08 lr: 0.00025 pcs/s: 345.384 loss: 6.2651 (6.2651) acc: 4.3750 (4.3750) time: 1.2404 data: 0.7768 max mem: 21099
Epoch: [199] Total time: 0:00:03
Epoch: [199] Total time: 0:00:03
mean accuray of epoch 199 is 6.785714285714286
Total training time: 0:13:29
mean accuray of epoch 199 is 6.964285714285714
Total training time: 0:13:29
